{"C:\\nowa platforma\\athletics-platform\\backend\\src\\app.controller.ts": {"path":"C:\\nowa platforma\\athletics-platform\\backend\\src\\app.controller.ts","statementMap":{"0":{"start":{"line":1,"column":0},"end":{"line":1,"column":49}},"1":{"start":{"line":2,"column":0},"end":{"line":2,"column":43}},"2":{"start":{"line":5,"column":7},"end":{"line":12,"column":null}},"3":{"start":{"line":6,"column":31},"end":{"line":6,"column":43}},"4":{"start":{"line":10,"column":4},"end":{"line":10,"column":38}},"5":{"start":{"line":5,"column":13},"end":{"line":5,"column":26}},"6":{"start":{"line":9,"column":2},"end":{"line":11,"column":null}},"7":{"start":{"line":5,"column":13},"end":{"line":12,"column":null}}},"fnMap":{"0":{"name":"(anonymous_2)","decl":{"start":{"line":6,"column":2},"end":{"line":6,"column":31}},"loc":{"start":{"line":6,"column":53},"end":{"line":6,"column":57}}},"1":{"name":"(anonymous_3)","decl":{"start":{"line":9,"column":2},"end":{"line":9,"column":10}},"loc":{"start":{"line":9,"column":10},"end":{"line":11,"column":3}}}},"branchMap":{},"s":{"0":1,"1":1,"2":1,"3":1,"4":1,"5":1,"6":1,"7":1},"f":{"0":1,"1":1},"b":{}}
,"C:\\nowa platforma\\athletics-platform\\backend\\src\\app.module.ts": {"path":"C:\\nowa platforma\\athletics-platform\\backend\\src\\app.module.ts","statementMap":{"0":{"start":{"line":1,"column":0},"end":{"line":1,"column":52}},"1":{"start":{"line":2,"column":0},"end":{"line":2,"column":40}},"2":{"start":{"line":3,"column":0},"end":{"line":3,"column":46}},"3":{"start":{"line":4,"column":0},"end":{"line":4,"column":70}},"4":{"start":{"line":5,"column":0},"end":{"line":5,"column":57}},"5":{"start":{"line":6,"column":0},"end":{"line":6,"column":68}},"6":{"start":{"line":7,"column":0},"end":{"line":7,"column":28}},"7":{"start":{"line":8,"column":0},"end":{"line":8,"column":49}},"8":{"start":{"line":9,"column":0},"end":{"line":9,"column":43}},"9":{"start":{"line":10,"column":0},"end":{"line":10,"column":60}},"10":{"start":{"line":11,"column":0},"end":{"line":11,"column":48}},"11":{"start":{"line":12,"column":0},"end":{"line":12,"column":80}},"12":{"start":{"line":13,"column":0},"end":{"line":13,"column":77}},"13":{"start":{"line":14,"column":0},"end":{"line":14,"column":87}},"14":{"start":{"line":15,"column":0},"end":{"line":15,"column":80}},"15":{"start":{"line":16,"column":0},"end":{"line":16,"column":72}},"16":{"start":{"line":17,"column":0},"end":{"line":17,"column":63}},"17":{"start":{"line":18,"column":0},"end":{"line":18,"column":54}},"18":{"start":{"line":19,"column":0},"end":{"line":19,"column":66}},"19":{"start":{"line":20,"column":0},"end":{"line":20,"column":62}},"20":{"start":{"line":21,"column":0},"end":{"line":21,"column":71}},"21":{"start":{"line":22,"column":0},"end":{"line":22,"column":72}},"22":{"start":{"line":23,"column":0},"end":{"line":23,"column":54}},"23":{"start":{"line":24,"column":0},"end":{"line":24,"column":57}},"24":{"start":{"line":25,"column":0},"end":{"line":25,"column":75}},"25":{"start":{"line":26,"column":0},"end":{"line":26,"column":68}},"26":{"start":{"line":27,"column":0},"end":{"line":27,"column":57}},"27":{"start":{"line":28,"column":0},"end":{"line":28,"column":51}},"28":{"start":{"line":98,"column":7},"end":{"line":98,"column":null}},"29":{"start":{"line":98,"column":13},"end":{"line":98,"column":22}},"30":{"start":{"line":98,"column":13},"end":{"line":98,"column":null}},"31":{"start":{"line":89,"column":8},"end":{"line":89,"column":47}}},"fnMap":{"0":{"name":"(anonymous_1)","decl":{"start":{"line":88,"column":18},"end":{"line":88,"column":19}},"loc":{"start":{"line":89,"column":8},"end":{"line":89,"column":47}}}},"branchMap":{},"s":{"0":0,"1":0,"2":0,"3":0,"4":0,"5":0,"6":0,"7":0,"8":0,"9":0,"10":0,"11":0,"12":0,"13":0,"14":0,"15":0,"16":0,"17":0,"18":0,"19":0,"20":0,"21":0,"22":0,"23":0,"24":0,"25":0,"26":0,"27":0,"28":0,"29":0,"30":0,"31":0},"f":{"0":0},"b":{}}
,"C:\\nowa platforma\\athletics-platform\\backend\\src\\app.service.ts": {"path":"C:\\nowa platforma\\athletics-platform\\backend\\src\\app.service.ts","statementMap":{"0":{"start":{"line":1,"column":0},"end":{"line":1,"column":44}},"1":{"start":{"line":4,"column":7},"end":{"line":8,"column":null}},"2":{"start":{"line":6,"column":4},"end":{"line":6,"column":26}},"3":{"start":{"line":4,"column":13},"end":{"line":4,"column":23}},"4":{"start":{"line":4,"column":13},"end":{"line":8,"column":null}}},"fnMap":{"0":{"name":"(anonymous_1)","decl":{"start":{"line":5,"column":2},"end":{"line":5,"column":10}},"loc":{"start":{"line":5,"column":10},"end":{"line":7,"column":3}}}},"branchMap":{},"s":{"0":1,"1":1,"2":1,"3":1,"4":1},"f":{"0":1},"b":{}}
,"C:\\nowa platforma\\athletics-platform\\backend\\src\\main.ts": {"path":"C:\\nowa platforma\\athletics-platform\\backend\\src\\main.ts","statementMap":{"0":{"start":{"line":1,"column":0},"end":{"line":1,"column":56}},"1":{"start":{"line":2,"column":0},"end":{"line":2,"column":43}},"2":{"start":{"line":3,"column":0},"end":{"line":3,"column":41}},"3":{"start":{"line":4,"column":0},"end":{"line":4,"column":77}},"4":{"start":{"line":5,"column":0},"end":{"line":5,"column":77}},"5":{"start":{"line":6,"column":0},"end":{"line":6,"column":87}},"6":{"start":{"line":7,"column":0},"end":{"line":7,"column":80}},"7":{"start":{"line":10,"column":17},"end":{"line":10,"column":40}},"8":{"start":{"line":11,"column":14},"end":{"line":11,"column":49}},"9":{"start":{"line":14,"column":2},"end":{"line":20,"column":4}},"10":{"start":{"line":23,"column":25},"end":{"line":23,"column":55}},"11":{"start":{"line":24,"column":2},"end":{"line":27,"column":4}},"12":{"start":{"line":30,"column":2},"end":{"line":30,"column":58}},"13":{"start":{"line":35,"column":2},"end":{"line":46,"column":5}},"14":{"start":{"line":48,"column":15},"end":{"line":48,"column":39}},"15":{"start":{"line":49,"column":2},"end":{"line":49,"column":25}},"16":{"start":{"line":50,"column":2},"end":{"line":50,"column":63}},"17":{"start":{"line":52,"column":0},"end":{"line":52,"column":12}}},"fnMap":{"0":{"name":"bootstrap","decl":{"start":{"line":9,"column":15},"end":{"line":9,"column":24}},"loc":{"start":{"line":9,"column":24},"end":{"line":51,"column":1}}}},"branchMap":{"0":{"loc":{"start":{"line":36,"column":12},"end":{"line":36,"column":63}},"type":"binary-expr","locations":[{"start":{"line":36,"column":12},"end":{"line":36,"column":36}},{"start":{"line":36,"column":40},"end":{"line":36,"column":63}}]},"1":{"loc":{"start":{"line":48,"column":15},"end":{"line":48,"column":39}},"type":"binary-expr","locations":[{"start":{"line":48,"column":15},"end":{"line":48,"column":31}},{"start":{"line":48,"column":35},"end":{"line":48,"column":39}}]}},"s":{"0":0,"1":0,"2":0,"3":0,"4":0,"5":0,"6":0,"7":0,"8":0,"9":0,"10":0,"11":0,"12":0,"13":0,"14":0,"15":0,"16":0,"17":0},"f":{"0":0},"b":{"0":[0,0],"1":[0,0]}}
,"C:\\nowa platforma\\athletics-platform\\backend\\src\\athletes\\athletes.controller.ts": {"path":"C:\\nowa platforma\\athletics-platform\\backend\\src\\athletes\\athletes.controller.ts","statementMap":{"0":{"start":{"line":1,"column":0},"end":{"line":1,"column":null}},"1":{"start":{"line":14,"column":0},"end":{"line":14,"column":59}},"2":{"start":{"line":16,"column":0},"end":{"line":16,"column":53}},"3":{"start":{"line":17,"column":0},"end":{"line":17,"column":60}},"4":{"start":{"line":18,"column":0},"end":{"line":18,"column":60}},"5":{"start":{"line":19,"column":0},"end":{"line":19,"column":61}},"6":{"start":{"line":20,"column":0},"end":{"line":20,"column":56}},"7":{"start":{"line":21,"column":0},"end":{"line":21,"column":59}},"8":{"start":{"line":22,"column":0},"end":{"line":22,"column":61}},"9":{"start":{"line":26,"column":7},"end":{"line":138,"column":null}},"10":{"start":{"line":27,"column":31},"end":{"line":27,"column":48}},"11":{"start":{"line":32,"column":4},"end":{"line":32,"column":57}},"12":{"start":{"line":42,"column":4},"end":{"line":44,"column":5}},"13":{"start":{"line":43,"column":6},"end":{"line":43,"column":53}},"14":{"start":{"line":46,"column":4},"end":{"line":48,"column":5}},"15":{"start":{"line":47,"column":6},"end":{"line":47,"column":59}},"16":{"start":{"line":50,"column":4},"end":{"line":52,"column":5}},"17":{"start":{"line":51,"column":6},"end":{"line":51,"column":55}},"18":{"start":{"line":54,"column":4},"end":{"line":54,"column":42}},"19":{"start":{"line":59,"column":4},"end":{"line":59,"column":53}},"20":{"start":{"line":65,"column":4},"end":{"line":65,"column":44}},"21":{"start":{"line":71,"column":4},"end":{"line":71,"column":52}},"22":{"start":{"line":77,"column":4},"end":{"line":77,"column":61}},"23":{"start":{"line":83,"column":4},"end":{"line":83,"column":43}},"24":{"start":{"line":94,"column":4},"end":{"line":96,"column":5}},"25":{"start":{"line":95,"column":6},"end":{"line":95,"column":42}},"26":{"start":{"line":98,"column":4},"end":{"line":102,"column":6}},"27":{"start":{"line":112,"column":4},"end":{"line":112,"column":65}},"28":{"start":{"line":123,"column":4},"end":{"line":129,"column":6}},"29":{"start":{"line":135,"column":23},"end":{"line":135,"column":56}},"30":{"start":{"line":136,"column":4},"end":{"line":136,"column":61}},"31":{"start":{"line":26,"column":13},"end":{"line":26,"column":31}},"32":{"start":{"line":31,"column":2},"end":{"line":33,"column":null}},"33":{"start":{"line":37,"column":2},"end":{"line":55,"column":null}},"34":{"start":{"line":58,"column":2},"end":{"line":60,"column":null}},"35":{"start":{"line":64,"column":2},"end":{"line":66,"column":null}},"36":{"start":{"line":70,"column":2},"end":{"line":72,"column":null}},"37":{"start":{"line":76,"column":2},"end":{"line":78,"column":null}},"38":{"start":{"line":82,"column":2},"end":{"line":84,"column":null}},"39":{"start":{"line":89,"column":8},"end":{"line":103,"column":null}},"40":{"start":{"line":108,"column":2},"end":{"line":113,"column":null}},"41":{"start":{"line":116,"column":2},"end":{"line":130,"column":null}},"42":{"start":{"line":134,"column":2},"end":{"line":137,"column":null}},"43":{"start":{"line":26,"column":13},"end":{"line":138,"column":null}}},"fnMap":{"0":{"name":"(anonymous_4)","decl":{"start":{"line":27,"column":2},"end":{"line":27,"column":31}},"loc":{"start":{"line":27,"column":63},"end":{"line":27,"column":67}}},"1":{"name":"(anonymous_5)","decl":{"start":{"line":31,"column":2},"end":{"line":31,"column":8}},"loc":{"start":{"line":31,"column":51},"end":{"line":33,"column":3}}},"2":{"name":"(anonymous_6)","decl":{"start":{"line":37,"column":2},"end":{"line":37,"column":9}},"loc":{"start":{"line":40,"column":48},"end":{"line":55,"column":3}}},"3":{"name":"(anonymous_7)","decl":{"start":{"line":58,"column":2},"end":{"line":58,"column":13}},"loc":{"start":{"line":58,"column":47},"end":{"line":60,"column":3}}},"4":{"name":"(anonymous_8)","decl":{"start":{"line":64,"column":2},"end":{"line":64,"column":9}},"loc":{"start":{"line":64,"column":33},"end":{"line":66,"column":3}}},"5":{"name":"(anonymous_9)","decl":{"start":{"line":70,"column":2},"end":{"line":70,"column":10}},"loc":{"start":{"line":70,"column":34},"end":{"line":72,"column":3}}},"6":{"name":"(anonymous_10)","decl":{"start":{"line":76,"column":2},"end":{"line":76,"column":8}},"loc":{"start":{"line":76,"column":76},"end":{"line":78,"column":3}}},"7":{"name":"(anonymous_11)","decl":{"start":{"line":82,"column":2},"end":{"line":82,"column":8}},"loc":{"start":{"line":82,"column":32},"end":{"line":84,"column":3}}},"8":{"name":"(anonymous_12)","decl":{"start":{"line":89,"column":2},"end":{"line":89,"column":7}},"loc":{"start":{"line":92,"column":59},"end":{"line":103,"column":3}}},"9":{"name":"(anonymous_13)","decl":{"start":{"line":108,"column":2},"end":{"line":108,"column":19}},"loc":{"start":{"line":110,"column":38},"end":{"line":113,"column":3}}},"10":{"name":"(anonymous_14)","decl":{"start":{"line":116,"column":2},"end":{"line":116,"column":20}},"loc":{"start":{"line":121,"column":40},"end":{"line":130,"column":3}}},"11":{"name":"(anonymous_15)","decl":{"start":{"line":134,"column":2},"end":{"line":134,"column":18}},"loc":{"start":{"line":134,"column":47},"end":{"line":137,"column":3}}}},"branchMap":{"0":{"loc":{"start":{"line":42,"column":4},"end":{"line":44,"column":5}},"type":"if","locations":[{"start":{"line":42,"column":4},"end":{"line":44,"column":5}}]},"1":{"loc":{"start":{"line":46,"column":4},"end":{"line":48,"column":5}},"type":"if","locations":[{"start":{"line":46,"column":4},"end":{"line":48,"column":5}}]},"2":{"loc":{"start":{"line":50,"column":4},"end":{"line":52,"column":5}},"type":"if","locations":[{"start":{"line":50,"column":4},"end":{"line":52,"column":5}}]},"3":{"loc":{"start":{"line":91,"column":20},"end":{"line":91,"column":70}},"type":"default-arg","locations":[{"start":{"line":91,"column":64},"end":{"line":91,"column":70}}]},"4":{"loc":{"start":{"line":92,"column":28},"end":{"line":92,"column":59}},"type":"default-arg","locations":[{"start":{"line":92,"column":54},"end":{"line":92,"column":59}}]},"5":{"loc":{"start":{"line":94,"column":4},"end":{"line":96,"column":5}},"type":"if","locations":[{"start":{"line":94,"column":4},"end":{"line":96,"column":5}}]},"6":{"loc":{"start":{"line":118,"column":21},"end":{"line":118,"column":47}},"type":"default-arg","locations":[{"start":{"line":118,"column":43},"end":{"line":118,"column":47}}]},"7":{"loc":{"start":{"line":121,"column":20},"end":{"line":121,"column":40}},"type":"default-arg","locations":[{"start":{"line":121,"column":36},"end":{"line":121,"column":40}}]},"8":{"loc":{"start":{"line":135,"column":23},"end":{"line":135,"column":56}},"type":"cond-expr","locations":[{"start":{"line":135,"column":30},"end":{"line":135,"column":44}},{"start":{"line":135,"column":47},"end":{"line":135,"column":56}}]}},"s":{"0":0,"1":0,"2":0,"3":0,"4":0,"5":0,"6":0,"7":0,"8":0,"9":0,"10":0,"11":0,"12":0,"13":0,"14":0,"15":0,"16":0,"17":0,"18":0,"19":0,"20":0,"21":0,"22":0,"23":0,"24":0,"25":0,"26":0,"27":0,"28":0,"29":0,"30":0,"31":0,"32":0,"33":0,"34":0,"35":0,"36":0,"37":0,"38":0,"39":0,"40":0,"41":0,"42":0,"43":0},"f":{"0":0,"1":0,"2":0,"3":0,"4":0,"5":0,"6":0,"7":0,"8":0,"9":0,"10":0,"11":0},"b":{"0":[0],"1":[0],"2":[0],"3":[0],"4":[0],"5":[0],"6":[0],"7":[0],"8":[0,0]}}
,"C:\\nowa platforma\\athletics-platform\\backend\\src\\athletes\\athletes.module.ts": {"path":"C:\\nowa platforma\\athletics-platform\\backend\\src\\athletes\\athletes.module.ts","statementMap":{"0":{"start":{"line":1,"column":0},"end":{"line":1,"column":40}},"1":{"start":{"line":2,"column":0},"end":{"line":2,"column":53}},"2":{"start":{"line":3,"column":0},"end":{"line":3,"column":59}},"3":{"start":{"line":4,"column":0},"end":{"line":4,"column":55}},"4":{"start":{"line":12,"column":7},"end":{"line":12,"column":null}},"5":{"start":{"line":12,"column":13},"end":{"line":12,"column":27}},"6":{"start":{"line":12,"column":13},"end":{"line":12,"column":null}}},"fnMap":{},"branchMap":{},"s":{"0":0,"1":0,"2":0,"3":0,"4":0,"5":0,"6":0},"f":{},"b":{}}
,"C:\\nowa platforma\\athletics-platform\\backend\\src\\athletes\\athletes.service.ts": {"path":"C:\\nowa platforma\\athletics-platform\\backend\\src\\athletes\\athletes.service.ts","statementMap":{"0":{"start":{"line":1,"column":0},"end":{"line":1,"column":52}},"1":{"start":{"line":2,"column":0},"end":{"line":2,"column":34}},"2":{"start":{"line":3,"column":0},"end":{"line":3,"column":36}},"3":{"start":{"line":4,"column":0},"end":{"line":4,"column":34}},"4":{"start":{"line":5,"column":0},"end":{"line":5,"column":57}},"5":{"start":{"line":21,"column":28},"end":{"line":844,"column":null}},"6":{"start":{"line":22,"column":28},"end":{"line":22,"column":60}},"7":{"start":{"line":24,"column":22},"end":{"line":24,"column":30}},"8":{"start":{"line":27,"column":4},"end":{"line":33,"column":7}},"9":{"start":{"line":37,"column":4},"end":{"line":58,"column":7}},"10":{"start":{"line":62,"column":4},"end":{"line":103,"column":7}},"11":{"start":{"line":107,"column":4},"end":{"line":122,"column":7}},"12":{"start":{"line":127,"column":28},"end":{"line":142,"column":6}},"13":{"start":{"line":143,"column":4},"end":{"line":145,"column":5}},"14":{"start":{"line":144,"column":6},"end":{"line":144,"column":61}},"15":{"start":{"line":147,"column":4},"end":{"line":168,"column":7}},"16":{"start":{"line":173,"column":70},"end":{"line":179,"column":6}},"17":{"start":{"line":181,"column":25},"end":{"line":181,"column":56}},"18":{"start":{"line":182,"column":4},"end":{"line":184,"column":5}},"19":{"start":{"line":183,"column":6},"end":{"line":183,"column":57}},"20":{"start":{"line":186,"column":4},"end":{"line":191,"column":7}},"21":{"start":{"line":195,"column":4},"end":{"line":200,"column":7}},"22":{"start":{"line":204,"column":28},"end":{"line":206,"column":6}},"23":{"start":{"line":208,"column":4},"end":{"line":210,"column":5}},"24":{"start":{"line":209,"column":6},"end":{"line":209,"column":70}},"25":{"start":{"line":212,"column":4},"end":{"line":215,"column":7}},"26":{"start":{"line":219,"column":4},"end":{"line":221,"column":7}},"27":{"start":{"line":225,"column":20},"end":{"line":235,"column":6}},"28":{"start":{"line":237,"column":4},"end":{"line":239,"column":5}},"29":{"start":{"line":238,"column":6},"end":{"line":238,"column":18}},"30":{"start":{"line":241,"column":26},"end":{"line":242,"column":null}},"31":{"start":{"line":242,"column":18},"end":{"line":242,"column":39}},"32":{"start":{"line":244,"column":24},"end":{"line":244,"column":79}},"33":{"start":{"line":244,"column":59},"end":{"line":244,"column":78}},"34":{"start":{"line":245,"column":30},"end":{"line":245,"column":58}},"35":{"start":{"line":246,"column":25},"end":{"line":246,"column":47}},"36":{"start":{"line":248,"column":4},"end":{"line":265,"column":6}},"37":{"start":{"line":255,"column":55},"end":{"line":255,"column":73}},"38":{"start":{"line":257,"column":52},"end":{"line":257,"column":67}},"39":{"start":{"line":262,"column":12},"end":{"line":262,"column":77}},"40":{"start":{"line":273,"column":35},"end":{"line":278,"column":6}},"41":{"start":{"line":280,"column":4},"end":{"line":325,"column":5}},"42":{"start":{"line":281,"column":22},"end":{"line":281,"column":53}},"43":{"start":{"line":284,"column":27},"end":{"line":284,"column":33}},"44":{"start":{"line":285,"column":6},"end":{"line":287,"column":7}},"45":{"start":{"line":286,"column":8},"end":{"line":286,"column":55}},"46":{"start":{"line":289,"column":6},"end":{"line":320,"column":7}},"47":{"start":{"line":290,"column":8},"end":{"line":319,"column":9}},"48":{"start":{"line":291,"column":30},"end":{"line":293,"column":null}},"49":{"start":{"line":296,"column":10},"end":{"line":299,"column":11}},"50":{"start":{"line":297,"column":12},"end":{"line":297,"column":30}},"51":{"start":{"line":298,"column":12},"end":{"line":298,"column":21}},"52":{"start":{"line":302,"column":34},"end":{"line":302,"column":77}},"53":{"start":{"line":304,"column":10},"end":{"line":314,"column":11}},"54":{"start":{"line":305,"column":12},"end":{"line":310,"column":13}},"55":{"start":{"line":306,"column":14},"end":{"line":306,"column":65}},"56":{"start":{"line":307,"column":14},"end":{"line":307,"column":32}},"57":{"start":{"line":309,"column":14},"end":{"line":309,"column":32}},"58":{"start":{"line":312,"column":12},"end":{"line":312,"column":43}},"59":{"start":{"line":313,"column":12},"end":{"line":313,"column":31}},"60":{"start":{"line":317,"column":12},"end":{"line":317,"column":68}},"61":{"start":{"line":318,"column":10},"end":{"line":318,"column":60}},"62":{"start":{"line":323,"column":8},"end":{"line":323,"column":64}},"63":{"start":{"line":324,"column":6},"end":{"line":324,"column":64}},"64":{"start":{"line":327,"column":4},"end":{"line":327,"column":19}},"65":{"start":{"line":331,"column":4},"end":{"line":360,"column":7}},"66":{"start":{"line":332,"column":32},"end":{"line":332,"column":34}},"67":{"start":{"line":336,"column":6},"end":{"line":351,"column":7}},"68":{"start":{"line":338,"column":8},"end":{"line":338,"column":47}},"69":{"start":{"line":340,"column":8},"end":{"line":347,"column":9}},"70":{"start":{"line":342,"column":10},"end":{"line":342,"column":61}},"71":{"start":{"line":344,"column":10},"end":{"line":346,"column":11}},"72":{"start":{"line":345,"column":12},"end":{"line":345,"column":61}},"73":{"start":{"line":350,"column":8},"end":{"line":350,"column":47}},"74":{"start":{"line":353,"column":21},"end":{"line":353,"column":43}},"75":{"start":{"line":355,"column":6},"end":{"line":359,"column":47}},"76":{"start":{"line":357,"column":38},"end":{"line":357,"column":56}},"77":{"start":{"line":358,"column":25},"end":{"line":358,"column":41}},"78":{"start":{"line":359,"column":32},"end":{"line":359,"column":45}},"79":{"start":{"line":365,"column":24},"end":{"line":365,"column":75}},"80":{"start":{"line":366,"column":33},"end":{"line":372,"column":6}},"81":{"start":{"line":374,"column":27},"end":{"line":375,"column":null}},"82":{"start":{"line":375,"column":6},"end":{"line":375,"column":57}},"83":{"start":{"line":377,"column":36},"end":{"line":378,"column":null}},"84":{"start":{"line":378,"column":6},"end":{"line":378,"column":57}},"85":{"start":{"line":381,"column":4},"end":{"line":385,"column":5}},"86":{"start":{"line":382,"column":6},"end":{"line":382,"column":20}},"87":{"start":{"line":383,"column":11},"end":{"line":385,"column":5}},"88":{"start":{"line":384,"column":6},"end":{"line":384,"column":29}},"89":{"start":{"line":388,"column":4},"end":{"line":388,"column":18}},"90":{"start":{"line":395,"column":4},"end":{"line":404,"column":5}},"91":{"start":{"line":396,"column":6},"end":{"line":400,"column":7}},"92":{"start":{"line":397,"column":8},"end":{"line":397,"column":39}},"93":{"start":{"line":399,"column":8},"end":{"line":399,"column":48}},"94":{"start":{"line":402,"column":6},"end":{"line":402,"column":57}},"95":{"start":{"line":403,"column":6},"end":{"line":403,"column":18}},"96":{"start":{"line":409,"column":22},"end":{"line":409,"column":47}},"97":{"start":{"line":410,"column":21},"end":{"line":410,"column":50}},"98":{"start":{"line":411,"column":24},"end":{"line":411,"column":51}},"99":{"start":{"line":412,"column":17},"end":{"line":412,"column":42}},"100":{"start":{"line":414,"column":4},"end":{"line":416,"column":5}},"101":{"start":{"line":415,"column":6},"end":{"line":415,"column":18}},"102":{"start":{"line":419,"column":22},"end":{"line":419,"column":44}},"103":{"start":{"line":421,"column":6},"end":{"line":423,"column":16}},"104":{"start":{"line":426,"column":21},"end":{"line":426,"column":56}},"105":{"start":{"line":428,"column":4},"end":{"line":436,"column":6}},"106":{"start":{"line":441,"column":22},"end":{"line":441,"column":52}},"107":{"start":{"line":442,"column":21},"end":{"line":442,"column":50}},"108":{"start":{"line":443,"column":24},"end":{"line":443,"column":56}},"109":{"start":{"line":444,"column":17},"end":{"line":444,"column":46}},"110":{"start":{"line":445,"column":19},"end":{"line":445,"column":46}},"111":{"start":{"line":446,"column":24},"end":{"line":446,"column":56}},"112":{"start":{"line":448,"column":4},"end":{"line":450,"column":5}},"113":{"start":{"line":449,"column":6},"end":{"line":449,"column":18}},"114":{"start":{"line":454,"column":6},"end":{"line":454,"column":74}},"115":{"start":{"line":457,"column":21},"end":{"line":457,"column":56}},"116":{"start":{"line":459,"column":4},"end":{"line":467,"column":6}},"117":{"start":{"line":487,"column":22},"end":{"line":487,"column":57}},"118":{"start":{"line":488,"column":24},"end":{"line":488,"column":48}},"119":{"start":{"line":489,"column":16},"end":{"line":489,"column":39}},"120":{"start":{"line":491,"column":4},"end":{"line":491,"column":32}},"121":{"start":{"line":491,"column":19},"end":{"line":491,"column":32}},"122":{"start":{"line":492,"column":4},"end":{"line":492,"column":32}},"123":{"start":{"line":492,"column":19},"end":{"line":492,"column":32}},"124":{"start":{"line":493,"column":4},"end":{"line":493,"column":32}},"125":{"start":{"line":493,"column":19},"end":{"line":493,"column":32}},"126":{"start":{"line":494,"column":4},"end":{"line":494,"column":34}},"127":{"start":{"line":494,"column":18},"end":{"line":494,"column":34}},"128":{"start":{"line":495,"column":4},"end":{"line":495,"column":31}},"129":{"start":{"line":495,"column":18},"end":{"line":495,"column":31}},"130":{"start":{"line":496,"column":4},"end":{"line":496,"column":31}},"131":{"start":{"line":496,"column":18},"end":{"line":496,"column":31}},"132":{"start":{"line":497,"column":4},"end":{"line":497,"column":31}},"133":{"start":{"line":497,"column":18},"end":{"line":497,"column":31}},"134":{"start":{"line":498,"column":4},"end":{"line":498,"column":31}},"135":{"start":{"line":498,"column":18},"end":{"line":498,"column":31}},"136":{"start":{"line":499,"column":4},"end":{"line":499,"column":31}},"137":{"start":{"line":499,"column":18},"end":{"line":499,"column":31}},"138":{"start":{"line":500,"column":4},"end":{"line":500,"column":31}},"139":{"start":{"line":500,"column":18},"end":{"line":500,"column":31}},"140":{"start":{"line":501,"column":4},"end":{"line":501,"column":31}},"141":{"start":{"line":501,"column":18},"end":{"line":501,"column":31}},"142":{"start":{"line":502,"column":4},"end":{"line":502,"column":31}},"143":{"start":{"line":502,"column":18},"end":{"line":502,"column":31}},"144":{"start":{"line":503,"column":4},"end":{"line":503,"column":31}},"145":{"start":{"line":503,"column":18},"end":{"line":503,"column":31}},"146":{"start":{"line":504,"column":4},"end":{"line":504,"column":17}},"147":{"start":{"line":508,"column":4},"end":{"line":514,"column":7}},"148":{"start":{"line":529,"column":20},"end":{"line":536,"column":6}},"149":{"start":{"line":538,"column":4},"end":{"line":540,"column":5}},"150":{"start":{"line":539,"column":6},"end":{"line":539,"column":43}},"151":{"start":{"line":542,"column":24},"end":{"line":542,"column":48}},"152":{"start":{"line":543,"column":23},"end":{"line":543,"column":52}},"153":{"start":{"line":546,"column":27},"end":{"line":546,"column":62}},"154":{"start":{"line":547,"column":25},"end":{"line":547,"column":58}},"155":{"start":{"line":550,"column":22},"end":{"line":550,"column":46}},"156":{"start":{"line":552,"column":6},"end":{"line":552,"column":76}},"157":{"start":{"line":555,"column":22},"end":{"line":555,"column":44}},"158":{"start":{"line":557,"column":6},"end":{"line":560,"column":65}},"159":{"start":{"line":563,"column":4},"end":{"line":569,"column":5}},"160":{"start":{"line":564,"column":6},"end":{"line":568,"column":8}},"161":{"start":{"line":572,"column":4},"end":{"line":578,"column":5}},"162":{"start":{"line":573,"column":6},"end":{"line":577,"column":8}},"163":{"start":{"line":581,"column":4},"end":{"line":589,"column":5}},"164":{"start":{"line":582,"column":6},"end":{"line":588,"column":9}},"165":{"start":{"line":591,"column":4},"end":{"line":596,"column":6}},"166":{"start":{"line":608,"column":24},"end":{"line":608,"column":56}},"167":{"start":{"line":610,"column":4},"end":{"line":619,"column":5}},"168":{"start":{"line":612,"column":6},"end":{"line":615,"column":8}},"169":{"start":{"line":618,"column":6},"end":{"line":618,"column":63}},"170":{"start":{"line":626,"column":23},"end":{"line":642,"column":6}},"171":{"start":{"line":643,"column":4},"end":{"line":643,"column":42}},"172":{"start":{"line":651,"column":18},"end":{"line":651,"column":39}},"173":{"start":{"line":653,"column":4},"end":{"line":666,"column":5}},"174":{"start":{"line":655,"column":6},"end":{"line":655,"column":34}},"175":{"start":{"line":656,"column":11},"end":{"line":666,"column":5}},"176":{"start":{"line":658,"column":6},"end":{"line":658,"column":60}},"177":{"start":{"line":659,"column":11},"end":{"line":666,"column":5}},"178":{"start":{"line":661,"column":6},"end":{"line":665,"column":8}},"179":{"start":{"line":668,"column":4},"end":{"line":668,"column":34}},"180":{"start":{"line":675,"column":20},"end":{"line":684,"column":6}},"181":{"start":{"line":686,"column":4},"end":{"line":688,"column":5}},"182":{"start":{"line":687,"column":6},"end":{"line":687,"column":43}},"183":{"start":{"line":690,"column":27},"end":{"line":690,"column":62}},"184":{"start":{"line":691,"column":25},"end":{"line":691,"column":58}},"185":{"start":{"line":693,"column":4},"end":{"line":704,"column":5}},"186":{"start":{"line":694,"column":6},"end":{"line":703,"column":8}},"187":{"start":{"line":706,"column":4},"end":{"line":714,"column":6}},"188":{"start":{"line":727,"column":29},"end":{"line":727,"column":31}},"189":{"start":{"line":729,"column":4},"end":{"line":731,"column":5}},"190":{"start":{"line":730,"column":6},"end":{"line":730,"column":34}},"191":{"start":{"line":733,"column":4},"end":{"line":735,"column":5}},"192":{"start":{"line":734,"column":6},"end":{"line":734,"column":38}},"193":{"start":{"line":737,"column":21},"end":{"line":749,"column":6}},"194":{"start":{"line":752,"column":32},"end":{"line":768,"column":44}},"195":{"start":{"line":754,"column":31},"end":{"line":754,"column":66}},"196":{"start":{"line":755,"column":29},"end":{"line":755,"column":62}},"197":{"start":{"line":758,"column":10},"end":{"line":758,"column":77}},"198":{"start":{"line":760,"column":8},"end":{"line":760,"column":33}},"199":{"start":{"line":760,"column":21},"end":{"line":760,"column":33}},"200":{"start":{"line":762,"column":8},"end":{"line":766,"column":10}},"201":{"start":{"line":768,"column":27},"end":{"line":768,"column":43}},"202":{"start":{"line":771,"column":24},"end":{"line":771,"column":56}},"203":{"start":{"line":773,"column":4},"end":{"line":784,"column":7}},"204":{"start":{"line":774,"column":6},"end":{"line":783,"column":7}},"205":{"start":{"line":776,"column":8},"end":{"line":779,"column":10}},"206":{"start":{"line":782,"column":8},"end":{"line":782,"column":73}},"207":{"start":{"line":786,"column":4},"end":{"line":786,"column":47}},"208":{"start":{"line":793,"column":23},"end":{"line":793,"column":55}},"209":{"start":{"line":796,"column":21},"end":{"line":801,"column":6}},"210":{"start":{"line":804,"column":27},"end":{"line":805,"column":null}},"211":{"start":{"line":805,"column":19},"end":{"line":805,"column":47}},"212":{"start":{"line":808,"column":23},"end":{"line":808,"column":24}},"213":{"start":{"line":810,"column":4},"end":{"line":836,"column":5}},"214":{"start":{"line":811,"column":27},"end":{"line":811,"column":60}},"215":{"start":{"line":812,"column":26},"end":{"line":812,"column":31}},"216":{"start":{"line":815,"column":6},"end":{"line":823,"column":7}},"217":{"start":{"line":816,"column":23},"end":{"line":816,"column":45}},"218":{"start":{"line":817,"column":27},"end":{"line":817,"column":62}},"219":{"start":{"line":819,"column":8},"end":{"line":822,"column":9}},"220":{"start":{"line":820,"column":10},"end":{"line":820,"column":40}},"221":{"start":{"line":821,"column":10},"end":{"line":821,"column":31}},"222":{"start":{"line":826,"column":6},"end":{"line":835,"column":7}},"223":{"start":{"line":827,"column":8},"end":{"line":833,"column":11}},"224":{"start":{"line":834,"column":8},"end":{"line":834,"column":23}},"225":{"start":{"line":838,"column":4},"end":{"line":842,"column":6}},"226":{"start":{"line":21,"column":13},"end":{"line":21,"column":28}},"227":{"start":{"line":21,"column":13},"end":{"line":844,"column":null}}},"fnMap":{"0":{"name":"(anonymous_2)","decl":{"start":{"line":24,"column":2},"end":{"line":24,"column":22}},"loc":{"start":{"line":24,"column":43},"end":{"line":24,"column":47}}},"1":{"name":"(anonymous_3)","decl":{"start":{"line":26,"column":2},"end":{"line":26,"column":7}},"loc":{"start":{"line":26,"column":49},"end":{"line":34,"column":3}}},"2":{"name":"(anonymous_4)","decl":{"start":{"line":36,"column":2},"end":{"line":36,"column":7}},"loc":{"start":{"line":36,"column":15},"end":{"line":59,"column":3}}},"3":{"name":"(anonymous_5)","decl":{"start":{"line":61,"column":2},"end":{"line":61,"column":7}},"loc":{"start":{"line":61,"column":26},"end":{"line":104,"column":3}}},"4":{"name":"(anonymous_6)","decl":{"start":{"line":106,"column":2},"end":{"line":106,"column":7}},"loc":{"start":{"line":106,"column":35},"end":{"line":123,"column":3}}},"5":{"name":"(anonymous_7)","decl":{"start":{"line":125,"column":2},"end":{"line":125,"column":7}},"loc":{"start":{"line":125,"column":39},"end":{"line":169,"column":3}}},"6":{"name":"(anonymous_8)","decl":{"start":{"line":171,"column":2},"end":{"line":171,"column":7}},"loc":{"start":{"line":171,"column":35},"end":{"line":192,"column":3}}},"7":{"name":"(anonymous_9)","decl":{"start":{"line":194,"column":2},"end":{"line":194,"column":7}},"loc":{"start":{"line":194,"column":24},"end":{"line":201,"column":3}}},"8":{"name":"(anonymous_10)","decl":{"start":{"line":203,"column":2},"end":{"line":203,"column":7}},"loc":{"start":{"line":203,"column":61},"end":{"line":216,"column":3}}},"9":{"name":"(anonymous_11)","decl":{"start":{"line":218,"column":2},"end":{"line":218,"column":7}},"loc":{"start":{"line":218,"column":25},"end":{"line":222,"column":3}}},"10":{"name":"(anonymous_12)","decl":{"start":{"line":224,"column":2},"end":{"line":224,"column":7}},"loc":{"start":{"line":224,"column":34},"end":{"line":266,"column":3}}},"11":{"name":"(anonymous_13)","decl":{"start":{"line":242,"column":6},"end":{"line":242,"column":7}},"loc":{"start":{"line":242,"column":18},"end":{"line":242,"column":39}}},"12":{"name":"(anonymous_14)","decl":{"start":{"line":244,"column":47},"end":{"line":244,"column":48}},"loc":{"start":{"line":244,"column":59},"end":{"line":244,"column":78}}},"13":{"name":"(anonymous_15)","decl":{"start":{"line":255,"column":48},"end":{"line":255,"column":49}},"loc":{"start":{"line":255,"column":55},"end":{"line":255,"column":73}}},"14":{"name":"(anonymous_16)","decl":{"start":{"line":257,"column":45},"end":{"line":257,"column":46}},"loc":{"start":{"line":257,"column":52},"end":{"line":257,"column":67}}},"15":{"name":"(anonymous_17)","decl":{"start":{"line":261,"column":10},"end":{"line":261,"column":11}},"loc":{"start":{"line":262,"column":12},"end":{"line":262,"column":77}}},"16":{"name":"(anonymous_18)","decl":{"start":{"line":268,"column":2},"end":{"line":268,"column":7}},"loc":{"start":{"line":271,"column":35},"end":{"line":328,"column":3}}},"17":{"name":"(anonymous_19)","decl":{"start":{"line":330,"column":10},"end":{"line":330,"column":15}},"loc":{"start":{"line":330,"column":43},"end":{"line":361,"column":3}}},"18":{"name":"(anonymous_20)","decl":{"start":{"line":331,"column":23},"end":{"line":331,"column":24}},"loc":{"start":{"line":331,"column":43},"end":{"line":360,"column":5}}},"19":{"name":"(anonymous_21)","decl":{"start":{"line":357,"column":20},"end":{"line":357,"column":21}},"loc":{"start":{"line":357,"column":38},"end":{"line":357,"column":56}}},"20":{"name":"(anonymous_22)","decl":{"start":{"line":358,"column":19},"end":{"line":358,"column":22}},"loc":{"start":{"line":358,"column":25},"end":{"line":358,"column":41}}},"21":{"name":"(anonymous_23)","decl":{"start":{"line":359,"column":21},"end":{"line":359,"column":22}},"loc":{"start":{"line":359,"column":32},"end":{"line":359,"column":45}}},"22":{"name":"(anonymous_24)","decl":{"start":{"line":363,"column":10},"end":{"line":363,"column":22}},"loc":{"start":{"line":363,"column":39},"end":{"line":389,"column":3}}},"23":{"name":"(anonymous_25)","decl":{"start":{"line":374,"column":44},"end":{"line":374,"column":45}},"loc":{"start":{"line":375,"column":6},"end":{"line":375,"column":57}}},"24":{"name":"(anonymous_26)","decl":{"start":{"line":377,"column":62},"end":{"line":377,"column":63}},"loc":{"start":{"line":378,"column":6},"end":{"line":378,"column":57}}},"25":{"name":"(anonymous_27)","decl":{"start":{"line":391,"column":10},"end":{"line":391,"column":28}},"loc":{"start":{"line":393,"column":36},"end":{"line":405,"column":3}}},"26":{"name":"(anonymous_28)","decl":{"start":{"line":407,"column":10},"end":{"line":407,"column":23}},"loc":{"start":{"line":407,"column":35},"end":{"line":437,"column":3}}},"27":{"name":"(anonymous_29)","decl":{"start":{"line":439,"column":10},"end":{"line":439,"column":32}},"loc":{"start":{"line":439,"column":44},"end":{"line":468,"column":3}}},"28":{"name":"(anonymous_30)","decl":{"start":{"line":470,"column":10},"end":{"line":470,"column":27}},"loc":{"start":{"line":471,"column":23},"end":{"line":505,"column":3}}},"29":{"name":"(anonymous_31)","decl":{"start":{"line":507,"column":10},"end":{"line":507,"column":15}},"loc":{"start":{"line":507,"column":65},"end":{"line":515,"column":3}}},"30":{"name":"(anonymous_32)","decl":{"start":{"line":522,"column":2},"end":{"line":522,"column":7}},"loc":{"start":{"line":527,"column":27},"end":{"line":597,"column":3}}},"31":{"name":"(anonymous_33)","decl":{"start":{"line":602,"column":10},"end":{"line":602,"column":24}},"loc":{"start":{"line":605,"column":21},"end":{"line":620,"column":3}}},"32":{"name":"(anonymous_34)","decl":{"start":{"line":625,"column":10},"end":{"line":625,"column":26}},"loc":{"start":{"line":625,"column":44},"end":{"line":644,"column":3}}},"33":{"name":"(anonymous_35)","decl":{"start":{"line":649,"column":10},"end":{"line":649,"column":28}},"loc":{"start":{"line":649,"column":47},"end":{"line":669,"column":3}}},"34":{"name":"(anonymous_36)","decl":{"start":{"line":674,"column":2},"end":{"line":674,"column":7}},"loc":{"start":{"line":674,"column":63},"end":{"line":715,"column":3}}},"35":{"name":"(anonymous_37)","decl":{"start":{"line":720,"column":2},"end":{"line":720,"column":7}},"loc":{"start":{"line":725,"column":22},"end":{"line":787,"column":3}}},"36":{"name":"(anonymous_38)","decl":{"start":{"line":753,"column":11},"end":{"line":753,"column":12}},"loc":{"start":{"line":753,"column":23},"end":{"line":767,"column":7}}},"37":{"name":"(anonymous_39)","decl":{"start":{"line":768,"column":14},"end":{"line":768,"column":15}},"loc":{"start":{"line":768,"column":27},"end":{"line":768,"column":43}}},"38":{"name":"(anonymous_40)","decl":{"start":{"line":773,"column":29},"end":{"line":773,"column":30}},"loc":{"start":{"line":773,"column":38},"end":{"line":784,"column":5}}},"39":{"name":"(anonymous_41)","decl":{"start":{"line":792,"column":2},"end":{"line":792,"column":7}},"loc":{"start":{"line":792,"column":38},"end":{"line":843,"column":3}}},"40":{"name":"(anonymous_42)","decl":{"start":{"line":805,"column":6},"end":{"line":805,"column":7}},"loc":{"start":{"line":805,"column":19},"end":{"line":805,"column":47}}}},"branchMap":{"0":{"loc":{"start":{"line":31,"column":23},"end":{"line":31,"column":62}},"type":"binary-expr","locations":[{"start":{"line":31,"column":23},"end":{"line":31,"column":53}},{"start":{"line":31,"column":57},"end":{"line":31,"column":62}}]},"1":{"loc":{"start":{"line":143,"column":4},"end":{"line":145,"column":5}},"type":"if","locations":[{"start":{"line":143,"column":4},"end":{"line":145,"column":5}}]},"2":{"loc":{"start":{"line":182,"column":4},"end":{"line":184,"column":5}},"type":"if","locations":[{"start":{"line":182,"column":4},"end":{"line":184,"column":5}}]},"3":{"loc":{"start":{"line":208,"column":4},"end":{"line":210,"column":5}},"type":"if","locations":[{"start":{"line":208,"column":4},"end":{"line":210,"column":5}}]},"4":{"loc":{"start":{"line":237,"column":4},"end":{"line":239,"column":5}},"type":"if","locations":[{"start":{"line":237,"column":4},"end":{"line":239,"column":5}}]},"5":{"loc":{"start":{"line":271,"column":4},"end":{"line":271,"column":35}},"type":"default-arg","locations":[{"start":{"line":271,"column":30},"end":{"line":271,"column":35}}]},"6":{"loc":{"start":{"line":285,"column":6},"end":{"line":287,"column":7}},"type":"if","locations":[{"start":{"line":285,"column":6},"end":{"line":287,"column":7}}]},"7":{"loc":{"start":{"line":285,"column":10},"end":{"line":285,"column":49}},"type":"binary-expr","locations":[{"start":{"line":285,"column":10},"end":{"line":285,"column":27}},{"start":{"line":285,"column":31},"end":{"line":285,"column":49}}]},"8":{"loc":{"start":{"line":296,"column":10},"end":{"line":299,"column":11}},"type":"if","locations":[{"start":{"line":296,"column":10},"end":{"line":299,"column":11}}]},"9":{"loc":{"start":{"line":304,"column":10},"end":{"line":314,"column":11}},"type":"if","locations":[{"start":{"line":304,"column":10},"end":{"line":314,"column":11}},{"start":{"line":311,"column":17},"end":{"line":314,"column":11}}]},"10":{"loc":{"start":{"line":305,"column":12},"end":{"line":310,"column":13}},"type":"if","locations":[{"start":{"line":305,"column":12},"end":{"line":310,"column":13}},{"start":{"line":308,"column":19},"end":{"line":310,"column":13}}]},"11":{"loc":{"start":{"line":317,"column":12},"end":{"line":317,"column":68}},"type":"cond-expr","locations":[{"start":{"line":317,"column":37},"end":{"line":317,"column":50}},{"start":{"line":317,"column":53},"end":{"line":317,"column":68}}]},"12":{"loc":{"start":{"line":323,"column":8},"end":{"line":323,"column":64}},"type":"cond-expr","locations":[{"start":{"line":323,"column":33},"end":{"line":323,"column":46}},{"start":{"line":323,"column":49},"end":{"line":323,"column":64}}]},"13":{"loc":{"start":{"line":340,"column":8},"end":{"line":347,"column":9}},"type":"if","locations":[{"start":{"line":340,"column":8},"end":{"line":347,"column":9}}]},"14":{"loc":{"start":{"line":344,"column":10},"end":{"line":346,"column":11}},"type":"if","locations":[{"start":{"line":344,"column":10},"end":{"line":346,"column":11}}]},"15":{"loc":{"start":{"line":381,"column":4},"end":{"line":385,"column":5}},"type":"if","locations":[{"start":{"line":381,"column":4},"end":{"line":385,"column":5}},{"start":{"line":383,"column":11},"end":{"line":385,"column":5}}]},"16":{"loc":{"start":{"line":383,"column":11},"end":{"line":385,"column":5}},"type":"if","locations":[{"start":{"line":383,"column":11},"end":{"line":385,"column":5}}]},"17":{"loc":{"start":{"line":396,"column":6},"end":{"line":400,"column":7}},"type":"if","locations":[{"start":{"line":396,"column":6},"end":{"line":400,"column":7}},{"start":{"line":398,"column":13},"end":{"line":400,"column":7}}]},"18":{"loc":{"start":{"line":409,"column":22},"end":{"line":409,"column":47}},"type":"binary-expr","locations":[{"start":{"line":409,"column":22},"end":{"line":409,"column":41}},{"start":{"line":409,"column":45},"end":{"line":409,"column":47}}]},"19":{"loc":{"start":{"line":410,"column":21},"end":{"line":410,"column":50}},"type":"binary-expr","locations":[{"start":{"line":410,"column":21},"end":{"line":410,"column":44}},{"start":{"line":410,"column":48},"end":{"line":410,"column":50}}]},"20":{"loc":{"start":{"line":411,"column":24},"end":{"line":411,"column":51}},"type":"binary-expr","locations":[{"start":{"line":411,"column":24},"end":{"line":411,"column":45}},{"start":{"line":411,"column":49},"end":{"line":411,"column":51}}]},"21":{"loc":{"start":{"line":412,"column":17},"end":{"line":412,"column":42}},"type":"binary-expr","locations":[{"start":{"line":412,"column":17},"end":{"line":412,"column":36}},{"start":{"line":412,"column":40},"end":{"line":412,"column":42}}]},"22":{"loc":{"start":{"line":414,"column":4},"end":{"line":416,"column":5}},"type":"if","locations":[{"start":{"line":414,"column":4},"end":{"line":416,"column":5}}]},"23":{"loc":{"start":{"line":414,"column":8},"end":{"line":414,"column":47}},"type":"binary-expr","locations":[{"start":{"line":414,"column":8},"end":{"line":414,"column":18}},{"start":{"line":414,"column":22},"end":{"line":414,"column":31}},{"start":{"line":414,"column":35},"end":{"line":414,"column":47}}]},"24":{"loc":{"start":{"line":419,"column":22},"end":{"line":419,"column":44}},"type":"binary-expr","locations":[{"start":{"line":419,"column":22},"end":{"line":419,"column":38}},{"start":{"line":419,"column":42},"end":{"line":419,"column":44}}]},"25":{"loc":{"start":{"line":421,"column":6},"end":{"line":423,"column":16}},"type":"cond-expr","locations":[{"start":{"line":422,"column":10},"end":{"line":422,"column":18}},{"start":{"line":423,"column":10},"end":{"line":423,"column":16}}]},"26":{"loc":{"start":{"line":421,"column":6},"end":{"line":421,"column":77}},"type":"binary-expr","locations":[{"start":{"line":421,"column":6},"end":{"line":421,"column":48}},{"start":{"line":421,"column":52},"end":{"line":421,"column":77}}]},"27":{"loc":{"start":{"line":433,"column":12},"end":{"line":433,"column":29}},"type":"binary-expr","locations":[{"start":{"line":433,"column":12},"end":{"line":433,"column":16}},{"start":{"line":433,"column":20},"end":{"line":433,"column":29}}]},"28":{"loc":{"start":{"line":441,"column":22},"end":{"line":441,"column":52}},"type":"binary-expr","locations":[{"start":{"line":441,"column":22},"end":{"line":441,"column":46}},{"start":{"line":441,"column":50},"end":{"line":441,"column":52}}]},"29":{"loc":{"start":{"line":442,"column":21},"end":{"line":442,"column":50}},"type":"binary-expr","locations":[{"start":{"line":442,"column":21},"end":{"line":442,"column":44}},{"start":{"line":442,"column":48},"end":{"line":442,"column":50}}]},"30":{"loc":{"start":{"line":443,"column":24},"end":{"line":443,"column":56}},"type":"binary-expr","locations":[{"start":{"line":443,"column":24},"end":{"line":443,"column":50}},{"start":{"line":443,"column":54},"end":{"line":443,"column":56}}]},"31":{"loc":{"start":{"line":444,"column":17},"end":{"line":444,"column":46}},"type":"binary-expr","locations":[{"start":{"line":444,"column":17},"end":{"line":444,"column":40}},{"start":{"line":444,"column":44},"end":{"line":444,"column":46}}]},"32":{"loc":{"start":{"line":445,"column":19},"end":{"line":445,"column":46}},"type":"binary-expr","locations":[{"start":{"line":445,"column":19},"end":{"line":445,"column":40}},{"start":{"line":445,"column":44},"end":{"line":445,"column":46}}]},"33":{"loc":{"start":{"line":446,"column":24},"end":{"line":446,"column":56}},"type":"binary-expr","locations":[{"start":{"line":446,"column":24},"end":{"line":446,"column":50}},{"start":{"line":446,"column":54},"end":{"line":446,"column":56}}]},"34":{"loc":{"start":{"line":448,"column":4},"end":{"line":450,"column":5}},"type":"if","locations":[{"start":{"line":448,"column":4},"end":{"line":450,"column":5}}]},"35":{"loc":{"start":{"line":448,"column":8},"end":{"line":448,"column":47}},"type":"binary-expr","locations":[{"start":{"line":448,"column":8},"end":{"line":448,"column":18}},{"start":{"line":448,"column":22},"end":{"line":448,"column":31}},{"start":{"line":448,"column":35},"end":{"line":448,"column":47}}]},"36":{"loc":{"start":{"line":454,"column":6},"end":{"line":454,"column":74}},"type":"cond-expr","locations":[{"start":{"line":454,"column":26},"end":{"line":454,"column":32}},{"start":{"line":454,"column":35},"end":{"line":454,"column":74}}]},"37":{"loc":{"start":{"line":454,"column":35},"end":{"line":454,"column":74}},"type":"cond-expr","locations":[{"start":{"line":454,"column":57},"end":{"line":454,"column":65}},{"start":{"line":454,"column":68},"end":{"line":454,"column":74}}]},"38":{"loc":{"start":{"line":464,"column":12},"end":{"line":464,"column":29}},"type":"binary-expr","locations":[{"start":{"line":464,"column":12},"end":{"line":464,"column":16}},{"start":{"line":464,"column":20},"end":{"line":464,"column":29}}]},"39":{"loc":{"start":{"line":466,"column":19},"end":{"line":466,"column":39}},"type":"binary-expr","locations":[{"start":{"line":466,"column":19},"end":{"line":466,"column":30}},{"start":{"line":466,"column":34},"end":{"line":466,"column":39}}]},"40":{"loc":{"start":{"line":491,"column":4},"end":{"line":491,"column":32}},"type":"if","locations":[{"start":{"line":491,"column":4},"end":{"line":491,"column":32}}]},"41":{"loc":{"start":{"line":492,"column":4},"end":{"line":492,"column":32}},"type":"if","locations":[{"start":{"line":492,"column":4},"end":{"line":492,"column":32}}]},"42":{"loc":{"start":{"line":493,"column":4},"end":{"line":493,"column":32}},"type":"if","locations":[{"start":{"line":493,"column":4},"end":{"line":493,"column":32}}]},"43":{"loc":{"start":{"line":494,"column":4},"end":{"line":494,"column":34}},"type":"if","locations":[{"start":{"line":494,"column":4},"end":{"line":494,"column":34}}]},"44":{"loc":{"start":{"line":495,"column":4},"end":{"line":495,"column":31}},"type":"if","locations":[{"start":{"line":495,"column":4},"end":{"line":495,"column":31}}]},"45":{"loc":{"start":{"line":496,"column":4},"end":{"line":496,"column":31}},"type":"if","locations":[{"start":{"line":496,"column":4},"end":{"line":496,"column":31}}]},"46":{"loc":{"start":{"line":497,"column":4},"end":{"line":497,"column":31}},"type":"if","locations":[{"start":{"line":497,"column":4},"end":{"line":497,"column":31}}]},"47":{"loc":{"start":{"line":498,"column":4},"end":{"line":498,"column":31}},"type":"if","locations":[{"start":{"line":498,"column":4},"end":{"line":498,"column":31}}]},"48":{"loc":{"start":{"line":499,"column":4},"end":{"line":499,"column":31}},"type":"if","locations":[{"start":{"line":499,"column":4},"end":{"line":499,"column":31}}]},"49":{"loc":{"start":{"line":500,"column":4},"end":{"line":500,"column":31}},"type":"if","locations":[{"start":{"line":500,"column":4},"end":{"line":500,"column":31}}]},"50":{"loc":{"start":{"line":501,"column":4},"end":{"line":501,"column":31}},"type":"if","locations":[{"start":{"line":501,"column":4},"end":{"line":501,"column":31}}]},"51":{"loc":{"start":{"line":502,"column":4},"end":{"line":502,"column":31}},"type":"if","locations":[{"start":{"line":502,"column":4},"end":{"line":502,"column":31}}]},"52":{"loc":{"start":{"line":503,"column":4},"end":{"line":503,"column":31}},"type":"if","locations":[{"start":{"line":503,"column":4},"end":{"line":503,"column":31}}]},"53":{"loc":{"start":{"line":538,"column":4},"end":{"line":540,"column":5}},"type":"if","locations":[{"start":{"line":538,"column":4},"end":{"line":540,"column":5}}]},"54":{"loc":{"start":{"line":546,"column":27},"end":{"line":546,"column":62}},"type":"binary-expr","locations":[{"start":{"line":546,"column":27},"end":{"line":546,"column":56}},{"start":{"line":546,"column":60},"end":{"line":546,"column":62}}]},"55":{"loc":{"start":{"line":547,"column":25},"end":{"line":547,"column":58}},"type":"binary-expr","locations":[{"start":{"line":547,"column":25},"end":{"line":547,"column":52}},{"start":{"line":547,"column":56},"end":{"line":547,"column":58}}]},"56":{"loc":{"start":{"line":552,"column":6},"end":{"line":552,"column":76}},"type":"binary-expr","locations":[{"start":{"line":552,"column":6},"end":{"line":552,"column":16}},{"start":{"line":552,"column":20},"end":{"line":552,"column":76}}]},"57":{"loc":{"start":{"line":557,"column":6},"end":{"line":560,"column":65}},"type":"binary-expr","locations":[{"start":{"line":557,"column":6},"end":{"line":557,"column":16}},{"start":{"line":558,"column":6},"end":{"line":558,"column":57}},{"start":{"line":559,"column":7},"end":{"line":559,"column":60}},{"start":{"line":560,"column":8},"end":{"line":560,"column":64}}]},"58":{"loc":{"start":{"line":563,"column":4},"end":{"line":569,"column":5}},"type":"if","locations":[{"start":{"line":563,"column":4},"end":{"line":569,"column":5}}]},"59":{"loc":{"start":{"line":572,"column":4},"end":{"line":578,"column":5}},"type":"if","locations":[{"start":{"line":572,"column":4},"end":{"line":578,"column":5}}]},"60":{"loc":{"start":{"line":581,"column":4},"end":{"line":589,"column":5}},"type":"if","locations":[{"start":{"line":581,"column":4},"end":{"line":589,"column":5}}]},"61":{"loc":{"start":{"line":581,"column":8},"end":{"line":581,"column":26}},"type":"binary-expr","locations":[{"start":{"line":581,"column":8},"end":{"line":581,"column":15}},{"start":{"line":581,"column":19},"end":{"line":581,"column":26}}]},"62":{"loc":{"start":{"line":610,"column":4},"end":{"line":619,"column":5}},"type":"if","locations":[{"start":{"line":610,"column":4},"end":{"line":619,"column":5}},{"start":{"line":616,"column":11},"end":{"line":619,"column":5}}]},"63":{"loc":{"start":{"line":653,"column":4},"end":{"line":666,"column":5}},"type":"if","locations":[{"start":{"line":653,"column":4},"end":{"line":666,"column":5}},{"start":{"line":656,"column":11},"end":{"line":666,"column":5}}]},"64":{"loc":{"start":{"line":656,"column":11},"end":{"line":666,"column":5}},"type":"if","locations":[{"start":{"line":656,"column":11},"end":{"line":666,"column":5}},{"start":{"line":659,"column":11},"end":{"line":666,"column":5}}]},"65":{"loc":{"start":{"line":659,"column":11},"end":{"line":666,"column":5}},"type":"if","locations":[{"start":{"line":659,"column":11},"end":{"line":666,"column":5}}]},"66":{"loc":{"start":{"line":686,"column":4},"end":{"line":688,"column":5}},"type":"if","locations":[{"start":{"line":686,"column":4},"end":{"line":688,"column":5}}]},"67":{"loc":{"start":{"line":690,"column":27},"end":{"line":690,"column":62}},"type":"binary-expr","locations":[{"start":{"line":690,"column":27},"end":{"line":690,"column":56}},{"start":{"line":690,"column":60},"end":{"line":690,"column":62}}]},"68":{"loc":{"start":{"line":691,"column":25},"end":{"line":691,"column":58}},"type":"binary-expr","locations":[{"start":{"line":691,"column":25},"end":{"line":691,"column":52}},{"start":{"line":691,"column":56},"end":{"line":691,"column":58}}]},"69":{"loc":{"start":{"line":693,"column":4},"end":{"line":704,"column":5}},"type":"if","locations":[{"start":{"line":693,"column":4},"end":{"line":704,"column":5}}]},"70":{"loc":{"start":{"line":701,"column":22},"end":{"line":701,"column":54}},"type":"binary-expr","locations":[{"start":{"line":701,"column":22},"end":{"line":701,"column":46}},{"start":{"line":701,"column":50},"end":{"line":701,"column":54}}]},"71":{"loc":{"start":{"line":702,"column":20},"end":{"line":702,"column":50}},"type":"binary-expr","locations":[{"start":{"line":702,"column":20},"end":{"line":702,"column":42}},{"start":{"line":702,"column":46},"end":{"line":702,"column":50}}]},"72":{"loc":{"start":{"line":722,"column":4},"end":{"line":722,"column":30}},"type":"default-arg","locations":[{"start":{"line":722,"column":26},"end":{"line":722,"column":30}}]},"73":{"loc":{"start":{"line":725,"column":4},"end":{"line":725,"column":22}},"type":"default-arg","locations":[{"start":{"line":725,"column":20},"end":{"line":725,"column":22}}]},"74":{"loc":{"start":{"line":729,"column":4},"end":{"line":731,"column":5}},"type":"if","locations":[{"start":{"line":729,"column":4},"end":{"line":731,"column":5}}]},"75":{"loc":{"start":{"line":733,"column":4},"end":{"line":735,"column":5}},"type":"if","locations":[{"start":{"line":733,"column":4},"end":{"line":735,"column":5}}]},"76":{"loc":{"start":{"line":754,"column":31},"end":{"line":754,"column":66}},"type":"binary-expr","locations":[{"start":{"line":754,"column":31},"end":{"line":754,"column":60}},{"start":{"line":754,"column":64},"end":{"line":754,"column":66}}]},"77":{"loc":{"start":{"line":755,"column":29},"end":{"line":755,"column":62}},"type":"binary-expr","locations":[{"start":{"line":755,"column":29},"end":{"line":755,"column":56}},{"start":{"line":755,"column":60},"end":{"line":755,"column":62}}]},"78":{"loc":{"start":{"line":758,"column":10},"end":{"line":758,"column":77}},"type":"cond-expr","locations":[{"start":{"line":758,"column":28},"end":{"line":758,"column":52}},{"start":{"line":758,"column":55},"end":{"line":758,"column":77}}]},"79":{"loc":{"start":{"line":760,"column":8},"end":{"line":760,"column":33}},"type":"if","locations":[{"start":{"line":760,"column":8},"end":{"line":760,"column":33}}]},"80":{"loc":{"start":{"line":774,"column":6},"end":{"line":783,"column":7}},"type":"if","locations":[{"start":{"line":774,"column":6},"end":{"line":783,"column":7}},{"start":{"line":780,"column":13},"end":{"line":783,"column":7}}]},"81":{"loc":{"start":{"line":793,"column":23},"end":{"line":793,"column":55}},"type":"binary-expr","locations":[{"start":{"line":793,"column":23},"end":{"line":793,"column":27}},{"start":{"line":793,"column":31},"end":{"line":793,"column":55}}]},"82":{"loc":{"start":{"line":811,"column":27},"end":{"line":811,"column":60}},"type":"binary-expr","locations":[{"start":{"line":811,"column":27},"end":{"line":811,"column":54}},{"start":{"line":811,"column":58},"end":{"line":811,"column":60}}]},"83":{"loc":{"start":{"line":819,"column":8},"end":{"line":822,"column":9}},"type":"if","locations":[{"start":{"line":819,"column":8},"end":{"line":822,"column":9}}]},"84":{"loc":{"start":{"line":826,"column":6},"end":{"line":835,"column":7}},"type":"if","locations":[{"start":{"line":826,"column":6},"end":{"line":835,"column":7}}]},"85":{"loc":{"start":{"line":831,"column":14},"end":{"line":831,"column":70}},"type":"cond-expr","locations":[{"start":{"line":831,"column":52},"end":{"line":831,"column":63}},{"start":{"line":831,"column":66},"end":{"line":831,"column":70}}]}},"s":{"0":1,"1":1,"2":1,"3":1,"4":1,"5":1,"6":13,"7":13,"8":0,"9":0,"10":0,"11":0,"12":0,"13":0,"14":0,"15":0,"16":0,"17":0,"18":0,"19":0,"20":0,"21":0,"22":0,"23":0,"24":0,"25":0,"26":0,"27":0,"28":0,"29":0,"30":0,"31":0,"32":0,"33":0,"34":0,"35":0,"36":0,"37":0,"38":0,"39":0,"40":0,"41":0,"42":0,"43":0,"44":0,"45":0,"46":0,"47":0,"48":0,"49":0,"50":0,"51":0,"52":0,"53":0,"54":0,"55":0,"56":0,"57":0,"58":0,"59":0,"60":0,"61":0,"62":0,"63":0,"64":0,"65":0,"66":0,"67":0,"68":0,"69":0,"70":0,"71":0,"72":0,"73":0,"74":0,"75":0,"76":0,"77":0,"78":0,"79":0,"80":0,"81":0,"82":0,"83":0,"84":0,"85":0,"86":0,"87":0,"88":0,"89":0,"90":0,"91":0,"92":0,"93":0,"94":0,"95":0,"96":0,"97":0,"98":0,"99":0,"100":0,"101":0,"102":0,"103":0,"104":0,"105":0,"106":0,"107":0,"108":0,"109":0,"110":0,"111":0,"112":0,"113":0,"114":0,"115":0,"116":0,"117":0,"118":0,"119":0,"120":0,"121":0,"122":0,"123":0,"124":0,"125":0,"126":0,"127":0,"128":0,"129":0,"130":0,"131":0,"132":0,"133":0,"134":0,"135":0,"136":0,"137":0,"138":0,"139":0,"140":0,"141":0,"142":0,"143":0,"144":0,"145":0,"146":0,"147":0,"148":5,"149":5,"150":0,"151":5,"152":5,"153":5,"154":5,"155":5,"156":5,"157":5,"158":5,"159":5,"160":3,"161":5,"162":4,"163":5,"164":4,"165":5,"166":10,"167":10,"168":7,"169":3,"170":12,"171":12,"172":19,"173":19,"174":15,"175":4,"176":3,"177":1,"178":1,"179":0,"180":2,"181":2,"182":0,"183":2,"184":2,"185":2,"186":1,"187":1,"188":2,"189":2,"190":1,"191":2,"192":0,"193":2,"194":2,"195":4,"196":4,"197":4,"198":4,"199":1,"200":3,"201":4,"202":2,"203":2,"204":1,"205":1,"206":0,"207":2,"208":1,"209":1,"210":1,"211":1,"212":1,"213":1,"214":1,"215":1,"216":1,"217":2,"218":2,"219":2,"220":1,"221":1,"222":1,"223":1,"224":1,"225":1,"226":1,"227":1},"f":{"0":13,"1":0,"2":0,"3":0,"4":0,"5":0,"6":0,"7":0,"8":0,"9":0,"10":0,"11":0,"12":0,"13":0,"14":0,"15":0,"16":0,"17":0,"18":0,"19":0,"20":0,"21":0,"22":0,"23":0,"24":0,"25":0,"26":0,"27":0,"28":0,"29":0,"30":5,"31":10,"32":12,"33":19,"34":2,"35":2,"36":4,"37":4,"38":1,"39":1,"40":1},"b":{"0":[0,0],"1":[0],"2":[0],"3":[0],"4":[0],"5":[0],"6":[0],"7":[0,0],"8":[0],"9":[0,0],"10":[0,0],"11":[0,0],"12":[0,0],"13":[0],"14":[0],"15":[0,0],"16":[0],"17":[0,0],"18":[0,0],"19":[0,0],"20":[0,0],"21":[0,0],"22":[0],"23":[0,0,0],"24":[0,0],"25":[0,0],"26":[0,0],"27":[0,0],"28":[0,0],"29":[0,0],"30":[0,0],"31":[0,0],"32":[0,0],"33":[0,0],"34":[0],"35":[0,0,0],"36":[0,0],"37":[0,0],"38":[0,0],"39":[0,0],"40":[0],"41":[0],"42":[0],"43":[0],"44":[0],"45":[0],"46":[0],"47":[0],"48":[0],"49":[0],"50":[0],"51":[0],"52":[0],"53":[0],"54":[5,0],"55":[5,0],"56":[5,3],"57":[5,2,2,1],"58":[3],"59":[4],"60":[4],"61":[5,2],"62":[7,3],"63":[15,4],"64":[3,1],"65":[1],"66":[0],"67":[2,0],"68":[2,0],"69":[1],"70":[1,0],"71":[1,0],"72":[0],"73":[2],"74":[1],"75":[0],"76":[4,0],"77":[4,0],"78":[4,0],"79":[1],"80":[1,0],"81":[1,0],"82":[1,0],"83":[1],"84":[1],"85":[1,0]}}
,"C:\\nowa platforma\\athletics-platform\\backend\\src\\athletes\\dto\\create-athlete.dto.ts": {"path":"C:\\nowa platforma\\athletics-platform\\backend\\src\\athletes\\dto\\create-athlete.dto.ts","statementMap":{"0":{"start":{"line":1,"column":0},"end":{"line":1,"column":null}},"1":{"start":{"line":9,"column":0},"end":{"line":9,"column":null}},"2":{"start":{"line":10,"column":2},"end":{"line":10,"column":null}},"3":{"start":{"line":11,"column":2},"end":{"line":11,"column":null}},"4":{"start":{"line":12,"column":2},"end":{"line":12,"column":null}},"5":{"start":{"line":15,"column":0},"end":{"line":15,"column":null}},"6":{"start":{"line":16,"column":2},"end":{"line":16,"column":null}},"7":{"start":{"line":17,"column":2},"end":{"line":17,"column":null}},"8":{"start":{"line":18,"column":2},"end":{"line":18,"column":null}},"9":{"start":{"line":19,"column":2},"end":{"line":19,"column":null}},"10":{"start":{"line":20,"column":2},"end":{"line":20,"column":null}},"11":{"start":{"line":21,"column":2},"end":{"line":21,"column":null}},"12":{"start":{"line":22,"column":2},"end":{"line":22,"column":null}},"13":{"start":{"line":23,"column":2},"end":{"line":23,"column":null}},"14":{"start":{"line":24,"column":2},"end":{"line":24,"column":null}},"15":{"start":{"line":25,"column":2},"end":{"line":25,"column":null}},"16":{"start":{"line":26,"column":2},"end":{"line":26,"column":null}},"17":{"start":{"line":27,"column":2},"end":{"line":27,"column":null}},"18":{"start":{"line":28,"column":2},"end":{"line":28,"column":null}},"19":{"start":{"line":29,"column":2},"end":{"line":29,"column":null}},"20":{"start":{"line":32,"column":0},"end":{"line":32,"column":13}},"21":{"start":{"line":34,"column":2},"end":{"line":34,"column":null}},"22":{"start":{"line":37,"column":2},"end":{"line":37,"column":null}},"23":{"start":{"line":40,"column":2},"end":{"line":40,"column":null}},"24":{"start":{"line":43,"column":2},"end":{"line":43,"column":null}},"25":{"start":{"line":47,"column":2},"end":{"line":47,"column":null}},"26":{"start":{"line":50,"column":2},"end":{"line":50,"column":null}},"27":{"start":{"line":54,"column":2},"end":{"line":54,"column":null}},"28":{"start":{"line":58,"column":2},"end":{"line":58,"column":null}},"29":{"start":{"line":62,"column":2},"end":{"line":62,"column":null}},"30":{"start":{"line":66,"column":2},"end":{"line":66,"column":null}}},"fnMap":{"0":{"name":"(anonymous_2)","decl":{"start":{"line":9,"column":0},"end":{"line":9,"column":12}},"loc":{"start":{"line":9,"column":18},"end":{"line":13,"column":1}}},"1":{"name":"(anonymous_3)","decl":{"start":{"line":15,"column":0},"end":{"line":15,"column":12}},"loc":{"start":{"line":15,"column":20},"end":{"line":30,"column":1}}}},"branchMap":{"0":{"loc":{"start":{"line":9,"column":12},"end":{"line":9,"column":null}},"type":"binary-expr","locations":[{"start":{"line":9,"column":12},"end":{"line":9,"column":18}},{"start":{"line":9,"column":18},"end":{"line":9,"column":null}}]},"1":{"loc":{"start":{"line":15,"column":12},"end":{"line":15,"column":null}},"type":"binary-expr","locations":[{"start":{"line":15,"column":12},"end":{"line":15,"column":20}},{"start":{"line":15,"column":20},"end":{"line":15,"column":null}}]}},"s":{"0":0,"1":0,"2":0,"3":0,"4":0,"5":0,"6":0,"7":0,"8":0,"9":0,"10":0,"11":0,"12":0,"13":0,"14":0,"15":0,"16":0,"17":0,"18":0,"19":0,"20":0,"21":0,"22":0,"23":0,"24":0,"25":0,"26":0,"27":0,"28":0,"29":0,"30":0},"f":{"0":0,"1":0},"b":{"0":[0,0],"1":[0,0]}}
,"C:\\nowa platforma\\athletics-platform\\backend\\src\\athletes\\dto\\update-athlete.dto.ts": {"path":"C:\\nowa platforma\\athletics-platform\\backend\\src\\athletes\\dto\\update-athlete.dto.ts","statementMap":{"0":{"start":{"line":1,"column":0},"end":{"line":1,"column":51}},"1":{"start":{"line":2,"column":0},"end":{"line":2,"column":56}},"2":{"start":{"line":4,"column":0},"end":{"line":4,"column":13}}},"fnMap":{},"branchMap":{},"s":{"0":0,"1":0,"2":0},"f":{},"b":{}}
,"C:\\nowa platforma\\athletics-platform\\backend\\src\\auth\\auth.controller.ts": {"path":"C:\\nowa platforma\\athletics-platform\\backend\\src\\auth\\auth.controller.ts","statementMap":{"0":{"start":{"line":1,"column":0},"end":{"line":1,"column":null}},"1":{"start":{"line":10,"column":0},"end":{"line":10,"column":45}},"2":{"start":{"line":15,"column":0},"end":{"line":15,"column":45}},"3":{"start":{"line":16,"column":0},"end":{"line":16,"column":43}},"4":{"start":{"line":17,"column":0},"end":{"line":17,"column":49}},"5":{"start":{"line":18,"column":0},"end":{"line":18,"column":55}},"6":{"start":{"line":21,"column":7},"end":{"line":102,"column":null}},"7":{"start":{"line":22,"column":31},"end":{"line":22,"column":44}},"8":{"start":{"line":30,"column":19},"end":{"line":30,"column":63}},"9":{"start":{"line":33,"column":25},"end":{"line":33,"column":62}},"10":{"start":{"line":34,"column":4},"end":{"line":40,"column":7}},"11":{"start":{"line":43,"column":4},"end":{"line":46,"column":6}},"12":{"start":{"line":57,"column":6},"end":{"line":59,"column":40}},"13":{"start":{"line":60,"column":22},"end":{"line":60,"column":43}},"14":{"start":{"line":62,"column":19},"end":{"line":62,"column":72}},"15":{"start":{"line":65,"column":25},"end":{"line":65,"column":62}},"16":{"start":{"line":66,"column":4},"end":{"line":72,"column":7}},"17":{"start":{"line":75,"column":4},"end":{"line":79,"column":6}},"18":{"start":{"line":85,"column":4},"end":{"line":85,"column":34}},"19":{"start":{"line":86,"column":4},"end":{"line":86,"column":47}},"20":{"start":{"line":92,"column":4},"end":{"line":92,"column":53}},"21":{"start":{"line":100,"column":4},"end":{"line":100,"column":53}},"22":{"start":{"line":21,"column":13},"end":{"line":21,"column":27}},"23":{"start":{"line":26,"column":8},"end":{"line":47,"column":null}},"24":{"start":{"line":51,"column":8},"end":{"line":80,"column":null}},"25":{"start":{"line":83,"column":2},"end":{"line":87,"column":null}},"26":{"start":{"line":91,"column":8},"end":{"line":93,"column":null}},"27":{"start":{"line":97,"column":2},"end":{"line":101,"column":null}},"28":{"start":{"line":21,"column":13},"end":{"line":102,"column":null}}},"fnMap":{"0":{"name":"(anonymous_4)","decl":{"start":{"line":22,"column":2},"end":{"line":22,"column":31}},"loc":{"start":{"line":22,"column":55},"end":{"line":22,"column":59}}},"1":{"name":"(anonymous_5)","decl":{"start":{"line":26,"column":2},"end":{"line":26,"column":7}},"loc":{"start":{"line":28,"column":57},"end":{"line":47,"column":3}}},"2":{"name":"(anonymous_6)","decl":{"start":{"line":51,"column":2},"end":{"line":51,"column":7}},"loc":{"start":{"line":54,"column":57},"end":{"line":80,"column":3}}},"3":{"name":"(anonymous_7)","decl":{"start":{"line":83,"column":2},"end":{"line":83,"column":8}},"loc":{"start":{"line":83,"column":62},"end":{"line":87,"column":3}}},"4":{"name":"(anonymous_8)","decl":{"start":{"line":91,"column":2},"end":{"line":91,"column":7}},"loc":{"start":{"line":91,"column":60},"end":{"line":93,"column":3}}},"5":{"name":"(anonymous_9)","decl":{"start":{"line":97,"column":2},"end":{"line":97,"column":16}},"loc":{"start":{"line":98,"column":74},"end":{"line":101,"column":3}}}},"branchMap":{"0":{"loc":{"start":{"line":37,"column":16},"end":{"line":37,"column":47}},"type":"cond-expr","locations":[{"start":{"line":37,"column":31},"end":{"line":37,"column":39}},{"start":{"line":37,"column":42},"end":{"line":37,"column":47}}]},"1":{"loc":{"start":{"line":57,"column":6},"end":{"line":59,"column":40}},"type":"binary-expr","locations":[{"start":{"line":57,"column":6},"end":{"line":57,"column":12}},{"start":{"line":58,"column":6},"end":{"line":58,"column":35}},{"start":{"line":59,"column":7},"end":{"line":59,"column":40}}]},"2":{"loc":{"start":{"line":69,"column":16},"end":{"line":69,"column":47}},"type":"cond-expr","locations":[{"start":{"line":69,"column":31},"end":{"line":69,"column":39}},{"start":{"line":69,"column":42},"end":{"line":69,"column":47}}]}},"s":{"0":0,"1":0,"2":0,"3":0,"4":0,"5":0,"6":0,"7":0,"8":0,"9":0,"10":0,"11":0,"12":0,"13":0,"14":0,"15":0,"16":0,"17":0,"18":0,"19":0,"20":0,"21":0,"22":0,"23":0,"24":0,"25":0,"26":0,"27":0,"28":0},"f":{"0":0,"1":0,"2":0,"3":0,"4":0,"5":0},"b":{"0":[0,0],"1":[0,0,0],"2":[0,0]}}
,"C:\\nowa platforma\\athletics-platform\\backend\\src\\auth\\auth.module.ts": {"path":"C:\\nowa platforma\\athletics-platform\\backend\\src\\auth\\auth.module.ts","statementMap":{"0":{"start":{"line":1,"column":0},"end":{"line":1,"column":40}},"1":{"start":{"line":2,"column":0},"end":{"line":2,"column":61}},"2":{"start":{"line":3,"column":0},"end":{"line":3,"column":40}},"3":{"start":{"line":4,"column":0},"end":{"line":4,"column":50}},"4":{"start":{"line":5,"column":0},"end":{"line":5,"column":81}},"5":{"start":{"line":6,"column":0},"end":{"line":6,"column":55}},"6":{"start":{"line":7,"column":0},"end":{"line":7,"column":51}},"7":{"start":{"line":8,"column":0},"end":{"line":8,"column":45}},"8":{"start":{"line":9,"column":0},"end":{"line":9,"column":56}},"9":{"start":{"line":37,"column":7},"end":{"line":37,"column":null}},"10":{"start":{"line":37,"column":13},"end":{"line":37,"column":23}},"11":{"start":{"line":37,"column":13},"end":{"line":37,"column":null}},"12":{"start":{"line":19,"column":23},"end":{"line":19,"column":62}},"13":{"start":{"line":20,"column":8},"end":{"line":22,"column":9}},"14":{"start":{"line":21,"column":10},"end":{"line":21,"column":78}},"15":{"start":{"line":23,"column":8},"end":{"line":28,"column":10}}},"fnMap":{"0":{"name":"(anonymous_1)","decl":{"start":{"line":18,"column":18},"end":{"line":18,"column":19}},"loc":{"start":{"line":18,"column":51},"end":{"line":29,"column":7}}}},"branchMap":{"0":{"loc":{"start":{"line":20,"column":8},"end":{"line":22,"column":9}},"type":"if","locations":[{"start":{"line":20,"column":8},"end":{"line":22,"column":9}}]},"1":{"loc":{"start":{"line":20,"column":12},"end":{"line":20,"column":60}},"type":"binary-expr","locations":[{"start":{"line":20,"column":12},"end":{"line":20,"column":19}},{"start":{"line":20,"column":23},"end":{"line":20,"column":60}}]},"2":{"loc":{"start":{"line":25,"column":12},"end":{"line":26,"column":82}},"type":"binary-expr","locations":[{"start":{"line":25,"column":12},"end":{"line":25,"column":18}},{"start":{"line":26,"column":12},"end":{"line":26,"column":82}}]}},"s":{"0":0,"1":0,"2":0,"3":0,"4":0,"5":0,"6":0,"7":0,"8":0,"9":0,"10":0,"11":0,"12":0,"13":0,"14":0,"15":0},"f":{"0":0},"b":{"0":[0],"1":[0,0],"2":[0,0]}}
,"C:\\nowa platforma\\athletics-platform\\backend\\src\\auth\\auth.service.ts": {"path":"C:\\nowa platforma\\athletics-platform\\backend\\src\\auth\\auth.service.ts","statementMap":{"0":{"start":{"line":1,"column":0},"end":{"line":1,"column":null}},"1":{"start":{"line":7,"column":0},"end":{"line":7,"column":41}},"2":{"start":{"line":8,"column":0},"end":{"line":8,"column":35}},"3":{"start":{"line":9,"column":0},"end":{"line":9,"column":81}},"4":{"start":{"line":10,"column":0},"end":{"line":10,"column":57}},"5":{"start":{"line":15,"column":24},"end":{"line":177,"column":null}},"6":{"start":{"line":16,"column":28},"end":{"line":16,"column":56}},"7":{"start":{"line":19,"column":12},"end":{"line":19,"column":20}},"8":{"start":{"line":20,"column":12},"end":{"line":20,"column":24}},"9":{"start":{"line":21,"column":12},"end":{"line":21,"column":28}},"10":{"start":{"line":25,"column":66},"end":{"line":25,"column":77}},"11":{"start":{"line":28,"column":25},"end":{"line":30,"column":6}},"12":{"start":{"line":32,"column":4},"end":{"line":36,"column":5}},"13":{"start":{"line":33,"column":6},"end":{"line":35,"column":8}},"14":{"start":{"line":39,"column":27},"end":{"line":39,"column":58}},"15":{"start":{"line":42,"column":17},"end":{"line":61,"column":6}},"16":{"start":{"line":64,"column":20},"end":{"line":68,"column":6}},"17":{"start":{"line":69,"column":18},"end":{"line":69,"column":47}},"18":{"start":{"line":71,"column":4},"end":{"line":75,"column":6}},"19":{"start":{"line":79,"column":32},"end":{"line":79,"column":40}},"20":{"start":{"line":80,"column":4},"end":{"line":80,"column":59}},"21":{"start":{"line":83,"column":17},"end":{"line":85,"column":6}},"22":{"start":{"line":87,"column":4},"end":{"line":91,"column":5}},"23":{"start":{"line":88,"column":6},"end":{"line":88,"column":79}},"24":{"start":{"line":89,"column":6},"end":{"line":89,"column":76}},"25":{"start":{"line":90,"column":6},"end":{"line":90,"column":71}},"26":{"start":{"line":94,"column":4},"end":{"line":98,"column":5}},"27":{"start":{"line":95,"column":6},"end":{"line":95,"column":75}},"28":{"start":{"line":96,"column":6},"end":{"line":96,"column":76}},"29":{"start":{"line":97,"column":6},"end":{"line":97,"column":69}},"30":{"start":{"line":101,"column":28},"end":{"line":101,"column":73}},"31":{"start":{"line":102,"column":4},"end":{"line":108,"column":5}},"32":{"start":{"line":103,"column":6},"end":{"line":105,"column":8}},"33":{"start":{"line":106,"column":6},"end":{"line":106,"column":76}},"34":{"start":{"line":107,"column":6},"end":{"line":107,"column":71}},"35":{"start":{"line":111,"column":4},"end":{"line":114,"column":7}},"36":{"start":{"line":117,"column":4},"end":{"line":122,"column":6}},"37":{"start":{"line":124,"column":4},"end":{"line":124,"column":59}},"38":{"start":{"line":127,"column":20},"end":{"line":131,"column":6}},"39":{"start":{"line":132,"column":18},"end":{"line":132,"column":47}},"40":{"start":{"line":134,"column":4},"end":{"line":147,"column":6}},"41":{"start":{"line":151,"column":17},"end":{"line":163,"column":6}},"42":{"start":{"line":165,"column":4},"end":{"line":169,"column":5}},"43":{"start":{"line":166,"column":6},"end":{"line":168,"column":8}},"44":{"start":{"line":171,"column":4},"end":{"line":171,"column":16}},"45":{"start":{"line":175,"column":4},"end":{"line":175,"column":37}},"46":{"start":{"line":15,"column":13},"end":{"line":15,"column":24}},"47":{"start":{"line":15,"column":13},"end":{"line":177,"column":null}}},"fnMap":{"0":{"name":"(anonymous_2)","decl":{"start":{"line":18,"column":2},"end":{"line":18,"column":null}},"loc":{"start":{"line":21,"column":49},"end":{"line":22,"column":6}}},"1":{"name":"(anonymous_3)","decl":{"start":{"line":24,"column":2},"end":{"line":24,"column":7}},"loc":{"start":{"line":24,"column":41},"end":{"line":76,"column":3}}},"2":{"name":"(anonymous_4)","decl":{"start":{"line":78,"column":2},"end":{"line":78,"column":7}},"loc":{"start":{"line":78,"column":65},"end":{"line":148,"column":3}}},"3":{"name":"(anonymous_5)","decl":{"start":{"line":150,"column":2},"end":{"line":150,"column":7}},"loc":{"start":{"line":150,"column":35},"end":{"line":172,"column":3}}},"4":{"name":"(anonymous_6)","decl":{"start":{"line":174,"column":2},"end":{"line":174,"column":7}},"loc":{"start":{"line":174,"column":33},"end":{"line":176,"column":3}}}},"branchMap":{"0":{"loc":{"start":{"line":32,"column":4},"end":{"line":36,"column":5}},"type":"if","locations":[{"start":{"line":32,"column":4},"end":{"line":36,"column":5}}]},"1":{"loc":{"start":{"line":87,"column":4},"end":{"line":91,"column":5}},"type":"if","locations":[{"start":{"line":87,"column":4},"end":{"line":91,"column":5}}]},"2":{"loc":{"start":{"line":89,"column":48},"end":{"line":89,"column":63}},"type":"binary-expr","locations":[{"start":{"line":89,"column":48},"end":{"line":89,"column":50}},{"start":{"line":89,"column":54},"end":{"line":89,"column":63}}]},"3":{"loc":{"start":{"line":94,"column":4},"end":{"line":98,"column":5}},"type":"if","locations":[{"start":{"line":94,"column":4},"end":{"line":98,"column":5}}]},"4":{"loc":{"start":{"line":96,"column":48},"end":{"line":96,"column":63}},"type":"binary-expr","locations":[{"start":{"line":96,"column":48},"end":{"line":96,"column":50}},{"start":{"line":96,"column":54},"end":{"line":96,"column":63}}]},"5":{"loc":{"start":{"line":102,"column":4},"end":{"line":108,"column":5}},"type":"if","locations":[{"start":{"line":102,"column":4},"end":{"line":108,"column":5}}]},"6":{"loc":{"start":{"line":106,"column":48},"end":{"line":106,"column":63}},"type":"binary-expr","locations":[{"start":{"line":106,"column":48},"end":{"line":106,"column":50}},{"start":{"line":106,"column":54},"end":{"line":106,"column":63}}]},"7":{"loc":{"start":{"line":120,"column":6},"end":{"line":120,"column":21}},"type":"binary-expr","locations":[{"start":{"line":120,"column":6},"end":{"line":120,"column":8}},{"start":{"line":120,"column":12},"end":{"line":120,"column":21}}]},"8":{"loc":{"start":{"line":165,"column":4},"end":{"line":169,"column":5}},"type":"if","locations":[{"start":{"line":165,"column":4},"end":{"line":169,"column":5}}]},"9":{"loc":{"start":{"line":165,"column":8},"end":{"line":165,"column":31}},"type":"binary-expr","locations":[{"start":{"line":165,"column":8},"end":{"line":165,"column":13}},{"start":{"line":165,"column":17},"end":{"line":165,"column":31}}]}},"s":{"0":0,"1":0,"2":0,"3":0,"4":0,"5":0,"6":0,"7":0,"8":0,"9":0,"10":0,"11":0,"12":0,"13":0,"14":0,"15":0,"16":0,"17":0,"18":0,"19":0,"20":0,"21":0,"22":0,"23":0,"24":0,"25":0,"26":0,"27":0,"28":0,"29":0,"30":0,"31":0,"32":0,"33":0,"34":0,"35":0,"36":0,"37":0,"38":0,"39":0,"40":0,"41":0,"42":0,"43":0,"44":0,"45":0,"46":0,"47":0},"f":{"0":0,"1":0,"2":0,"3":0,"4":0},"b":{"0":[0],"1":[0],"2":[0,0],"3":[0],"4":[0,0],"5":[0],"6":[0,0],"7":[0,0],"8":[0],"9":[0,0]}}
,"C:\\nowa platforma\\athletics-platform\\backend\\src\\auth\\decorators\\public.decorator.ts": {"path":"C:\\nowa platforma\\athletics-platform\\backend\\src\\auth\\decorators\\public.decorator.ts","statementMap":{"0":{"start":{"line":1,"column":0},"end":{"line":1,"column":45}},"1":{"start":{"line":3,"column":13},"end":{"line":3,"column":40}},"2":{"start":{"line":4,"column":22},"end":{"line":4,"column":60}},"3":{"start":{"line":4,"column":28},"end":{"line":4,"column":60}},"4":{"start":{"line":4,"column":13},"end":{"line":4,"column":22}}},"fnMap":{"0":{"name":"(anonymous_0)","decl":{"start":{"line":4,"column":22},"end":{"line":4,"column":25}},"loc":{"start":{"line":4,"column":28},"end":{"line":4,"column":60}}}},"branchMap":{},"s":{"0":0,"1":0,"2":0,"3":0,"4":0},"f":{"0":0},"b":{}}
,"C:\\nowa platforma\\athletics-platform\\backend\\src\\auth\\decorators\\roles.decorator.ts": {"path":"C:\\nowa platforma\\athletics-platform\\backend\\src\\auth\\decorators\\roles.decorator.ts","statementMap":{"0":{"start":{"line":1,"column":0},"end":{"line":1,"column":45}},"1":{"start":{"line":4,"column":13},"end":{"line":4,"column":33}},"2":{"start":{"line":5,"column":21},"end":{"line":5,"column":76}},"3":{"start":{"line":5,"column":47},"end":{"line":5,"column":76}},"4":{"start":{"line":5,"column":13},"end":{"line":5,"column":21}}},"fnMap":{"0":{"name":"(anonymous_0)","decl":{"start":{"line":5,"column":21},"end":{"line":5,"column":22}},"loc":{"start":{"line":5,"column":47},"end":{"line":5,"column":76}}}},"branchMap":{},"s":{"0":0,"1":0,"2":0,"3":0,"4":0},"f":{"0":0},"b":{}}
,"C:\\nowa platforma\\athletics-platform\\backend\\src\\auth\\dto\\login.dto.ts": {"path":"C:\\nowa platforma\\athletics-platform\\backend\\src\\auth\\dto\\login.dto.ts","statementMap":{"0":{"start":{"line":1,"column":0},"end":{"line":1,"column":75}},"1":{"start":{"line":3,"column":0},"end":{"line":3,"column":13}},"2":{"start":{"line":6,"column":2},"end":{"line":6,"column":null}},"3":{"start":{"line":11,"column":2},"end":{"line":11,"column":null}}},"fnMap":{},"branchMap":{},"s":{"0":0,"1":0,"2":0,"3":0},"f":{},"b":{}}
,"C:\\nowa platforma\\athletics-platform\\backend\\src\\auth\\dto\\register.dto.ts": {"path":"C:\\nowa platforma\\athletics-platform\\backend\\src\\auth\\dto\\register.dto.ts","statementMap":{"0":{"start":{"line":1,"column":0},"end":{"line":1,"column":null}},"1":{"start":{"line":10,"column":0},"end":{"line":10,"column":42}},"2":{"start":{"line":12,"column":0},"end":{"line":12,"column":13}},"3":{"start":{"line":15,"column":2},"end":{"line":15,"column":null}},"4":{"start":{"line":24,"column":2},"end":{"line":24,"column":null}},"5":{"start":{"line":28,"column":2},"end":{"line":28,"column":null}},"6":{"start":{"line":32,"column":2},"end":{"line":32,"column":null}},"7":{"start":{"line":36,"column":2},"end":{"line":36,"column":null}},"8":{"start":{"line":40,"column":2},"end":{"line":40,"column":null}}},"fnMap":{},"branchMap":{},"s":{"0":0,"1":0,"2":0,"3":0,"4":0,"5":0,"6":0,"7":0,"8":0},"f":{},"b":{}}
[...]
ine":466,"column":38},"end":{"line":466,"column":62}}]},"52":{"loc":{"start":{"line":470,"column":4},"end":{"line":471,"column":18}},"type":"if","locations":[{"start":{"line":470,"column":4},"end":{"line":471,"column":18}}]},"53":{"loc":{"start":{"line":470,"column":8},"end":{"line":470,"column":70}},"type":"binary-expr","locations":[{"start":{"line":470,"column":8},"end":{"line":470,"column":34}},{"start":{"line":470,"column":38},"end":{"line":470,"column":70}}]},"54":{"loc":{"start":{"line":472,"column":4},"end":{"line":473,"column":18}},"type":"if","locations":[{"start":{"line":472,"column":4},"end":{"line":473,"column":18}}]},"55":{"loc":{"start":{"line":472,"column":8},"end":{"line":472,"column":70}},"type":"binary-expr","locations":[{"start":{"line":472,"column":8},"end":{"line":472,"column":34}},{"start":{"line":472,"column":38},"end":{"line":472,"column":70}}]},"56":{"loc":{"start":{"line":474,"column":4},"end":{"line":475,"column":18}},"type":"if","locations":[{"start":{"line":474,"column":4},"end":{"line":475,"column":18}}]},"57":{"loc":{"start":{"line":474,"column":8},"end":{"line":474,"column":73}},"type":"binary-expr","locations":[{"start":{"line":474,"column":8},"end":{"line":474,"column":34}},{"start":{"line":474,"column":38},"end":{"line":474,"column":73}}]},"58":{"loc":{"start":{"line":476,"column":4},"end":{"line":477,"column":18}},"type":"if","locations":[{"start":{"line":476,"column":4},"end":{"line":477,"column":18}}]},"59":{"loc":{"start":{"line":476,"column":8},"end":{"line":476,"column":70}},"type":"binary-expr","locations":[{"start":{"line":476,"column":8},"end":{"line":476,"column":36}},{"start":{"line":476,"column":40},"end":{"line":476,"column":70}}]},"60":{"loc":{"start":{"line":480,"column":4},"end":{"line":484,"column":5}},"type":"if","locations":[{"start":{"line":480,"column":4},"end":{"line":484,"column":5}}]},"61":{"loc":{"start":{"line":480,"column":8},"end":{"line":480,"column":74}},"type":"binary-expr","locations":[{"start":{"line":480,"column":8},"end":{"line":480,"column":34}},{"start":{"line":480,"column":38},"end":{"line":480,"column":74}}]},"62":{"loc":{"start":{"line":481,"column":6},"end":{"line":481,"column":80}},"type":"if","locations":[{"start":{"line":481,"column":6},"end":{"line":481,"column":80}}]},"63":{"loc":{"start":{"line":481,"column":10},"end":{"line":481,"column":65}},"type":"binary-expr","locations":[{"start":{"line":481,"column":10},"end":{"line":481,"column":35}},{"start":{"line":481,"column":39},"end":{"line":481,"column":65}}]},"64":{"loc":{"start":{"line":482,"column":6},"end":{"line":482,"column":80}},"type":"if","locations":[{"start":{"line":482,"column":6},"end":{"line":482,"column":80}}]},"65":{"loc":{"start":{"line":482,"column":10},"end":{"line":482,"column":65}},"type":"binary-expr","locations":[{"start":{"line":482,"column":10},"end":{"line":482,"column":35}},{"start":{"line":482,"column":39},"end":{"line":482,"column":65}}]},"66":{"loc":{"start":{"line":485,"column":4},"end":{"line":486,"column":18}},"type":"if","locations":[{"start":{"line":485,"column":4},"end":{"line":486,"column":18}}]},"67":{"loc":{"start":{"line":485,"column":8},"end":{"line":485,"column":74}},"type":"binary-expr","locations":[{"start":{"line":485,"column":8},"end":{"line":485,"column":36}},{"start":{"line":485,"column":40},"end":{"line":485,"column":74}}]},"68":{"loc":{"start":{"line":487,"column":4},"end":{"line":488,"column":18}},"type":"if","locations":[{"start":{"line":487,"column":4},"end":{"line":488,"column":18}}]},"69":{"loc":{"start":{"line":487,"column":8},"end":{"line":487,"column":73}},"type":"binary-expr","locations":[{"start":{"line":487,"column":8},"end":{"line":487,"column":36}},{"start":{"line":487,"column":40},"end":{"line":487,"column":73}}]},"70":{"loc":{"start":{"line":489,"column":4},"end":{"line":490,"column":18}},"type":"if","locations":[{"start":{"line":489,"column":4},"end":{"line":490,"column":18}}]},"71":{"loc":{"start":{"line":489,"column":8},"end":{"line":489,"column":77}},"type":"binary-expr","locations":[{"start":{"line":489,"column":8},"end":{"line":489,"column":37}},{"start":{"line":489,"column":41},"end":{"line":489,"column":77}}]},"72":{"loc":{"start":{"line":516,"column":6},"end":{"line":518,"column":7}},"type":"if","locations":[{"start":{"line":516,"column":6},"end":{"line":518,"column":7}}]},"73":{"loc":{"start":{"line":516,"column":10},"end":{"line":516,"column":28}},"type":"binary-expr","locations":[{"start":{"line":516,"column":10},"end":{"line":516,"column":18}},{"start":{"line":516,"column":22},"end":{"line":516,"column":28}}]},"74":{"loc":{"start":{"line":522,"column":6},"end":{"line":524,"column":7}},"type":"if","locations":[{"start":{"line":522,"column":6},"end":{"line":524,"column":7}}]},"75":{"loc":{"start":{"line":529,"column":8},"end":{"line":529,"column":40}},"type":"binary-expr","locations":[{"start":{"line":529,"column":8},"end":{"line":529,"column":27}},{"start":{"line":529,"column":31},"end":{"line":529,"column":40}}]},"76":{"loc":{"start":{"line":541,"column":31},"end":{"line":543,"column":15}},"type":"cond-expr","locations":[{"start":{"line":542,"column":10},"end":{"line":542,"column":70}},{"start":{"line":543,"column":10},"end":{"line":543,"column":15}}]},"77":{"loc":{"start":{"line":545,"column":28},"end":{"line":547,"column":15}},"type":"cond-expr","locations":[{"start":{"line":546,"column":10},"end":{"line":546,"column":67}},{"start":{"line":547,"column":10},"end":{"line":547,"column":15}}]},"78":{"loc":{"start":{"line":565,"column":6},"end":{"line":572,"column":7}},"type":"if","locations":[{"start":{"line":565,"column":6},"end":{"line":572,"column":7}}]},"79":{"loc":{"start":{"line":565,"column":10},"end":{"line":565,"column":58}},"type":"binary-expr","locations":[{"start":{"line":565,"column":10},"end":{"line":565,"column":31}},{"start":{"line":565,"column":35},"end":{"line":565,"column":58}}]},"80":{"loc":{"start":{"line":567,"column":8},"end":{"line":570,"column":9}},"type":"if","locations":[{"start":{"line":567,"column":8},"end":{"line":570,"column":9}}]},"81":{"loc":{"start":{"line":575,"column":6},"end":{"line":578,"column":7}},"type":"if","locations":[{"start":{"line":575,"column":6},"end":{"line":578,"column":7}}]},"82":{"loc":{"start":{"line":595,"column":4},"end":{"line":597,"column":5}},"type":"if","locations":[{"start":{"line":595,"column":4},"end":{"line":597,"column":5}}]},"83":{"loc":{"start":{"line":595,"column":8},"end":{"line":595,"column":56}},"type":"binary-expr","locations":[{"start":{"line":595,"column":8},"end":{"line":595,"column":29}},{"start":{"line":595,"column":33},"end":{"line":595,"column":56}}]},"84":{"loc":{"start":{"line":620,"column":13},"end":{"line":620,"column":47}},"type":"cond-expr","locations":[{"start":{"line":620,"column":22},"end":{"line":620,"column":40}},{"start":{"line":620,"column":43},"end":{"line":620,"column":47}}]},"85":{"loc":{"start":{"line":643,"column":13},"end":{"line":643,"column":47}},"type":"cond-expr","locations":[{"start":{"line":643,"column":22},"end":{"line":643,"column":40}},{"start":{"line":643,"column":43},"end":{"line":643,"column":47}}]}},"s":{"0":0,"1":0,"2":0,"3":0,"4":0,"5":0,"6":0,"7":0,"8":0,"9":0,"10":0,"11":0,"12":0,"13":0,"14":0,"15":0,"16":0,"17":0,"18":0,"19":0,"20":0,"21":0,"22":0,"23":0,"24":0,"25":0,"26":0,"27":0,"28":0,"29":0,"30":0,"31":0,"32":0,"33":0,"34":0,"35":0,"36":0,"37":0,"38":0,"39":0,"40":0,"41":0,"42":0,"43":0,"44":0,"45":0,"46":0,"47":0,"48":0,"49":0,"50":0,"51":0,"52":0,"53":0,"54":0,"55":0,"56":0,"57":0,"58":0,"59":0,"60":0,"61":0,"62":0,"63":0,"64":0,"65":0,"66":0,"67":0,"68":0,"69":0,"70":0,"71":0,"72":0,"73":0,"74":0,"75":0,"76":0,"77":0,"78":0,"79":0,"80":0,"81":0,"82":0,"83":0,"84":0,"85":0,"86":0,"87":0,"88":0,"89":0,"90":0,"91":0,"92":0,"93":0,"94":0,"95":0,"96":0,"97":0,"98":0,"99":0,"100":0,"101":0,"102":0,"103":0,"104":0,"105":0,"106":0,"107":0,"108":0,"109":0,"110":0,"111":0,"112":0,"113":0,"114":0,"115":0,"116":0,"117":0,"118":0,"119":0,"120":0,"121":0,"122":0,"123":0,"124":0,"125":0,"126":0,"127":0,"128":0,"129":0,"130":0,"131":0,"132":0,"133":0,"134":0,"135":0,"136":0,"137":0,"138":0,"139":0,"140":0,"141":0,"142":0,"143":0,"144":0,"145":0,"146":0,"147":0,"148":0,"149":0,"150":0,"151":0,"152":0,"153":0,"154":0,"155":0,"156":0,"157":0,"158":0},"f":{"0":0,"1":0,"2":0,"3":0,"4":0,"5":0,"6":0,"7":0,"8":0,"9":0,"10":0,"11":0,"12":0,"13":0,"14":0,"15":0,"16":0,"17":0,"18":0,"19":0,"20":0,"21":0,"22":0,"23":0,"24":0,"25":0,"26":0},"b":{"0":[0],"1":[0],"2":[0],"3":[0],"4":[0,0],"5":[0,0],"6":[0],"7":[0,0,0,0,0],"8":[0,0],"9":[0,0],"10":[0,0],"11":[0,0],"12":[0,0],"13":[0,0],"14":[0,0,0],"15":[0,0,0],"16":[0],"17":[0],"18":[0],"19":[0],"20":[0,0,0],"21":[0,0],"22":[0],"23":[0,0,0],"24":[0],"25":[0,0],"26":[0],"27":[0,0,0],"28":[0],"29":[0,0],"30":[0],"31":[0,0],"32":[0],"33":[0,0,0],"34":[0],"35":[0,0],"36":[0],"37":[0,0],"38":[0],"39":[0,0],"40":[0],"41":[0,0],"42":[0],"43":[0,0],"44":[0],"45":[0,0],"46":[0],"47":[0,0],"48":[0],"49":[0,0],"50":[0],"51":[0,0],"52":[0],"53":[0,0],"54":[0],"55":[0,0],"56":[0],"57":[0,0],"58":[0],"59":[0,0],"60":[0],"61":[0,0],"62":[0],"63":[0,0],"64":[0],"65":[0,0],"66":[0],"67":[0,0],"68":[0],"69":[0,0],"70":[0],"71":[0,0],"72":[0],"73":[0,0],"74":[0],"75":[0,0],"76":[0,0],"77":[0,0],"78":[0],"79":[0,0],"80":[0],"81":[0],"82":[0],"83":[0,0],"84":[0,0],"85":[0,0]}}
,"C:\\nowa platforma\\athletics-platform\\backend\\src\\results\\dto\\create-result.dto.ts": {"path":"C:\\nowa platforma\\athletics-platform\\backend\\src\\results\\dto\\create-result.dto.ts","statementMap":{"0":{"start":{"line":1,"column":0},"end":{"line":1,"column":null}},"1":{"start":{"line":9,"column":0},"end":{"line":9,"column":13}},"2":{"start":{"line":11,"column":2},"end":{"line":11,"column":null}},"3":{"start":{"line":14,"column":2},"end":{"line":14,"column":null}},"4":{"start":{"line":17,"column":2},"end":{"line":17,"column":null}},"5":{"start":{"line":20,"column":2},"end":{"line":20,"column":18}},"6":{"start":{"line":24,"column":2},"end":{"line":24,"column":null}},"7":{"start":{"line":28,"column":2},"end":{"line":28,"column":null}},"8":{"start":{"line":32,"column":2},"end":{"line":32,"column":17}},"9":{"start":{"line":36,"column":2},"end":{"line":36,"column":21}},"10":{"start":{"line":40,"column":2},"end":{"line":40,"column":16}},"11":{"start":{"line":44,"column":2},"end":{"line":44,"column":null}},"12":{"start":{"line":48,"column":2},"end":{"line":48,"column":19}},"13":{"start":{"line":52,"column":2},"end":{"line":52,"column":19}},"14":{"start":{"line":56,"column":2},"end":{"line":56,"column":18}},"15":{"start":{"line":60,"column":2},"end":{"line":60,"column":null}},"16":{"start":{"line":64,"column":2},"end":{"line":64,"column":null}},"17":{"start":{"line":68,"column":2},"end":{"line":68,"column":null}},"18":{"start":{"line":72,"column":2},"end":{"line":72,"column":null}}},"fnMap":{},"branchMap":{},"s":{"0":0,"1":0,"2":0,"3":0,"4":0,"5":0,"6":0,"7":0,"8":0,"9":0,"10":0,"11":0,"12":0,"13":0,"14":0,"15":0,"16":0,"17":0,"18":0},"f":{},"b":{}}
,"C:\\nowa platforma\\athletics-platform\\backend\\src\\results\\dto\\update-result.dto.ts": {"path":"C:\\nowa platforma\\athletics-platform\\backend\\src\\results\\dto\\update-result.dto.ts","statementMap":{"0":{"start":{"line":1,"column":0},"end":{"line":1,"column":51}},"1":{"start":{"line":2,"column":0},"end":{"line":2,"column":54}},"2":{"start":{"line":4,"column":0},"end":{"line":4,"column":13}}},"fnMap":{},"branchMap":{},"s":{"0":0,"1":0,"2":0},"f":{},"b":{}}
,"C:\\nowa platforma\\athletics-platform\\backend\\src\\users\\users.controller.ts": {"path":"C:\\nowa platforma\\athletics-platform\\backend\\src\\users\\users.controller.ts","statementMap":{"0":{"start":{"line":1,"column":0},"end":{"line":1,"column":null}},"1":{"start":{"line":11,"column":0},"end":{"line":11,"column":47}},"2":{"start":{"line":12,"column":0},"end":{"line":12,"column":54}},"3":{"start":{"line":13,"column":0},"end":{"line":13,"column":54}},"4":{"start":{"line":14,"column":0},"end":{"line":14,"column":61}},"5":{"start":{"line":15,"column":0},"end":{"line":15,"column":59}},"6":{"start":{"line":16,"column":0},"end":{"line":16,"column":56}},"7":{"start":{"line":20,"column":7},"end":{"line":52,"column":null}},"8":{"start":{"line":21,"column":31},"end":{"line":21,"column":45}},"9":{"start":{"line":26,"column":4},"end":{"line":26,"column":51}},"10":{"start":{"line":32,"column":4},"end":{"line":32,"column":39}},"11":{"start":{"line":38,"column":4},"end":{"line":38,"column":41}},"12":{"start":{"line":44,"column":4},"end":{"line":44,"column":55}},"13":{"start":{"line":50,"column":4},"end":{"line":50,"column":40}},"14":{"start":{"line":20,"column":13},"end":{"line":20,"column":28}},"15":{"start":{"line":25,"column":2},"end":{"line":27,"column":null}},"16":{"start":{"line":31,"column":2},"end":{"line":33,"column":null}},"17":{"start":{"line":37,"column":2},"end":{"line":39,"column":null}},"18":{"start":{"line":43,"column":2},"end":{"line":45,"column":null}},"19":{"start":{"line":49,"column":2},"end":{"line":51,"column":null}},"20":{"start":{"line":20,"column":13},"end":{"line":52,"column":null}}},"fnMap":{"0":{"name":"(anonymous_4)","decl":{"start":{"line":21,"column":2},"end":{"line":21,"column":31}},"loc":{"start":{"line":21,"column":57},"end":{"line":21,"column":61}}},"1":{"name":"(anonymous_5)","decl":{"start":{"line":25,"column":2},"end":{"line":25,"column":8}},"loc":{"start":{"line":25,"column":45},"end":{"line":27,"column":3}}},"2":{"name":"(anonymous_6)","decl":{"start":{"line":31,"column":2},"end":{"line":31,"column":9}},"loc":{"start":{"line":31,"column":9},"end":{"line":33,"column":3}}},"3":{"name":"(anonymous_7)","decl":{"start":{"line":37,"column":2},"end":{"line":37,"column":9}},"loc":{"start":{"line":37,"column":33},"end":{"line":39,"column":3}}},"4":{"name":"(anonymous_8)","decl":{"start":{"line":43,"column":2},"end":{"line":43,"column":8}},"loc":{"start":{"line":43,"column":70},"end":{"line":45,"column":3}}},"5":{"name":"(anonymous_9)","decl":{"start":{"line":49,"column":2},"end":{"line":49,"column":8}},"loc":{"start":{"line":49,"column":32},"end":{"line":51,"column":3}}}},"branchMap":{},"s":{"0":0,"1":0,"2":0,"3":0,"4":0,"5":0,"6":0,"7":0,"8":0,"9":0,"10":0,"11":0,"12":0,"13":0,"14":0,"15":0,"16":0,"17":0,"18":0,"19":0,"20":0},"f":{"0":0,"1":0,"2":0,"3":0,"4":0,"5":0},"b":{}}
,"C:\\nowa platforma\\athletics-platform\\backend\\src\\users\\users.module.ts": {"path":"C:\\nowa platforma\\athletics-platform\\backend\\src\\users\\users.module.ts","statementMap":{"0":{"start":{"line":1,"column":0},"end":{"line":1,"column":40}},"1":{"start":{"line":2,"column":0},"end":{"line":2,"column":47}},"2":{"start":{"line":3,"column":0},"end":{"line":3,"column":53}},"3":{"start":{"line":4,"column":0},"end":{"line":4,"column":55}},"4":{"start":{"line":12,"column":7},"end":{"line":12,"column":null}},"5":{"start":{"line":12,"column":13},"end":{"line":12,"column":24}},"6":{"start":{"line":12,"column":13},"end":{"line":12,"column":null}}},"fnMap":{},"branchMap":{},"s":{"0":0,"1":0,"2":0,"3":0,"4":0,"5":0,"6":0},"f":{},"b":{}}
,"C:\\nowa platforma\\athletics-platform\\backend\\src\\users\\users.service.ts": {"path":"C:\\nowa platforma\\athletics-platform\\backend\\src\\users\\users.service.ts","statementMap":{"0":{"start":{"line":1,"column":0},"end":{"line":1,"column":44}},"1":{"start":{"line":2,"column":0},"end":{"line":2,"column":57}},"2":{"start":{"line":5,"column":0},"end":{"line":5,"column":33}},"3":{"start":{"line":8,"column":7},"end":{"line":125,"column":null}},"4":{"start":{"line":9,"column":22},"end":{"line":9,"column":30}},"5":{"start":{"line":12,"column":27},"end":{"line":12,"column":72}},"6":{"start":{"line":14,"column":4},"end":{"line":31,"column":7}},"7":{"start":{"line":35,"column":4},"end":{"line":51,"column":7}},"8":{"start":{"line":55,"column":4},"end":{"line":84,"column":7}},"9":{"start":{"line":88,"column":71},"end":{"line":90,"column":6}},"10":{"start":{"line":92,"column":4},"end":{"line":94,"column":5}},"11":{"start":{"line":93,"column":6},"end":{"line":93,"column":74}},"12":{"start":{"line":96,"column":4},"end":{"line":111,"column":7}},"13":{"start":{"line":115,"column":4},"end":{"line":123,"column":7}},"14":{"start":{"line":8,"column":13},"end":{"line":8,"column":25}},"15":{"start":{"line":8,"column":13},"end":{"line":125,"column":null}}},"fnMap":{"0":{"name":"(anonymous_2)","decl":{"start":{"line":9,"column":2},"end":{"line":9,"column":22}},"loc":{"start":{"line":9,"column":43},"end":{"line":9,"column":47}}},"1":{"name":"(anonymous_3)","decl":{"start":{"line":11,"column":2},"end":{"line":11,"column":7}},"loc":{"start":{"line":11,"column":43},"end":{"line":32,"column":3}}},"2":{"name":"(anonymous_4)","decl":{"start":{"line":34,"column":2},"end":{"line":34,"column":7}},"loc":{"start":{"line":34,"column":15},"end":{"line":52,"column":3}}},"3":{"name":"(anonymous_5)","decl":{"start":{"line":54,"column":2},"end":{"line":54,"column":7}},"loc":{"start":{"line":54,"column":26},"end":{"line":85,"column":3}}},"4":{"name":"(anonymous_6)","decl":{"start":{"line":87,"column":2},"end":{"line":87,"column":7}},"loc":{"start":{"line":87,"column":55},"end":{"line":112,"column":3}}},"5":{"name":"(anonymous_7)","decl":{"start":{"line":114,"column":2},"end":{"line":114,"column":7}},"loc":{"start":{"line":114,"column":25},"end":{"line":124,"column":3}}}},"branchMap":{"0":{"loc":{"start":{"line":92,"column":4},"end":{"line":94,"column":5}},"type":"if","locations":[{"start":{"line":92,"column":4},"end":{"line":94,"column":5}}]}},"s":{"0":0,"1":0,"2":0,"3":0,"4":0,"5":0,"6":0,"7":0,"8":0,"9":0,"10":0,"11":0,"12":0,"13":0,"14":0,"15":0},"f":{"0":0,"1":0,"2":0,"3":0,"4":0,"5":0},"b":{"0":[0]}}
,"C:\\nowa platforma\\athletics-platform\\backend\\src\\users\\dto\\create-user.dto.ts": {"path":"C:\\nowa platforma\\athletics-platform\\backend\\src\\users\\dto\\create-user.dto.ts","statementMap":{"0":{"start":{"line":1,"column":0},"end":{"line":1,"column":null}},"1":{"start":{"line":10,"column":0},"end":{"line":10,"column":null}},"2":{"start":{"line":11,"column":2},"end":{"line":11,"column":null}},"3":{"start":{"line":12,"column":2},"end":{"line":12,"column":null}},"4":{"start":{"line":13,"column":2},"end":{"line":13,"column":null}},"5":{"start":{"line":14,"column":2},"end":{"line":14,"column":null}},"6":{"start":{"line":15,"column":2},"end":{"line":15,"column":null}},"7":{"start":{"line":18,"column":0},"end":{"line":18,"column":13}},"8":{"start":{"line":20,"column":2},"end":{"line":20,"column":null}},"9":{"start":{"line":23,"column":2},"end":{"line":23,"column":null}},"10":{"start":{"line":26,"column":2},"end":{"line":26,"column":null}},"11":{"start":{"line":30,"column":2},"end":{"line":30,"column":null}},"12":{"start":{"line":33,"column":2},"end":{"line":33,"column":null}},"13":{"start":{"line":37,"column":2},"end":{"line":37,"column":null}},"14":{"start":{"line":41,"column":2},"end":{"line":41,"column":null}}},"fnMap":{"0":{"name":"(anonymous_2)","decl":{"start":{"line":10,"column":0},"end":{"line":10,"column":12}},"loc":{"start":{"line":10,"column":20},"end":{"line":16,"column":1}}}},"branchMap":{"0":{"loc":{"start":{"line":10,"column":12},"end":{"line":10,"column":null}},"type":"binary-expr","locations":[{"start":{"line":10,"column":12},"end":{"line":10,"column":20}},{"start":{"line":10,"column":20},"end":{"line":10,"column":null}}]}},"s":{"0":0,"1":0,"2":0,"3":0,"4":0,"5":0,"6":0,"7":0,"8":0,"9":0,"10":0,"11":0,"12":0,"13":0,"14":0},"f":{"0":0},"b":{"0":[0,0]}}
,"C:\\nowa platforma\\athletics-platform\\backend\\src\\users\\dto\\update-user.dto.ts": {"path":"C:\\nowa platforma\\athletics-platform\\backend\\src\\users\\dto\\update-user.dto.ts","statementMap":{"0":{"start":{"line":1,"column":0},"end":{"line":1,"column":51}},"1":{"start":{"line":2,"column":0},"end":{"line":2,"column":50}},"2":{"start":{"line":4,"column":0},"end":{"line":4,"column":13}}},"fnMap":{},"branchMap":{},"s":{"0":0,"1":0,"2":0},"f":{},"b":{}}
}
