TN:
SF:src\app.controller.ts
FN:6,(anonymous_2)
FN:9,(anonymous_3)
FNF:2
FNH:2
FNDA:1,(anonymous_2)
FNDA:1,(anonymous_3)
DA:1,1
DA:2,1
DA:5,1
DA:6,1
DA:9,1
DA:10,1
LF:6
LH:6
BRF:0
BRH:0
end_of_record
TN:
SF:src\app.module.ts
FN:88,(anonymous_1)
FNF:1
FNH:0
FNDA:0,(anonymous_1)
DA:1,0
DA:2,0
DA:3,0
DA:4,0
DA:5,0
DA:6,0
DA:7,0
DA:8,0
DA:9,0
DA:10,0
DA:11,0
DA:12,0
DA:13,0
DA:14,0
DA:15,0
DA:16,0
DA:17,0
DA:18,0
DA:19,0
DA:20,0
DA:21,0
DA:22,0
DA:23,0
DA:24,0
DA:25,0
DA:26,0
DA:27,0
DA:28,0
DA:89,0
DA:98,0
LF:30
LH:0
BRF:0
BRH:0
end_of_record
TN:
SF:src\app.service.ts
FN:5,(anonymous_1)
FNF:1
FNH:1
FNDA:1,(anonymous_1)
DA:1,1
DA:4,1
DA:6,1
LF:3
LH:3
BRF:0
BRH:0
end_of_record
TN:
SF:src\main.ts
FN:9,bootstrap
FNF:1
FNH:0
FNDA:0,bootstrap
DA:1,0
DA:2,0
DA:3,0
DA:4,0
DA:5,0
DA:6,0
DA:7,0
DA:10,0
DA:11,0
DA:14,0
DA:23,0
DA:24,0
DA:30,0
DA:35,0
DA:48,0
DA:49,0
DA:50,0
DA:52,0
LF:18
LH:0
BRDA:36,0,0,0
BRDA:36,0,1,0
BRDA:48,1,0,0
BRDA:48,1,1,0
BRF:4
BRH:0
end_of_record
TN:
SF:src\athletes\athletes.controller.ts
FN:27,(anonymous_4)
FN:31,(anonymous_5)
FN:37,(anonymous_6)
FN:58,(anonymous_7)
FN:64,(anonymous_8)
FN:70,(anonymous_9)
FN:76,(anonymous_10)
FN:82,(anonymous_11)
FN:89,(anonymous_12)
FN:108,(anonymous_13)
FN:116,(anonymous_14)
FN:134,(anonymous_15)
FNF:12
FNH:0
FNDA:0,(anonymous_4)
FNDA:0,(anonymous_5)
FNDA:0,(anonymous_6)
FNDA:0,(anonymous_7)
FNDA:0,(anonymous_8)
FNDA:0,(anonymous_9)
FNDA:0,(anonymous_10)
FNDA:0,(anonymous_11)
FNDA:0,(anonymous_12)
FNDA:0,(anonymous_13)
FNDA:0,(anonymous_14)
FNDA:0,(anonymous_15)
DA:1,0
DA:14,0
DA:16,0
DA:17,0
DA:18,0
DA:19,0
DA:20,0
DA:21,0
DA:22,0
DA:26,0
DA:27,0
DA:31,0
DA:32,0
DA:37,0
DA:42,0
DA:43,0
DA:46,0
DA:47,0
DA:50,0
DA:51,0
DA:54,0
DA:58,0
DA:59,0
DA:64,0
DA:65,0
DA:70,0
DA:71,0
DA:76,0
DA:77,0
DA:82,0
DA:83,0
DA:89,0
DA:94,0
DA:95,0
DA:98,0
DA:108,0
DA:112,0
DA:116,0
DA:123,0
DA:134,0
DA:135,0
DA:136,0
LF:42
LH:0
BRDA:42,0,0,0
BRDA:46,1,0,0
BRDA:50,2,0,0
BRDA:91,3,0,0
BRDA:92,4,0,0
BRDA:94,5,0,0
BRDA:118,6,0,0
BRDA:121,7,0,0
BRDA:135,8,0,0
BRDA:135,8,1,0
BRF:10
BRH:0
end_of_record
TN:
SF:src\athletes\athletes.module.ts
FNF:0
FNH:0
DA:1,0
DA:2,0
DA:3,0
DA:4,0
DA:12,0
LF:5
LH:0
BRF:0
BRH:0
end_of_record
TN:
SF:src\athletes\athletes.service.ts
FN:24,(anonymous_2)
FN:26,(anonymous_3)
FN:36,(anonymous_4)
FN:61,(anonymous_5)
FN:106,(anonymous_6)
FN:125,(anonymous_7)
FN:171,(anonymous_8)
FN:194,(anonymous_9)
FN:203,(anonymous_10)
FN:218,(anonymous_11)
FN:224,(anonymous_12)
FN:242,(anonymous_13)
FN:244,(anonymous_14)
FN:255,(anonymous_15)
FN:257,(anonymous_16)
FN:261,(anonymous_17)
FN:268,(anonymous_18)
FN:330,(anonymous_19)
FN:331,(anonymous_20)
FN:357,(anonymous_21)
FN:358,(anonymous_22)
FN:359,(anonymous_23)
FN:363,(anonymous_24)
FN:374,(anonymous_25)
FN:377,(anonymous_26)
FN:391,(anonymous_27)
FN:407,(anonymous_28)
FN:439,(anonymous_29)
FN:470,(anonymous_30)
FN:507,(anonymous_31)
FN:522,(anonymous_32)
FN:602,(anonymous_33)
FN:625,(anonymous_34)
FN:649,(anonymous_35)
FN:674,(anonymous_36)
FN:720,(anonymous_37)
FN:753,(anonymous_38)
FN:768,(anonymous_39)
FN:773,(anonymous_40)
FN:792,(anonymous_41)
FN:805,(anonymous_42)
FNF:41
FNH:12
FNDA:13,(anonymous_2)
FNDA:0,(anonymous_3)
FNDA:0,(anonymous_4)
FNDA:0,(anonymous_5)
FNDA:0,(anonymous_6)
FNDA:0,(anonymous_7)
FNDA:0,(anonymous_8)
FNDA:0,(anonymous_9)
FNDA:0,(anonymous_10)
FNDA:0,(anonymous_11)
FNDA:0,(anonymous_12)
FNDA:0,(anonymous_13)
FNDA:0,(anonymous_14)
FNDA:0,(anonymous_15)
FNDA:0,(anonymous_16)
FNDA:0,(anonymous_17)
FNDA:0,(anonymous_18)
FNDA:0,(anonymous_19)
FNDA:0,(anonymous_20)
FNDA:0,(anonymous_21)
FNDA:0,(anonymous_22)
FNDA:0,(anonymous_23)
FNDA:0,(anonymous_24)
FNDA:0,(anonymous_25)
FNDA:0,(anonymous_26)
FNDA:0,(anonymous_27)
FNDA:0,(anonymous_28)
FNDA:0,(anonymous_29)
FNDA:0,(anonymous_30)
FNDA:0,(anonymous_31)
FNDA:5,(anonymous_32)
FNDA:10,(anonymous_33)
FNDA:12,(anonymous_34)
FNDA:19,(anonymous_35)
FNDA:2,(anonymous_36)
FNDA:2,(anonymous_37)
FNDA:4,(anonymous_38)
FNDA:4,(anonymous_39)
FNDA:1,(anonymous_40)
FNDA:1,(anonymous_41)
FNDA:1,(anonymous_42)
DA:1,1
DA:2,1
DA:3,1
DA:4,1
DA:5,1
DA:21,1
DA:22,13
DA:24,13
DA:27,0
DA:37,0
DA:62,0
DA:107,0
DA:127,0
DA:143,0
DA:144,0
DA:147,0
DA:173,0
DA:181,0
DA:182,0
DA:183,0
DA:186,0
DA:195,0
DA:204,0
DA:208,0
DA:209,0
DA:212,0
DA:219,0
DA:225,0
DA:237,0
DA:238,0
DA:241,0
DA:242,0
DA:244,0
DA:245,0
DA:246,0
DA:248,0
DA:255,0
DA:257,0
DA:262,0
DA:273,0
DA:280,0
DA:281,0
DA:284,0
DA:285,0
DA:286,0
DA:289,0
DA:290,0
DA:291,0
DA:296,0
DA:297,0
DA:298,0
DA:302,0
DA:304,0
DA:305,0
DA:306,0
DA:307,0
DA:309,0
DA:312,0
DA:313,0
DA:317,0
DA:318,0
DA:323,0
DA:324,0
DA:327,0
DA:331,0
DA:332,0
DA:336,0
DA:338,0
DA:340,0
DA:342,0
DA:344,0
DA:345,0
DA:350,0
DA:353,0
DA:355,0
DA:357,0
DA:358,0
DA:359,0
DA:365,0
DA:366,0
DA:374,0
DA:375,0
DA:377,0
DA:378,0
DA:381,0
DA:382,0
DA:383,0
DA:384,0
DA:388,0
DA:395,0
DA:396,0
DA:397,0
DA:399,0
DA:402,0
DA:403,0
DA:409,0
DA:410,0
DA:411,0
DA:412,0
DA:414,0
DA:415,0
DA:419,0
DA:421,0
DA:426,0
DA:428,0
DA:441,0
DA:442,0
DA:443,0
DA:444,0
DA:445,0
DA:446,0
DA:448,0
DA:449,0
DA:454,0
DA:457,0
DA:459,0
DA:487,0
DA:488,0
DA:489,0
DA:491,0
DA:492,0
DA:493,0
DA:494,0
DA:495,0
DA:496,0
DA:497,0
DA:498,0
DA:499,0
DA:500,0
DA:501,0
DA:502,0
DA:503,0
DA:504,0
DA:508,0
DA:529,5
DA:538,5
DA:539,0
DA:542,5
DA:543,5
DA:546,5
DA:547,5
DA:550,5
DA:552,5
DA:555,5
DA:557,5
DA:563,5
DA:564,3
DA:572,5
DA:573,4
DA:581,5
DA:582,4
DA:591,5
DA:608,10
DA:610,10
DA:612,7
DA:618,3
DA:626,12
DA:643,12
DA:651,19
DA:653,19
DA:655,15
DA:656,4
DA:658,3
DA:659,1
DA:661,1
DA:668,0
DA:675,2
DA:686,2
DA:687,0
DA:690,2
DA:691,2
DA:693,2
DA:694,1
DA:706,1
DA:727,2
DA:729,2
DA:730,1
DA:733,2
DA:734,0
DA:737,2
DA:752,2
DA:754,4
DA:755,4
DA:758,4
DA:760,4
DA:762,3
DA:768,4
DA:771,2
DA:773,2
DA:774,1
DA:776,1
DA:782,0
DA:786,2
DA:793,1
DA:796,1
DA:804,1
DA:805,1
DA:808,1
DA:810,1
DA:811,1
DA:812,1
DA:815,1
DA:816,2
DA:817,2
DA:819,2
DA:820,1
DA:821,1
DA:826,1
DA:827,1
DA:834,1
DA:838,1
LF:211
LH:80
BRDA:31,0,0,0
BRDA:31,0,1,0
BRDA:143,1,0,0
BRDA:182,2,0,0
BRDA:208,3,0,0
BRDA:237,4,0,0
BRDA:271,5,0,0
BRDA:285,6,0,0
BRDA:285,7,0,0
BRDA:285,7,1,0
BRDA:296,8,0,0
BRDA:304,9,0,0
BRDA:304,9,1,0
BRDA:305,10,0,0
BRDA:305,10,1,0
BRDA:317,11,0,0
BRDA:317,11,1,0
BRDA:323,12,0,0
BRDA:323,12,1,0
BRDA:340,13,0,0
BRDA:344,14,0,0
BRDA:381,15,0,0
BRDA:381,15,1,0
BRDA:383,16,0,0
BRDA:396,17,0,0
BRDA:396,17,1,0
BRDA:409,18,0,0
BRDA:409,18,1,0
BRDA:410,19,0,0
BRDA:410,19,1,0
BRDA:411,20,0,0
BRDA:411,20,1,0
BRDA:412,21,0,0
BRDA:412,21,1,0
BRDA:414,22,0,0
BRDA:414,23,0,0
BRDA:414,23,1,0
BRDA:414,23,2,0
BRDA:419,24,0,0
BRDA:419,24,1,0
BRDA:421,25,0,0
BRDA:421,25,1,0
BRDA:421,26,0,0
BRDA:421,26,1,0
BRDA:433,27,0,0
BRDA:433,27,1,0
BRDA:441,28,0,0
BRDA:441,28,1,0
BRDA:442,29,0,0
BRDA:442,29,1,0
BRDA:443,30,0,0
BRDA:443,30,1,0
BRDA:444,31,0,0
BRDA:444,31,1,0
BRDA:445,32,0,0
BRDA:445,32,1,0
BRDA:446,33,0,0
BRDA:446,33,1,0
BRDA:448,34,0,0
BRDA:448,35,0,0
BRDA:448,35,1,0
BRDA:448,35,2,0
BRDA:454,36,0,0
BRDA:454,36,1,0
BRDA:454,37,0,0
BRDA:454,37,1,0
BRDA:464,38,0,0
BRDA:464,38,1,0
BRDA:466,39,0,0
BRDA:466,39,1,0
BRDA:491,40,0,0
BRDA:492,41,0,0
BRDA:493,42,0,0
BRDA:494,43,0,0
BRDA:495,44,0,0
BRDA:496,45,0,0
BRDA:497,46,0,0
BRDA:498,47,0,0
BRDA:499,48,0,0
BRDA:500,49,0,0
BRDA:501,50,0,0
BRDA:502,51,0,0
BRDA:503,52,0,0
BRDA:538,53,0,0
BRDA:546,54,0,5
BRDA:546,54,1,0
BRDA:547,55,0,5
BRDA:547,55,1,0
BRDA:552,56,0,5
BRDA:552,56,1,3
BRDA:557,57,0,5
BRDA:557,57,1,2
BRDA:557,57,2,2
BRDA:557,57,3,1
BRDA:563,58,0,3
BRDA:572,59,0,4
BRDA:581,60,0,4
BRDA:581,61,0,5
BRDA:581,61,1,2
BRDA:610,62,0,7
BRDA:610,62,1,3
BRDA:653,63,0,15
BRDA:653,63,1,4
BRDA:656,64,0,3
BRDA:656,64,1,1
BRDA:659,65,0,1
BRDA:686,66,0,0
BRDA:690,67,0,2
BRDA:690,67,1,0
BRDA:691,68,0,2
BRDA:691,68,1,0
BRDA:693,69,0,1
BRDA:701,70,0,1
BRDA:701,70,1,0
BRDA:702,71,0,1
BRDA:702,71,1,0
BRDA:722,72,0,0
BRDA:725,73,0,2
BRDA:729,74,0,1
BRDA:733,75,0,0
BRDA:754,76,0,4
BRDA:754,76,1,0
BRDA:755,77,0,4
BRDA:755,77,1,0
BRDA:758,78,0,4
BRDA:758,78,1,0
BRDA:760,79,0,1
BRDA:774,80,0,1
BRDA:774,80,1,0
BRDA:793,81,0,1
BRDA:793,81,1,0
BRDA:811,82,0,1
BRDA:811,82,1,0
BRDA:819,83,0,1
BRDA:826,84,0,1
BRDA:831,85,0,1
BRDA:831,85,1,0
BRF:137
BRH:37
end_of_record
TN:
SF:src\athletes\dto\create-athlete.dto.ts
FN:9,(anonymous_2)
FN:15,(anonymous_3)
FNF:2
FNH:0
FNDA:0,(anonymous_2)
FNDA:0,(anonymous_3)
DA:1,0
DA:9,0
DA:10,0
DA:11,0
DA:12,0
DA:15,0
DA:16,0
DA:17,0
DA:18,0
DA:19,0
DA:20,0
DA:21,0
DA:22,0
DA:23,0
DA:24,0
DA:25,0
DA:26,0
DA:27,0
DA:28,0
DA:29,0
DA:32,0
DA:34,0
DA:37,0
DA:40,0
DA:43,0
DA:47,0
DA:50,0
DA:54,0
DA:58,0
DA:62,0
DA:66,0
LF:31
LH:0
BRDA:9,0,0,0
BRDA:9,0,1,0
BRDA:15,1,0,0
BRDA:15,1,1,0
BRF:4
BRH:0
end_of_record
TN:
SF:src\athletes\dto\update-athlete.dto.ts
FNF:0
FNH:0
DA:1,0
DA:2,0
DA:4,0
LF:3
LH:0
BRF:0
BRH:0
end_of_record
TN:
SF:src\auth\auth.controller.ts
FN:22,(anonymous_4)
FN:26,(anonymous_5)
FN:51,(anonymous_6)
FN:83,(anonymous_7)
FN:91,(anonymous_8)
FN:97,(anonymous_9)
FNF:6
FNH:0
FNDA:0,(anonymous_4)
FNDA:0,(anonymous_5)
FNDA:0,(anonymous_6)
FNDA:0,(anonymous_7)
FNDA:0,(anonymous_8)
FNDA:0,(anonymous_9)
DA:1,0
DA:10,0
DA:15,0
DA:16,0
DA:17,0
DA:18,0
DA:21,0
DA:22,0
DA:26,0
DA:30,0
DA:33,0
DA:34,0
DA:43,0
DA:51,0
DA:57,0
DA:60,0
DA:62,0
DA:65,0
DA:66,0
DA:75,0
DA:83,0
DA:85,0
DA:86,0
DA:91,0
DA:92,0
DA:97,0
DA:100,0
LF:27
LH:0
BRDA:37,0,0,0
BRDA:37,0,1,0
BRDA:57,1,0,0
BRDA:57,1,1,0
BRDA:57,1,2,0
BRDA:69,2,0,0
BRDA:69,2,1,0
BRF:7
BRH:0
end_of_record
TN:
SF:src\auth\auth.module.ts
FN:18,(anonymous_1)
FNF:1
FNH:0
FNDA:0,(anonymous_1)
DA:1,0
DA:2,0
DA:3,0
DA:4,0
DA:5,0
DA:6,0
DA:7,0
DA:8,0
DA:9,0
DA:19,0
DA:20,0
DA:21,0
DA:23,0
DA:37,0
LF:14
LH:0
BRDA:20,0,0,0
BRDA:20,1,0,0
BRDA:20,1,1,0
BRDA:25,2,0,0
BRDA:25,2,1,0
BRF:5
BRH:0
end_of_record
TN:
SF:src\auth\auth.service.ts
FN:18,(anonymous_2)
FN:24,(anonymous_3)
FN:78,(anonymous_4)
FN:150,(anonymous_5)
FN:174,(anonymous_6)
FNF:5
FNH:0
FNDA:0,(anonymous_2)
FNDA:0,(anonymous_3)
FNDA:0,(anonymous_4)
FNDA:0,(anonymous_5)
FNDA:0,(anonymous_6)
DA:1,0
DA:7,0
DA:8,0
DA:9,0
DA:10,0
DA:15,0
DA:16,0
DA:19,0
DA:20,0
DA:21,0
DA:25,0
DA:28,0
DA:32,0
DA:33,0
DA:39,0
DA:42,0
DA:64,0
DA:69,0
DA:71,0
DA:79,0
DA:80,0
DA:83,0
DA:87,0
DA:88,0
DA:89,0
DA:90,0
DA:94,0
DA:95,0
DA:96,0
DA:97,0
DA:101,0
DA:102,0
DA:103,0
DA:106,0
DA:107,0
DA:111,0
DA:117,0
DA:124,0
DA:127,0
DA:132,0
DA:134,0
DA:151,0
DA:165,0
DA:166,0
DA:171,0
DA:175,0
LF:46
LH:0
BRDA:32,0,0,0
BRDA:87,1,0,0
BRDA:89,2,0,0
BRDA:89,2,1,0
BRDA:94,3,0,0
BRDA:96,4,0,0
BRDA:96,4,1,0
BRDA:102,5,0,0
BRDA:106,6,0,0
BRDA:106,6,1,0
BRDA:120,7,0,0
BRDA:120,7,1,0
BRDA:165,8,0,0
BRDA:165,9,0,0
BRDA:165,9,1,0
BRF:15
BRH:0
end_of_record
TN:
SF:src\auth\decorators\public.decorator.ts
FN:4,(anonymous_0)
FNF:1
FNH:0
FNDA:0,(anonymous_0)
DA:1,0
DA:3,0
DA:4,0
LF:3
LH:0
BRF:0
BRH:0
end_of_record
TN:
SF:src\auth\decorators\roles.decorator.ts
FN:5,(anonymous_0)
FNF:1
FNH:0
FNDA:0,(anonymous_0)
DA:1,0
DA:4,0
DA:5,0
LF:3
LH:0
BRF:0
BRH:0
end_of_record
TN:
SF:src\auth\dto\login.dto.ts
FNF:0
FNH:0
DA:1,0
DA:3,0
DA:6,0
DA:11,0
LF:4
LH:0
BRF:0
BRH:0
end_of_record
TN:
SF:src\auth\dto\register.dto.ts
FNF:0
FNH:0
DA:1,0
DA:10,0
DA:12,0
DA:15,0
DA:24,0
DA:28,0
DA:32,0
DA:36,0
DA:40,0
LF:9
LH:0
BRF:0
BRH:0
end_of_record
TN:
SF:src\auth\guards\jwt-auth.guard.ts
FN:8,(anonymous_2)
FN:12,(anonymous_3)
FNF:2
FNH:0
FNDA:0,(anonymous_2)
FNDA:0,(anonymous_3)
DA:1,0
DA:2,0
DA:3,0
DA:4,0
DA:7,0
DA:8,0
DA:9,0
DA:13,0
DA:17,0
DA:18,0
DA:20,0
LF:11
LH:0
BRDA:17,0,0,0
BRF:1
BRH:0
end_of_record
TN:
SF:src\auth\guards\roles.guard.ts
FN:8,(anonymous_2)
FN:10,(anonymous_3)
FN:23,(anonymous_4)
FNF:3
FNH:0
FNDA:0,(anonymous_2)
FNDA:0,(anonymous_3)
FNDA:0,(anonymous_4)
DA:1,0
DA:2,0
DA:4,0
DA:7,0
DA:8,0
DA:11,0
DA:16,0
DA:17,0
DA:20,0
DA:23,0
LF:10
LH:0
BRDA:16,0,0,0
BRF:1
BRH:0
end_of_record
TN:
SF:src\auth\strategies\jwt.strategy.ts
FN:10,(anonymous_2)
FN:17,(anonymous_3)
FN:24,(anonymous_4)
FN:37,(anonymous_5)
FNF:4
FNH:0
FNDA:0,(anonymous_2)
FNDA:0,(anonymous_3)
FNDA:0,(anonymous_4)
FNDA:0,(anonymous_5)
DA:1,0
DA:2,0
DA:3,0
DA:4,0
DA:5,0
DA:9,0
DA:11,0
DA:12,0
DA:14,0
DA:18,0
DA:25,0
DA:26,0
DA:27,0
DA:29,0
DA:48,0
DA:60,0
DA:61,0
DA:66,0
LF:18
LH:0
BRDA:26,0,0,0
BRDA:26,1,0,0
BRDA:26,1,1,0
BRDA:30,2,0,0
BRDA:30,2,1,0
BRDA:60,3,0,0
BRDA:60,4,0,0
BRDA:60,4,1,0
BRDA:69,5,0,0
BRDA:69,5,1,0
BRDA:70,6,0,0
BRDA:70,6,1,0
BRF:12
BRH:0
end_of_record
TN:
SF:src\combined-events\combined-events-registration.controller.ts
FN:24,(anonymous_4)
FN:33,(anonymous_5)
FN:52,(anonymous_6)
FN:80,(anonymous_7)
FN:105,(anonymous_8)
FN:126,(anonymous_9)
FNF:6
FNH:0
FNDA:0,(anonymous_4)
FNDA:0,(anonymous_5)
FNDA:0,(anonymous_6)
FNDA:0,(anonymous_7)
FNDA:0,(anonymous_8)
FNDA:0,(anonymous_9)
DA:1,0
DA:11,0
DA:12,0
DA:13,0
DA:14,0
DA:15,0
DA:23,0
DA:25,0
DA:33,0
DA:34,0
DA:35,0
DA:40,0
DA:43,0
DA:52,0
DA:62,0
DA:63,0
DA:68,0
DA:71,0
DA:80,0
DA:84,0
DA:85,0
DA:93,0
DA:96,0
DA:105,0
DA:108,0
DA:109,0
DA:114,0
DA:117,0
DA:126,0
DA:127,0
LF:30
LH:0
BRDA:40,0,0,0
BRDA:40,0,1,0
BRDA:68,1,0,0
BRDA:68,1,1,0
BRDA:93,2,0,0
BRDA:93,2,1,0
BRDA:114,3,0,0
BRDA:114,3,1,0
BRF:8
BRH:0
end_of_record
TN:
SF:src\combined-events\combined-events-registration.service.ts
FN:33,(anonymous_2)
FN:43,(anonymous_3)
FN:98,(anonymous_4)
FN:182,(anonymous_5)
FN:192,(anonymous_6)
FN:211,(anonymous_7)
FN:218,(anonymous_8)
FN:226,(anonymous_9)
FN:266,(anonymous_10)
FN:291,(anonymous_11)
FN:311,(anonymous_12)
FN:334,(anonymous_13)
FN:350,(anonymous_14)
FN:373,(anonymous_15)
FN:390,(anonymous_16)
FNF:15
FNH:0
FNDA:0,(anonymous_2)
FNDA:0,(anonymous_3)
FNDA:0,(anonymous_4)
FNDA:0,(anonymous_5)
FNDA:0,(anonymous_6)
FNDA:0,(anonymous_7)
FNDA:0,(anonymous_8)
FNDA:0,(anonymous_9)
FNDA:0,(anonymous_10)
FNDA:0,(anonymous_11)
FNDA:0,(anonymous_12)
FNDA:0,(anonymous_13)
FNDA:0,(anonymous_14)
FNDA:0,(anonymous_15)
FNDA:0,(anonymous_16)
DA:1,0
DA:6,0
DA:12,0
DA:13,0
DA:14,0
DA:15,0
DA:32,0
DA:34,0
DA:35,0
DA:36,0
DA:37,0
DA:47,0
DA:51,0
DA:52,0
DA:56,0
DA:60,0
DA:61,0
DA:65,0
DA:73,0
DA:74,0
DA:80,0
DA:88,0
DA:89,0
DA:92,0
DA:99,0
DA:108,0
DA:109,0
DA:112,0
DA:117,0
DA:118,0
DA:120,0
DA:122,0
DA:126,0
DA:128,0
DA:139,0
DA:142,0
DA:144,0
DA:155,0
DA:156,0
DA:166,0
DA:171,0
DA:183,0
DA:193,0
DA:211,0
DA:218,0
DA:233,0
DA:234,0
DA:236,0
DA:237,0
DA:238,0
DA:245,0
DA:247,0
DA:254,0
DA:267,0
DA:287,0
DA:288,0
DA:292,0
DA:306,0
DA:308,0
DA:312,0
DA:326,0
DA:328,0
DA:329,0
DA:331,0
DA:335,0
DA:347,0
DA:351,0
DA:370,0
DA:377,0
DA:380,0
DA:387,0
DA:394,0
DA:397,0
DA:404,0
LF:74
LH:0
BRDA:51,0,0,0
BRDA:60,1,0,0
BRDA:73,2,0,0
BRDA:88,3,0,0
BRDA:108,4,0,0
BRDA:142,5,0,0
BRDA:147,6,0,0
BRDA:147,6,1,0
BRDA:155,7,0,0
BRDA:287,8,0,0
BRDA:287,8,1,0
BRDA:292,9,0,0
BRDA:312,10,0,0
BRDA:328,11,0,0
BRDA:347,12,0,0
BRDA:347,12,1,0
BRDA:370,13,0,0
BRDA:370,13,1,0
BRDA:377,14,0,0
BRDA:387,15,0,0
BRDA:387,15,1,0
BRDA:394,16,0,0
BRDA:404,17,0,0
BRDA:404,17,1,0
BRF:24
BRH:0
end_of_record
TN:
SF:src\combined-events\combined-events.controller.ts
FN:32,(anonymous_4)
FN:39,(anonymous_5)
FN:48,(anonymous_6)
FN:83,(anonymous_7)
FN:100,(anonymous_8)
FN:118,(anonymous_9)
FN:129,(anonymous_10)
FN:151,(anonymous_11)
FN:162,(anonymous_12)
FN:200,(anonymous_13)
FN:217,(anonymous_14)
FN:234,(anonymous_15)
FN:270,(anonymous_16)
FNF:13
FNH:0
FNDA:0,(anonymous_4)
FNDA:0,(anonymous_5)
FNDA:0,(anonymous_6)
FNDA:0,(anonymous_7)
FNDA:0,(anonymous_8)
FNDA:0,(anonymous_9)
FNDA:0,(anonymous_10)
FNDA:0,(anonymous_11)
FNDA:0,(anonymous_12)
FNDA:0,(anonymous_13)
FNDA:0,(anonymous_14)
FNDA:0,(anonymous_15)
FNDA:0,(anonymous_16)
DA:1,0
DA:18,0
DA:19,0
DA:20,0
DA:21,0
DA:22,0
DA:23,0
DA:24,0
DA:25,0
DA:26,0
DA:27,0
DA:31,0
DA:32,0
DA:39,0
DA:40,0
DA:48,0
DA:52,0
DA:54,0
DA:55,0
DA:62,0
DA:64,0
DA:68,0
DA:71,0
DA:74,0
DA:83,0
DA:84,0
DA:85,0
DA:88,0
DA:91,0
DA:100,0
DA:101,0
DA:103,0
DA:104,0
DA:110,0
DA:118,0
DA:119,0
DA:129,0
DA:133,0
DA:134,0
DA:140,0
DA:151,0
DA:152,0
DA:162,0
DA:167,0
DA:169,0
DA:174,0
DA:175,0
DA:181,0
DA:188,0
DA:191,0
DA:200,0
DA:201,0
DA:202,0
DA:205,0
DA:208,0
DA:217,0
DA:218,0
DA:219,0
DA:222,0
DA:225,0
DA:234,0
DA:235,0
DA:237,0
DA:242,0
DA:243,0
DA:249,0
DA:255,0
DA:258,0
DA:261,0
DA:270,0
DA:271,0
DA:276,0
LF:72
LH:0
BRDA:54,0,0,0
BRDA:62,1,0,0
BRDA:62,1,1,0
BRDA:71,2,0,0
BRDA:71,2,1,0
BRDA:88,3,0,0
BRDA:88,3,1,0
BRDA:103,4,0,0
BRDA:133,5,0,0
BRDA:174,6,0,0
BRDA:188,7,0,0
BRDA:188,7,1,0
BRDA:205,8,0,0
BRDA:205,8,1,0
BRDA:222,9,0,0
BRDA:222,9,1,0
BRDA:242,10,0,0
BRDA:252,11,0,0
BRDA:252,11,1,0
BRDA:258,12,0,0
BRDA:258,12,1,0
BRF:21
BRH:0
end_of_record
TN:
SF:src\combined-events\combined-events.module.ts
FNF:0
FNH:0
DA:1,0
DA:2,0
DA:3,0
DA:4,0
DA:5,0
DA:6,0
DA:7,0
DA:8,0
DA:16,0
LF:9
LH:0
BRF:0
BRH:0
end_of_record
TN:
SF:src\combined-events\combined-events.service.ts
FN:22,(anonymous_4)
FN:30,(anonymous_5)
FN:79,(anonymous_6)
FN:191,(anonymous_7)
FN:225,(anonymous_8)
FN:249,(anonymous_9)
FN:272,(anonymous_10)
FN:278,(anonymous_11)
FN:295,(anonymous_12)
FN:332,(anonymous_13)
FN:333,(anonymous_14)
FN:336,(anonymous_15)
FN:368,(anonymous_16)
FN:374,(anonymous_17)
FN:375,(anonymous_18)
FN:377,(anonymous_19)
FN:394,(anonymous_20)
FN:410,(anonymous_21)
FN:426,(anonymous_22)
FN:471,(anonymous_23)
FN:499,(anonymous_24)
FN:513,(anonymous_25)
FN:528,(anonymous_26)
FN:542,(anonymous_27)
FN:552,(anonymous_28)
FN:556,(anonymous_29)
FN:560,(anonymous_30)
FN:566,(anonymous_31)
FN:578,(anonymous_32)
FNF:29
FNH:16
FNDA:32,(anonymous_4)
FNDA:15,(anonymous_5)
FNDA:0,(anonymous_6)
FNDA:6,(anonymous_7)
FNDA:5,(anonymous_8)
FNDA:27,(anonymous_9)
FNDA:2,(anonymous_10)
FNDA:2,(anonymous_11)
FNDA:1,(anonymous_12)
FNDA:1,(anonymous_13)
FNDA:1,(anonymous_14)
FNDA:1,(anonymous_15)
FNDA:2,(anonymous_16)
FNDA:6,(anonymous_17)
FNDA:5,(anonymous_18)
FNDA:6,(anonymous_19)
FNDA:0,(anonymous_20)
FNDA:0,(anonymous_21)
FNDA:0,(anonymous_22)
FNDA:0,(anonymous_23)
FNDA:0,(anonymous_24)
FNDA:0,(anonymous_25)
FNDA:0,(anonymous_26)
FNDA:0,(anonymous_27)
FNDA:0,(anonymous_28)
FNDA:0,(anonymous_29)
FNDA:0,(anonymous_30)
FNDA:0,(anonymous_31)
FNDA:27,(anonymous_32)
DA:1,1
DA:2,1
DA:4,1
DA:5,1
DA:10,1
DA:21,1
DA:23,32
DA:24,32
DA:35,15
DA:37,15
DA:38,1
DA:44,14
DA:46,9
DA:47,9
DA:49,9
DA:50,1
DA:53,8
DA:56,5
DA:57,1
DA:58,4
DA:59,1
DA:61,3
DA:64,5
DA:66,5
DA:67,0
DA:70,5
DA:73,13
DA:80,0
DA:196,6
DA:197,0
DA:199,0
DA:208,0
DA:219,6
DA:226,5
DA:231,5
DA:232,1
DA:236,4
DA:248,4
DA:250,27
DA:263,4
DA:278,2
DA:280,2
DA:285,2
DA:286,1
DA:290,1
DA:295,1
DA:296,1
DA:297,0
DA:303,1
DA:310,1
DA:327,1
DA:331,1
DA:332,1
DA:333,1
DA:335,1
DA:336,1
DA:338,1
DA:339,1
DA:341,1
DA:351,1
DA:356,1
DA:357,1
DA:358,1
DA:361,1
DA:369,2
DA:373,2
DA:374,6
DA:375,5
DA:377,6
DA:378,2
DA:379,2
DA:381,2
DA:395,0
DA:411,0
DA:431,0
DA:433,0
DA:455,0
DA:475,0
DA:478,0
DA:479,0
DA:480,0
DA:483,0
DA:499,0
DA:505,0
DA:507,0
DA:515,0
DA:520,0
DA:530,0
DA:540,0
DA:542,0
DA:551,0
DA:552,0
DA:554,0
DA:555,0
DA:556,0
DA:560,0
DA:561,0
DA:566,0
DA:567,0
DA:572,0
DA:579,27
DA:580,27
DA:581,13
DA:584,12
DA:586,2
DA:589,0
DA:591,3
DA:593,3
DA:595,3
DA:597,0
DA:599,0
DA:601,0
DA:603,0
DA:605,0
DA:607,1
DA:609,0
DA:612,14
DA:613,3
DA:614,3
DA:615,11
DA:616,1
DA:617,1
DA:618,10
DA:619,3
DA:620,3
DA:621,7
DA:622,1
DA:623,1
DA:624,6
DA:625,3
DA:626,3
DA:627,3
DA:628,3
DA:629,3
DA:630,0
DA:631,0
DA:632,0
DA:633,0
DA:634,0
DA:635,0
DA:636,0
DA:637,0
DA:638,0
DA:639,0
DA:640,0
DA:641,0
DA:642,0
DA:643,0
DA:644,0
DA:646,0
DA:647,0
DA:651,1
LF:152
LH:94
BRDA:33,0,0,0
BRDA:37,1,0,1
BRDA:44,2,0,9
BRDA:44,2,1,5
BRDA:49,3,0,1
BRDA:56,4,0,1
BRDA:56,4,1,4
BRDA:56,5,0,5
BRDA:56,5,1,4
BRDA:58,6,0,1
BRDA:58,6,1,3
BRDA:66,7,0,0
BRDA:196,8,0,0
BRDA:197,9,0,0
BRDA:197,9,1,0
BRDA:219,10,0,6
BRDA:219,10,1,1
BRDA:231,11,0,1
BRDA:231,12,0,5
BRDA:231,12,1,5
BRDA:285,13,0,1
BRDA:296,14,0,0
BRDA:356,15,0,1
BRDA:428,16,0,0
BRDA:429,17,0,0
BRDA:479,18,0,0
BRDA:551,19,0,0
BRDA:554,20,0,0
BRDA:561,21,0,0
BRDA:561,21,1,0
BRDA:568,22,0,0
BRDA:568,22,1,0
BRDA:580,23,0,13
BRDA:580,23,1,14
BRDA:584,24,0,2
BRDA:584,24,1,0
BRDA:584,24,2,0
BRDA:584,24,3,3
BRDA:584,24,4,3
BRDA:584,24,5,3
BRDA:584,24,6,0
BRDA:584,24,7,0
BRDA:584,24,8,0
BRDA:584,24,9,0
BRDA:584,24,10,0
BRDA:584,24,11,1
BRDA:584,24,12,0
BRDA:586,25,0,2
BRDA:586,25,1,1
BRDA:589,26,0,0
BRDA:589,26,1,0
BRDA:591,27,0,3
BRDA:591,27,1,2
BRDA:593,28,0,3
BRDA:593,28,1,2
BRDA:595,29,0,3
BRDA:595,29,1,2
BRDA:597,30,0,0
BRDA:597,30,1,0
BRDA:599,31,0,0
BRDA:599,31,1,0
BRDA:601,32,0,0
BRDA:601,32,1,0
BRDA:603,33,0,0
BRDA:603,33,1,0
BRDA:605,34,0,0
BRDA:605,34,1,0
BRDA:607,35,0,1
BRDA:607,35,1,1
BRDA:609,36,0,0
BRDA:609,36,1,0
BRDA:612,37,0,3
BRDA:612,37,1,11
BRDA:614,38,0,3
BRDA:614,38,1,1
BRDA:615,39,0,1
BRDA:615,39,1,10
BRDA:617,40,0,1
BRDA:617,40,1,1
BRDA:618,41,0,3
BRDA:618,41,1,7
BRDA:620,42,0,3
BRDA:620,42,1,2
BRDA:621,43,0,1
BRDA:621,43,1,6
BRDA:623,44,0,1
BRDA:623,44,1,1
BRDA:624,45,0,3
BRDA:624,45,1,3
BRDA:626,46,0,3
BRDA:626,46,1,3
BRDA:627,47,0,3
BRDA:627,47,1,0
BRDA:629,48,0,3
BRDA:629,48,1,3
BRDA:630,49,0,0
BRDA:630,49,1,0
BRDA:632,50,0,0
BRDA:632,50,1,0
BRDA:633,51,0,0
BRDA:633,51,1,0
BRDA:635,52,0,0
BRDA:635,52,1,0
BRDA:636,53,0,0
BRDA:636,53,1,0
BRDA:638,54,0,0
BRDA:638,54,1,0
BRDA:639,55,0,0
BRDA:639,55,1,0
BRDA:641,56,0,0
BRDA:641,56,1,0
BRDA:642,57,0,0
BRDA:642,57,1,0
BRDA:644,58,0,0
BRDA:644,58,1,0
BRDA:647,59,0,0
BRDA:647,59,1,0
BRF:117
BRH:57
end_of_record
TN:
SF:src\combined-events\demo-official-combined-events.ts
FN:17,(anonymous_0)
FN:24,(anonymous_1)
FN:25,(anonymous_2)
FN:26,(anonymous_3)
FN:27,(anonymous_4)
FN:30,(anonymous_5)
FN:37,(anonymous_6)
FN:38,(anonymous_7)
FN:39,(anonymous_8)
FN:46,(anonymous_9)
FN:61,(anonymous_10)
FN:68,(anonymous_11)
FN:76,(anonymous_12)
FN:78,(anonymous_13)
FN:92,(anonymous_14)
FN:133,(anonymous_15)
FN:139,(anonymous_16)
FN:149,(anonymous_17)
FN:209,(anonymous_18)
FN:230,(anonymous_19)
FN:284,(anonymous_20)
FN:299,(anonymous_21)
FN:359,(anonymous_22)
FN:365,(anonymous_23)
FN:370,(anonymous_24)
FN:380,(anonymous_25)
FN:390,(anonymous_26)
FN:401,(anonymous_27)
FN:411,(anonymous_28)
FN:423,(anonymous_29)
FN:442,runOfficialCombinedEventsDemo
FNF:31
FNH:0
FNDA:0,(anonymous_0)
FNDA:0,(anonymous_1)
FNDA:0,(anonymous_2)
FNDA:0,(anonymous_3)
FNDA:0,(anonymous_4)
FNDA:0,(anonymous_5)
FNDA:0,(anonymous_6)
FNDA:0,(anonymous_7)
FNDA:0,(anonymous_8)
FNDA:0,(anonymous_9)
FNDA:0,(anonymous_10)
FNDA:0,(anonymous_11)
FNDA:0,(anonymous_12)
FNDA:0,(anonymous_13)
FNDA:0,(anonymous_14)
FNDA:0,(anonymous_15)
FNDA:0,(anonymous_16)
FNDA:0,(anonymous_17)
FNDA:0,(anonymous_18)
FNDA:0,(anonymous_19)
FNDA:0,(anonymous_20)
FNDA:0,(anonymous_21)
FNDA:0,(anonymous_22)
FNDA:0,(anonymous_23)
FNDA:0,(anonymous_24)
FNDA:0,(anonymous_25)
FNDA:0,(anonymous_26)
FNDA:0,(anonymous_27)
FNDA:0,(anonymous_28)
FNDA:0,(anonymous_29)
FNDA:0,runOfficialCombinedEventsDemo
DA:6,0
DA:7,0
DA:12,0
DA:15,0
DA:18,0
DA:24,0
DA:25,0
DA:26,0
DA:27,0
DA:31,0
DA:37,0
DA:38,0
DA:39,0
DA:47,0
DA:52,0
DA:62,0
DA:64,0
DA:67,0
DA:69,0
DA:70,0
DA:71,0
DA:76,0
DA:77,0
DA:78,0
DA:79,0
DA:80,0
DA:81,0
DA:82,0
DA:93,0
DA:95,0
DA:133,0
DA:134,0
DA:138,0
DA:139,0
DA:140,0
DA:142,0
DA:150,0
DA:152,0
DA:209,0
DA:210,0
DA:211,0
DA:216,0
DA:220,0
DA:231,0
DA:233,0
DA:284,0
DA:285,0
DA:289,0
DA:290,0
DA:300,0
DA:302,0
DA:335,0
DA:336,0
DA:337,0
DA:339,0
DA:340,0
DA:345,0
DA:346,0
DA:349,0
DA:351,0
DA:360,0
DA:363,0
DA:364,0
DA:365,0
DA:366,0
DA:367,0
DA:368,0
DA:369,0
DA:370,0
DA:371,0
DA:378,0
DA:379,0
DA:380,0
DA:381,0
DA:384,0
DA:385,0
DA:386,0
DA:387,0
DA:389,0
DA:390,0
DA:391,0
DA:392,0
DA:399,0
DA:400,0
DA:401,0
DA:402,0
DA:405,0
DA:406,0
DA:407,0
DA:408,0
DA:410,0
DA:411,0
DA:412,0
DA:413,0
DA:424,0
DA:425,0
DA:427,0
DA:428,0
DA:429,0
DA:430,0
DA:431,0
DA:432,0
DA:434,0
DA:435,0
DA:442,0
DA:443,0
DA:444,0
DA:448,0
DA:449,0
LF:109
LH:0
BRDA:69,0,0,0
BRDA:79,1,0,0
BRDA:79,1,1,0
BRDA:221,2,0,0
BRDA:221,2,1,0
BRDA:289,3,0,0
BRDA:289,3,1,0
BRDA:291,4,0,0
BRDA:291,4,1,0
BRDA:386,5,0,0
BRDA:386,6,0,0
BRDA:386,6,1,0
BRDA:391,7,0,0
BRDA:391,7,1,0
BRDA:407,8,0,0
BRDA:407,9,0,0
BRDA:407,9,1,0
BRDA:412,10,0,0
BRDA:412,10,1,0
BRDA:412,11,0,0
BRDA:412,11,1,0
BRDA:448,12,0,0
BRF:22
BRH:0
end_of_record
TN:
SF:src\combined-events\test-implementation.ts
FN:15,(anonymous_0)
FN:22,(anonymous_1)
FN:23,(anonymous_2)
FN:24,(anonymous_3)
FN:25,(anonymous_4)
FN:28,(anonymous_5)
FN:35,(anonymous_6)
FN:36,(anonymous_7)
FN:37,(anonymous_8)
FN:44,(anonymous_9)
FN:59,(anonymous_10)
FN:68,(anonymous_11)
FN:76,(anonymous_12)
FN:78,(anonymous_13)
FN:105,(anonymous_14)
FN:107,(anonymous_15)
FN:122,(anonymous_16)
FN:215,(anonymous_17)
FN:242,(anonymous_18)
FN:263,(anonymous_19)
FN:280,(anonymous_20)
FN:309,(anonymous_21)
FN:452,(anonymous_22)
FN:486,(anonymous_23)
FN:575,(anonymous_24)
FN:603,(anonymous_25)
FN:681,(anonymous_26)
FN:721,(anonymous_27)
FN:753,runImplementationTest
FNF:29
FNH:0
FNDA:0,(anonymous_0)
FNDA:0,(anonymous_1)
FNDA:0,(anonymous_2)
FNDA:0,(anonymous_3)
FNDA:0,(anonymous_4)
FNDA:0,(anonymous_5)
FNDA:0,(anonymous_6)
FNDA:0,(anonymous_7)
FNDA:0,(anonymous_8)
FNDA:0,(anonymous_9)
FNDA:0,(anonymous_10)
FNDA:0,(anonymous_11)
FNDA:0,(anonymous_12)
FNDA:0,(anonymous_13)
FNDA:0,(anonymous_14)
FNDA:0,(anonymous_15)
FNDA:0,(anonymous_16)
FNDA:0,(anonymous_17)
FNDA:0,(anonymous_18)
FNDA:0,(anonymous_19)
FNDA:0,(anonymous_20)
FNDA:0,(anonymous_21)
FNDA:0,(anonymous_22)
FNDA:0,(anonymous_23)
FNDA:0,(anonymous_24)
FNDA:0,(anonymous_25)
FNDA:0,(anonymous_26)
FNDA:0,(anonymous_27)
FNDA:0,runImplementationTest
DA:6,0
DA:7,0
DA:13,0
DA:16,0
DA:22,0
DA:23,0
DA:24,0
DA:25,0
DA:29,0
DA:35,0
DA:36,0
DA:37,0
DA:45,0
DA:50,0
DA:60,0
DA:62,0
DA:64,0
DA:67,0
DA:69,0
DA:70,0
DA:71,0
DA:76,0
DA:77,0
DA:78,0
DA:79,0
DA:80,0
DA:81,0
DA:82,0
DA:83,0
DA:86,0
DA:91,0
DA:105,0
DA:106,0
DA:107,0
DA:110,0
DA:111,0
DA:113,0
DA:116,0
DA:123,0
DA:125,0
DA:213,0
DA:215,0
DA:216,0
DA:217,0
DA:221,0
DA:222,0
DA:224,0
DA:226,0
DA:227,0
DA:228,0
DA:231,0
DA:234,0
DA:235,0
DA:242,0
DA:243,0
DA:245,0
DA:246,0
DA:248,0
DA:249,0
DA:254,0
DA:255,0
DA:256,0
DA:263,0
DA:264,0
DA:266,0
DA:267,0
DA:269,0
DA:270,0
DA:273,0
DA:280,0
DA:281,0
DA:283,0
DA:284,0
DA:286,0
DA:287,0
DA:292,0
DA:293,0
DA:297,0
DA:298,0
DA:300,0
DA:303,0
DA:310,0
DA:312,0
DA:450,0
DA:452,0
DA:453,0
DA:454,0
DA:460,0
DA:462,0
DA:464,0
DA:465,0
DA:469,0
DA:470,0
DA:474,0
DA:475,0
DA:477,0
DA:480,0
DA:487,0
DA:489,0
DA:573,0
DA:575,0
DA:576,0
DA:580,0
DA:582,0
DA:584,0
DA:585,0
DA:586,0
DA:591,0
DA:592,0
DA:594,0
DA:597,0
DA:604,0
DA:606,0
DA:644,0
DA:646,0
DA:647,0
DA:648,0
DA:650,0
DA:651,0
DA:656,0
DA:657,0
DA:660,0
DA:662,0
DA:663,0
DA:667,0
DA:668,0
DA:672,0
DA:675,0
DA:682,0
DA:685,0
DA:687,0
DA:695,0
DA:697,0
DA:698,0
DA:701,0
DA:704,0
DA:707,0
DA:710,0
DA:712,0
DA:716,0
DA:718,0
DA:719,0
DA:721,0
DA:722,0
DA:723,0
DA:728,0
DA:732,0
DA:733,0
DA:736,0
DA:737,0
DA:738,0
DA:739,0
DA:740,0
DA:741,0
DA:742,0
DA:743,0
DA:745,0
DA:748,0
DA:753,0
DA:754,0
DA:755,0
DA:759,0
DA:760,0
LF:163
LH:0
BRDA:69,0,0,0
BRDA:79,1,0,0
BRDA:79,1,1,0
BRDA:80,2,0,0
BRDA:80,2,1,0
BRDA:110,3,0,0
BRDA:110,3,1,0
BRDA:224,4,0,0
BRDA:226,5,0,0
BRDA:226,5,1,0
BRDA:234,6,0,0
BRDA:245,7,0,0
BRDA:245,7,1,0
BRDA:254,8,0,0
BRDA:255,9,0,0
BRDA:255,9,1,0
BRDA:266,10,0,0
BRDA:266,10,1,0
BRDA:283,11,0,0
BRDA:283,11,1,0
BRDA:297,12,0,0
BRDA:297,12,1,0
BRDA:460,13,0,0
BRDA:460,13,1,0
BRDA:462,14,0,0
BRDA:464,15,0,0
BRDA:464,15,1,0
BRDA:474,16,0,0
BRDA:474,16,1,0
BRDA:582,17,0,0
BRDA:584,18,0,0
BRDA:584,18,1,0
BRDA:585,19,0,0
BRDA:585,19,1,0
BRDA:591,20,0,0
BRDA:591,20,1,0
BRDA:667,21,0,0
BRDA:667,21,1,0
BRDA:722,22,0,0
BRDA:722,22,1,0
BRDA:724,23,0,0
BRDA:724,23,1,0
BRDA:732,24,0,0
BRDA:732,24,1,0
BRDA:759,25,0,0
BRF:45
BRH:0
end_of_record
TN:
SF:src\combined-events\test-official-combined-events.ts
FN:39,(anonymous_0)
FN:42,(anonymous_1)
FN:55,(anonymous_2)
FN:56,(anonymous_3)
FN:77,(anonymous_4)
FN:95,(anonymous_5)
FN:111,(anonymous_6)
FN:128,(anonymous_7)
FN:129,(anonymous_8)
FN:143,(anonymous_9)
FN:157,(anonymous_10)
FN:186,(anonymous_11)
FN:203,(anonymous_12)
FN:204,(anonymous_13)
FN:220,(anonymous_14)
FN:237,(anonymous_15)
FN:238,(anonymous_16)
FN:258,(anonymous_17)
FN:278,(anonymous_18)
FN:298,(anonymous_19)
FN:316,(anonymous_20)
FN:317,(anonymous_21)
FN:338,(anonymous_22)
FN:350,(anonymous_23)
FN:368,(anonymous_24)
FN:390,(anonymous_25)
FN:391,(anonymous_26)
FN:398,(anonymous_27)
FN:403,(anonymous_28)
FN:407,(anonymous_29)
FN:411,(anonymous_30)
FN:414,(anonymous_31)
FN:417,(anonymous_32)
FN:424,(anonymous_33)
FN:427,(anonymous_34)
FN:430,(anonymous_35)
FN:437,(anonymous_36)
FN:438,(anonymous_37)
FN:441,(anonymous_38)
FN:454,(anonymous_39)
FN:462,(anonymous_40)
FN:469,(anonymous_41)
FN:470,(anonymous_42)
FN:520,runOfficialCombinedEventsTests
FNF:44
FNH:0
FNDA:0,(anonymous_0)
FNDA:0,(anonymous_1)
FNDA:0,(anonymous_2)
FNDA:0,(anonymous_3)
FNDA:0,(anonymous_4)
FNDA:0,(anonymous_5)
FNDA:0,(anonymous_6)
FNDA:0,(anonymous_7)
FNDA:0,(anonymous_8)
FNDA:0,(anonymous_9)
FNDA:0,(anonymous_10)
FNDA:0,(anonymous_11)
FNDA:0,(anonymous_12)
FNDA:0,(anonymous_13)
FNDA:0,(anonymous_14)
FNDA:0,(anonymous_15)
FNDA:0,(anonymous_16)
FNDA:0,(anonymous_17)
FNDA:0,(anonymous_18)
FNDA:0,(anonymous_19)
FNDA:0,(anonymous_20)
FNDA:0,(anonymous_21)
FNDA:0,(anonymous_22)
FNDA:0,(anonymous_23)
FNDA:0,(anonymous_24)
FNDA:0,(anonymous_25)
FNDA:0,(anonymous_26)
FNDA:0,(anonymous_27)
FNDA:0,(anonymous_28)
FNDA:0,(anonymous_29)
FNDA:0,(anonymous_30)
FNDA:0,(anonymous_31)
FNDA:0,(anonymous_32)
FNDA:0,(anonymous_33)
FNDA:0,(anonymous_34)
FNDA:0,(anonymous_35)
FNDA:0,(anonymous_36)
FNDA:0,(anonymous_37)
FNDA:0,(anonymous_38)
FNDA:0,(anonymous_39)
FNDA:0,(anonymous_40)
FNDA:0,(anonymous_41)
FNDA:0,(anonymous_42)
FNDA:0,runOfficialCombinedEventsTests
DA:6,0
DA:7,0
DA:11,0
DA:23,0
DA:39,0
DA:42,0
DA:43,0
DA:48,0
DA:52,0
DA:55,0
DA:56,0
DA:57,0
DA:62,0
DA:63,0
DA:77,0
DA:78,0
DA:83,0
DA:84,0
DA:95,0
DA:96,0
DA:101,0
DA:102,0
DA:111,0
DA:112,0
DA:117,0
DA:118,0
DA:128,0
DA:129,0
DA:130,0
DA:134,0
DA:139,0
DA:140,0
DA:143,0
DA:144,0
DA:148,0
DA:153,0
DA:154,0
DA:157,0
DA:158,0
DA:162,0
DA:168,0
DA:177,0
DA:186,0
DA:187,0
DA:192,0
DA:193,0
DA:203,0
DA:204,0
DA:205,0
DA:210,0
DA:211,0
DA:220,0
DA:221,0
DA:226,0
DA:227,0
DA:237,0
DA:238,0
DA:240,0
DA:245,0
DA:246,0
DA:249,0
DA:254,0
DA:255,0
DA:258,0
DA:260,0
DA:265,0
DA:266,0
DA:269,0
DA:274,0
DA:275,0
DA:278,0
DA:280,0
DA:285,0
DA:286,0
DA:289,0
DA:294,0
DA:295,0
DA:298,0
DA:300,0
DA:305,0
DA:311,0
DA:312,0
DA:316,0
DA:317,0
DA:318,0
DA:324,0
DA:330,0
DA:338,0
DA:339,0
DA:342,0
DA:345,0
DA:350,0
DA:351,0
DA:354,0
DA:360,0
DA:368,0
DA:369,0
DA:375,0
DA:381,0
DA:390,0
DA:391,0
DA:392,0
DA:394,0
DA:397,0
DA:398,0
DA:400,0
DA:403,0
DA:404,0
DA:407,0
DA:408,0
DA:411,0
DA:412,0
DA:413,0
DA:414,0
DA:417,0
DA:418,0
DA:419,0
DA:420,0
DA:424,0
DA:425,0
DA:426,0
DA:427,0
DA:430,0
DA:431,0
DA:432,0
DA:437,0
DA:438,0
DA:439,0
DA:441,0
DA:442,0
DA:444,0
DA:445,0
DA:446,0
DA:447,0
DA:448,0
DA:449,0
DA:450,0
DA:454,0
DA:455,0
DA:462,0
DA:463,0
DA:464,0
DA:469,0
DA:470,0
DA:471,0
DA:481,0
DA:491,0
DA:498,0
DA:500,0
DA:512,0
DA:520,0
DA:521,0
DA:523,0
DA:525,0
DA:526,0
DA:528,0
DA:529,0
LF:157
LH:0
BRF:0
BRH:0
end_of_record
TN:
SF:src\combined-events\test-scoring.ts
FN:40,(anonymous_0)
FN:64,(anonymous_1)
FN:88,(anonymous_2)
FN:118,(anonymous_3)
FN:141,(anonymous_4)
FN:170,(anonymous_5)
FN:195,(anonymous_6)
FN:216,(anonymous_7)
FNF:8
FNH:0
FNDA:0,(anonymous_0)
FNDA:0,(anonymous_1)
FNDA:0,(anonymous_2)
FNDA:0,(anonymous_3)
FNDA:0,(anonymous_4)
FNDA:0,(anonymous_5)
FNDA:0,(anonymous_6)
FNDA:0,(anonymous_7)
DA:9,0
DA:10,0
DA:17,0
DA:20,0
DA:26,0
DA:32,0
DA:34,0
DA:35,0
DA:37,0
DA:38,0
DA:40,0
DA:41,0
DA:42,0
DA:43,0
DA:44,0
DA:48,0
DA:54,0
DA:55,0
DA:58,0
DA:59,0
DA:61,0
DA:62,0
DA:64,0
DA:65,0
DA:66,0
DA:67,0
DA:68,0
DA:72,0
DA:78,0
DA:79,0
DA:82,0
DA:83,0
DA:85,0
DA:86,0
DA:88,0
DA:89,0
DA:90,0
DA:91,0
DA:92,0
DA:96,0
DA:102,0
DA:103,0
DA:104,0
DA:107,0
DA:109,0
DA:118,0
DA:119,0
DA:123,0
DA:124,0
DA:130,0
DA:132,0
DA:140,0
DA:141,0
DA:142,0
DA:143,0
DA:144,0
DA:145,0
DA:149,0
DA:155,0
DA:156,0
DA:157,0
DA:159,0
DA:161,0
DA:169,0
DA:170,0
DA:171,0
DA:172,0
DA:173,0
DA:174,0
DA:178,0
DA:184,0
DA:185,0
DA:186,0
DA:188,0
DA:191,0
DA:193,0
DA:195,0
DA:196,0
DA:197,0
DA:198,0
DA:200,0
DA:207,0
DA:209,0
DA:216,0
DA:217,0
DA:218,0
DA:223,0
DA:227,0
LF:88
LH:0
BRDA:123,0,0,0
BRDA:123,0,1,0
BRDA:125,1,0,0
BRDA:125,1,1,0
BRF:4
BRH:0
end_of_record
TN:
SF:src\combined-events\constants\scoring-tables.ts
FN:71,getScoringCoefficients
FN:109,parseTimeToSeconds
FN:146,parseDistanceToMeters
FN:162,parseHeightToMeters
FN:183,isTrackEvent
FNF:5
FNH:5
FNDA:15,getScoringCoefficients
FNDA:22,parseTimeToSeconds
FNDA:14,parseDistanceToMeters
FNDA:5,parseHeightToMeters
FNDA:41,isTrackEvent
DA:1,1
DA:11,1
DA:71,1
DA:76,15
DA:77,4
DA:79,1
DA:81,0
DA:83,0
DA:85,1
DA:87,0
DA:89,0
DA:91,0
DA:93,2
DA:97,11
DA:99,1
DA:101,10
DA:105,0
DA:109,1
DA:111,22
DA:112,0
DA:115,22
DA:116,10
DA:117,10
DA:119,10
DA:120,10
DA:122,10
DA:129,0
DA:132,10
DA:134,0
DA:138,12
DA:139,12
DA:140,1
DA:143,11
DA:146,1
DA:148,14
DA:149,0
DA:152,14
DA:153,14
DA:155,14
DA:156,0
DA:159,14
DA:162,1
DA:164,5
DA:165,0
DA:168,5
DA:169,5
DA:171,5
DA:172,0
DA:176,5
DA:177,1
DA:179,4
DA:183,1
DA:184,41
DA:200,41
LF:54
LH:41
BRDA:73,0,0,0
BRDA:76,1,0,4
BRDA:76,1,1,11
BRDA:77,2,0,1
BRDA:77,2,1,0
BRDA:77,2,2,0
BRDA:77,2,3,1
BRDA:77,2,4,0
BRDA:77,2,5,0
BRDA:77,2,6,0
BRDA:77,2,7,2
BRDA:93,3,0,2
BRDA:93,3,1,0
BRDA:97,4,0,1
BRDA:97,4,1,10
BRDA:101,5,0,10
BRDA:101,5,1,1
BRDA:105,6,0,0
BRDA:105,6,1,0
BRDA:111,7,0,0
BRDA:111,8,0,22
BRDA:111,8,1,22
BRDA:115,9,0,10
BRDA:117,10,0,10
BRDA:117,10,1,0
BRDA:122,11,0,0
BRDA:123,12,0,10
BRDA:123,12,1,10
BRDA:123,12,2,10
BRDA:123,12,3,10
BRDA:123,12,4,10
BRDA:139,13,0,1
BRDA:139,14,0,12
BRDA:139,14,1,11
BRDA:148,15,0,0
BRDA:148,16,0,14
BRDA:148,16,1,14
BRDA:155,17,0,0
BRDA:164,18,0,0
BRDA:164,19,0,5
BRDA:164,19,1,5
BRDA:171,20,0,0
BRDA:176,21,0,1
BRF:43
BRH:27
end_of_record
TN:
SF:src\combined-events\dto\calculate-points.dto.ts
FNF:0
FNH:0
DA:1,0
DA:3,0
DA:6,0
DA:10,0
DA:14,0
LF:5
LH:0
BRF:0
BRH:0
end_of_record
TN:
SF:src\combined-events\dto\create-combined-event.dto.ts
FNF:0
FNH:0
DA:1,0
DA:2,0
DA:4,0
DA:6,0
DA:10,0
DA:14,0
DA:17,0
LF:7
LH:0
BRF:0
BRH:0
end_of_record
TN:
SF:src\combined-events\dto\update-combined-event-result.dto.ts
FNF:0
FNH:0
DA:1,0
DA:3,0
DA:10,0
DA:17,0
LF:4
LH:0
BRF:0
BRH:0
end_of_record
TN:
SF:src\combined-events\dto\validate-performance.dto.ts
FNF:0
FNH:0
DA:1,0
DA:3,0
DA:6,0
DA:10,0
LF:4
LH:0
BRF:0
BRH:0
end_of_record
TN:
SF:src\combined-events\examples\api-demo.ts
FN:48,(anonymous_0)
FNF:1
FNH:0
FNDA:0,(anonymous_0)
DA:10,0
DA:13,0
DA:14,0
DA:15,0
DA:16,0
DA:17,0
DA:18,0
DA:30,0
DA:33,0
DA:35,0
DA:48,0
DA:49,0
DA:50,0
DA:51,0
DA:52,0
DA:54,0
DA:55,0
DA:56,0
DA:59,0
DA:60,0
DA:64,0
DA:65,0
DA:66,0
DA:67,0
DA:68,0
DA:69,0
DA:115,0
DA:118,0
DA:119,0
DA:122,0
DA:123,0
DA:124,0
DA:125,0
DA:155,0
DA:158,0
DA:159,0
DA:160,0
DA:161,0
DA:162,0
DA:173,0
DA:174,0
DA:175,0
DA:184,0
DA:187,0
DA:188,0
DA:189,0
DA:190,0
DA:191,0
DA:201,0
DA:202,0
DA:203,0
DA:212,0
DA:215,0
DA:216,0
DA:217,0
DA:218,0
DA:219,0
DA:220,0
DA:243,0
DA:246,0
DA:247,0
DA:257,0
DA:260,0
DA:261,0
LF:64
LH:0
BRDA:55,0,0,0
BRF:1
BRH:0
end_of_record
TN:
SF:src\combined-events\examples\official-combined-events-examples.ts
FN:534,getExampleForEventType
FN:569,getAllMastersExamples
FN:582,getAllOfficialExamples
FN:594,getAllCustomExamples
FNF:4
FNH:0
FNDA:0,getExampleForEventType
FNDA:0,getAllMastersExamples
FNDA:0,getAllOfficialExamples
FNDA:0,getAllCustomExamples
DA:6,0
DA:13,0
DA:78,0
DA:128,0
DA:165,0
DA:206,0
DA:274,0
DA:326,0
DA:365,0
DA:405,0
DA:449,0
DA:489,0
DA:534,0
DA:538,0
DA:540,0
DA:542,0
DA:544,0
DA:546,0
DA:548,0
DA:550,0
DA:552,0
DA:556,0
DA:558,0
DA:560,0
DA:562,0
DA:569,0
DA:570,0
DA:582,0
DA:583,0
DA:594,0
DA:595,0
LF:31
LH:0
BRDA:536,0,0,0
BRDA:538,1,0,0
BRDA:538,1,1,0
BRDA:538,1,2,0
BRDA:538,1,3,0
BRDA:538,1,4,0
BRDA:538,1,5,0
BRDA:538,1,6,0
BRDA:538,1,7,0
BRDA:538,1,8,0
BRDA:538,1,9,0
BRDA:538,1,10,0
BRDA:552,2,0,0
BRDA:552,2,1,0
BRF:14
BRH:0
end_of_record
TN:
SF:src\combined-events\examples\sample-data.ts
FN:170,generateSampleCombinedEvent
FNF:1
FNH:0
FNDA:0,generateSampleCombinedEvent
DA:3,0
DA:47,0
DA:82,0
DA:111,0
DA:140,0
DA:170,0
DA:179,0
DA:181,0
DA:183,0
DA:185,0
DA:187,0
DA:189,0
DA:191,0
DA:196,0
LF:14
LH:0
BRDA:177,0,0,0
BRDA:179,1,0,0
BRDA:179,1,1,0
BRDA:179,1,2,0
BRDA:179,1,3,0
BRDA:179,1,4,0
BRDA:179,1,5,0
BRF:7
BRH:0
end_of_record
TN:
SF:src\combined-events\types\combined-events.types.ts
FN:3,(anonymous_0)
FN:22,(anonymous_1)
FNF:2
FNH:2
FNDA:1,(anonymous_0)
FNDA:1,(anonymous_1)
DA:3,1
DA:5,1
DA:6,1
DA:7,1
DA:8,1
DA:11,1
DA:12,1
DA:13,1
DA:14,1
DA:15,1
DA:18,1
DA:19,1
DA:22,1
DA:24,1
DA:25,1
DA:26,1
DA:27,1
DA:28,1
DA:29,1
DA:30,1
DA:31,1
DA:32,1
DA:33,1
DA:36,1
DA:37,1
DA:40,1
DA:41,1
DA:42,1
DA:43,1
DA:46,1
DA:47,1
DA:48,1
DA:49,1
DA:50,1
DA:53,1
DA:54,1
DA:81,1
LF:37
LH:37
BRDA:3,0,0,1
BRDA:3,0,1,1
BRDA:22,1,0,1
BRDA:22,1,1,1
BRF:4
BRH:4
end_of_record
TN:
SF:src\common\config\env.validation.ts
FN:10,(anonymous_2)
FN:23,(anonymous_3)
FN:44,(anonymous_4)
FN:49,(anonymous_5)
FN:54,(anonymous_6)
FN:59,(anonymous_7)
FN:63,validate
FNF:7
FNH:0
FNDA:0,(anonymous_2)
FNDA:0,(anonymous_3)
FNDA:0,(anonymous_4)
FNDA:0,(anonymous_5)
FNDA:0,(anonymous_6)
FNDA:0,(anonymous_7)
FNDA:0,validate
DA:1,0
DA:2,0
DA:10,0
DA:11,0
DA:12,0
DA:13,0
DA:16,0
DA:19,0
DA:23,0
DA:24,0
DA:28,0
DA:32,0
DA:36,0
DA:40,0
DA:44,0
DA:45,0
DA:49,0
DA:50,0
DA:54,0
DA:55,0
DA:59,0
DA:60,0
DA:63,0
DA:64,0
DA:68,0
DA:72,0
DA:73,0
DA:77,0
DA:78,0
DA:79,0
DA:84,0
DA:88,0
LF:32
LH:0
BRDA:10,0,0,0
BRDA:10,0,1,0
BRDA:72,1,0,0
BRDA:77,2,0,0
BRDA:78,3,0,0
BRDA:78,4,0,0
BRDA:78,4,1,0
BRDA:84,5,0,0
BRF:8
BRH:0
end_of_record
TN:
SF:src\common\dto\pagination.dto.ts
FN:18,(anonymous_2)
FN:22,(anonymous_3)
FN:6,(anonymous_4)
FN:12,(anonymous_5)
FN:39,createPaginatedResult
FNF:5
FNH:0
FNDA:0,(anonymous_2)
FNDA:0,(anonymous_3)
FNDA:0,(anonymous_4)
FNDA:0,(anonymous_5)
FNDA:0,createPaginatedResult
DA:1,0
DA:2,0
DA:4,0
DA:6,0
DA:9,0
DA:12,0
DA:16,0
DA:19,0
DA:23,0
DA:39,0
DA:45,0
DA:47,0
LF:12
LH:0
BRDA:19,0,0,0
BRDA:19,0,1,0
BRDA:19,1,0,0
BRDA:19,1,1,0
BRDA:23,2,0,0
BRDA:23,2,1,0
BRF:6
BRH:0
end_of_record
TN:
SF:src\common\filters\all-exceptions.filter.ts
FN:16,(anonymous_2)
FN:18,(anonymous_3)
FN:94,(anonymous_4)
FNF:3
FNH:0
FNDA:0,(anonymous_2)
FNDA:0,(anonymous_3)
FNDA:0,(anonymous_4)
DA:1,0
DA:10,0
DA:13,0
DA:14,0
DA:16,0
DA:19,0
DA:20,0
DA:21,0
DA:26,0
DA:27,0
DA:28,0
DA:29,0
DA:35,0
DA:36,0
DA:39,0
DA:46,0
DA:47,0
DA:65,0
DA:66,0
DA:73,0
DA:74,0
DA:81,0
DA:91,0
DA:95,0
DA:97,0
DA:99,0
DA:101,0
DA:103,0
DA:105,0
DA:107,0
DA:109,0
DA:111,0
LF:32
LH:0
BRDA:26,0,0,0
BRDA:26,0,1,0
BRDA:30,1,0,0
BRDA:30,1,1,0
BRDA:32,2,0,0
BRDA:32,2,1,0
BRDA:41,3,0,0
BRDA:41,3,1,0
BRDA:46,4,0,0
BRDA:52,5,0,0
BRDA:52,5,1,0
BRDA:65,6,0,0
BRDA:73,7,0,0
BRDA:73,8,0,0
BRDA:73,8,1,0
BRDA:73,8,2,0
BRDA:76,9,0,0
BRDA:76,9,1,0
BRDA:84,10,0,0
BRDA:84,10,1,0
BRDA:95,11,0,0
BRDA:95,11,1,0
BRDA:95,11,2,0
BRDA:95,11,3,0
BRDA:95,11,4,0
BRDA:95,11,5,0
BRDA:95,11,6,0
BRDA:95,11,7,0
BRF:28
BRH:0
end_of_record
TN:
SF:src\common\filters\http-exception.filter.ts
FN:15,(anonymous_1)
FNF:1
FNH:0
FNDA:0,(anonymous_1)
DA:1,0
DA:12,0
DA:13,0
DA:16,0
DA:17,0
DA:18,0
DA:19,0
DA:22,0
DA:29,0
DA:33,0
DA:35,0
DA:37,0
DA:38,0
DA:40,0
DA:41,0
DA:43,0
DA:44,0
DA:46,0
DA:47,0
DA:49,0
DA:50,0
DA:52,0
DA:53,0
DA:55,0
DA:59,0
DA:60,0
DA:63,0
DA:71,0
DA:76,0
DA:77,0
DA:81,0
DA:85,0
LF:32
LH:0
BRDA:33,0,0,0
BRDA:33,0,1,0
BRDA:35,1,0,0
BRDA:35,1,1,0
BRDA:35,1,2,0
BRDA:35,1,3,0
BRDA:35,1,4,0
BRDA:35,1,5,0
BRDA:35,1,6,0
BRDA:71,2,0,0
BRDA:72,3,0,0
BRDA:72,3,1,0
BRDA:72,3,2,0
BRDA:77,4,0,0
BRDA:78,5,0,0
BRDA:78,5,1,0
BRF:16
BRH:0
end_of_record
TN:
SF:src\common\interceptors\performance.interceptor.ts
FN:15,(anonymous_1)
FN:21,(anonymous_2)
FN:43,(anonymous_3)
FNF:3
FNH:0
FNDA:0,(anonymous_1)
FNDA:0,(anonymous_2)
FNDA:0,(anonymous_3)
DA:1,0
DA:9,0
DA:12,0
DA:13,0
DA:16,0
DA:17,0
DA:18,0
DA:20,0
DA:22,0
DA:23,0
DA:26,0
DA:27,0
DA:33,0
DA:34,0
DA:38,0
DA:48,0
DA:50,0
LF:17
LH:0
BRDA:26,0,0,0
BRDA:33,1,0,0
BRDA:48,2,0,0
BRF:3
BRH:0
end_of_record
TN:
SF:src\common\logger\security-logger.service.ts
FN:8,(anonymous_2)
FN:37,(anonymous_3)
FN:47,(anonymous_4)
FN:63,(anonymous_5)
FN:73,(anonymous_6)
FN:83,(anonymous_7)
FN:93,(anonymous_8)
FNF:7
FNH:0
FNDA:0,(anonymous_2)
FNDA:0,(anonymous_3)
FNDA:0,(anonymous_4)
FNDA:0,(anonymous_5)
FNDA:0,(anonymous_6)
FNDA:0,(anonymous_7)
FNDA:0,(anonymous_8)
DA:1,0
DA:2,0
DA:5,0
DA:9,0
DA:28,0
DA:29,0
DA:38,0
DA:53,0
DA:64,0
DA:74,0
DA:84,0
DA:94,0
LF:12
LH:0
BRDA:28,0,0,0
BRF:1
BRH:0
end_of_record
TN:
SF:src\competitions\competitions.controller.ts
FN:38,(anonymous_4)
FN:46,(anonymous_5)
FN:51,(anonymous_6)
FN:57,(anonymous_7)
FN:63,(anonymous_8)
FN:69,(anonymous_9)
FN:78,(anonymous_10)
FN:85,(anonymous_11)
FN:105,(anonymous_12)
FN:114,(anonymous_13)
FN:124,(anonymous_14)
FN:131,(anonymous_15)
FN:174,(anonymous_16)
FN:198,(anonymous_17)
FN:220,(anonymous_18)
FN:233,(anonymous_19)
FN:241,(anonymous_20)
FN:209,(anonymous_21)
FNF:18
FNH:0
FNDA:0,(anonymous_4)
FNDA:0,(anonymous_5)
FNDA:0,(anonymous_6)
FNDA:0,(anonymous_7)
FNDA:0,(anonymous_8)
FNDA:0,(anonymous_9)
FNDA:0,(anonymous_10)
FNDA:0,(anonymous_11)
FNDA:0,(anonymous_12)
FNDA:0,(anonymous_13)
FNDA:0,(anonymous_14)
FNDA:0,(anonymous_15)
FNDA:0,(anonymous_16)
FNDA:0,(anonymous_17)
FNDA:0,(anonymous_18)
FNDA:0,(anonymous_19)
FNDA:0,(anonymous_20)
FNDA:0,(anonymous_21)
DA:1,0
DA:18,0
DA:19,0
DA:20,0
DA:21,0
DA:22,0
DA:26,0
DA:27,0
DA:28,0
DA:29,0
DA:30,0
DA:31,0
DA:33,0
DA:37,0
DA:39,0
DA:40,0
DA:41,0
DA:46,0
DA:47,0
DA:51,0
DA:52,0
DA:57,0
DA:58,0
DA:63,0
DA:64,0
DA:69,0
DA:73,0
DA:78,0
DA:79,0
DA:85,0
DA:90,0
DA:95,0
DA:99,0
DA:100,0
DA:105,0
DA:109,0
DA:114,0
DA:116,0
DA:117,0
DA:118,0
DA:120,0
DA:124,0
DA:125,0
DA:131,0
DA:138,0
DA:139,0
DA:144,0
DA:146,0
DA:148,0
DA:150,0
DA:152,0
DA:153,0
DA:158,0
DA:160,0
DA:169,0
DA:174,0
DA:178,0
DA:179,0
DA:182,0
DA:193,0
DA:198,0
DA:199,0
DA:210,0
DA:211,0
DA:216,0
DA:220,0
DA:224,0
DA:225,0
DA:228,0
DA:233,0
DA:237,0
DA:241,0
DA:242,0
LF:73
LH:0
BRDA:117,0,0,0
BRDA:117,1,0,0
BRDA:117,1,1,0
BRDA:138,2,0,0
BRDA:148,3,0,0
BRDA:152,4,0,0
BRDA:164,5,0,0
BRDA:164,5,1,0
BRDA:178,6,0,0
BRDA:186,7,0,0
BRDA:186,7,1,0
BRDA:188,8,0,0
BRDA:188,8,1,0
BRDA:224,9,0,0
BRDA:224,10,0,0
BRDA:224,10,1,0
BRDA:210,11,0,0
BRF:17
BRH:0
end_of_record
TN:
SF:src\competitions\competitions.module.ts
FNF:0
FNH:0
DA:1,0
DA:2,0
DA:3,0
DA:4,0
DA:5,0
DA:6,0
DA:13,0
LF:7
LH:0
BRF:0
BRH:0
end_of_record
TN:
SF:src\competitions\competitions.service.ts
FN:20,(anonymous_2)
FN:22,(anonymous_3)
FN:46,(anonymous_4)
FN:70,(anonymous_5)
FN:91,(anonymous_6)
FN:114,(anonymous_7)
FN:121,(anonymous_8)
FN:154,(anonymous_9)
FN:165,(anonymous_10)
FN:177,(anonymous_11)
FN:202,(anonymous_12)
FN:212,(anonymous_13)
FN:234,(anonymous_14)
FN:258,(anonymous_15)
FN:267,(anonymous_16)
FN:275,(anonymous_17)
FN:343,(anonymous_18)
FN:413,(anonymous_19)
FN:424,(anonymous_20)
FN:442,(anonymous_21)
FN:459,(anonymous_22)
FNF:21
FNH:0
FNDA:0,(anonymous_2)
FNDA:0,(anonymous_3)
FNDA:0,(anonymous_4)
FNDA:0,(anonymous_5)
FNDA:0,(anonymous_6)
FNDA:0,(anonymous_7)
FNDA:0,(anonymous_8)
FNDA:0,(anonymous_9)
FNDA:0,(anonymous_10)
FNDA:0,(anonymous_11)
FNDA:0,(anonymous_12)
FNDA:0,(anonymous_13)
FNDA:0,(anonymous_14)
FNDA:0,(anonymous_15)
FNDA:0,(anonymous_16)
FNDA:0,(anonymous_17)
FNDA:0,(anonymous_18)
FNDA:0,(anonymous_19)
FNDA:0,(anonymous_20)
FNDA:0,(anonymous_21)
FNDA:0,(anonymous_22)
DA:1,0
DA:6,0
DA:9,0
DA:10,0
DA:11,0
DA:12,0
DA:14,0
DA:15,0
DA:16,0
DA:19,0
DA:20,0
DA:24,0
DA:25,0
DA:28,0
DA:32,0
DA:33,0
DA:36,0
DA:47,0
DA:71,0
DA:92,0
DA:115,0
DA:123,0
DA:141,0
DA:142,0
DA:146,0
DA:147,0
DA:153,0
DA:154,0
DA:157,0
DA:158,0
DA:164,0
DA:166,0
DA:169,0
DA:170,0
DA:176,0
DA:177,0
DA:180,0
DA:181,0
DA:187,0
DA:188,0
DA:194,0
DA:203,0
DA:213,0
DA:235,0
DA:259,0
DA:260,0
DA:261,0
DA:268,0
DA:276,0
DA:279,0
DA:296,0
DA:309,0
DA:325,0
DA:337,0
DA:345,0
DA:349,0
DA:350,0
DA:354,0
DA:357,0
DA:358,0
DA:364,0
DA:365,0
DA:366,0
DA:371,0
DA:373,0
DA:375,0
DA:376,0
DA:377,0
DA:380,0
DA:383,0
DA:393,0
DA:397,0
DA:399,0
DA:404,0
DA:415,0
DA:419,0
DA:420,0
DA:423,0
DA:424,0
DA:426,0
DA:427,0
DA:431,0
DA:437,0
DA:438,0
DA:442,0
DA:445,0
DA:450,0
DA:460,0
DA:465,0
DA:466,0
DA:469,0
LF:91
LH:0
BRDA:32,0,0,0
BRDA:141,1,0,0
BRDA:146,2,0,0
BRDA:146,3,0,0
BRDA:146,3,1,0
BRDA:154,4,0,0
BRDA:154,4,1,0
BRDA:157,5,0,0
BRDA:166,6,0,0
BRDA:166,6,1,0
BRDA:169,7,0,0
BRDA:177,8,0,0
BRDA:177,8,1,0
BRDA:180,9,0,0
BRDA:187,10,0,0
BRDA:187,11,0,0
BRDA:187,11,1,0
BRDA:349,12,0,0
BRDA:354,13,0,0
BRDA:354,13,1,0
BRDA:357,14,0,0
BRDA:419,15,0,0
BRDA:423,16,0,0
BRDA:423,16,1,0
BRDA:426,17,0,0
BRDA:465,18,0,0
BRDA:470,19,0,0
BRDA:470,19,1,0
BRF:28
BRH:0
end_of_record
TN:
SF:src\competitions\startlist-import.service.ts
FN:17,(anonymous_2)
FN:19,(anonymous_3)
FN:81,(anonymous_4)
FN:98,(anonymous_5)
FN:108,(anonymous_6)
FN:130,(anonymous_7)
FN:141,(anonymous_8)
FN:144,(anonymous_9)
FN:154,(anonymous_10)
FN:159,(anonymous_11)
FN:166,(anonymous_12)
FN:169,(anonymous_13)
FN:244,(anonymous_14)
FN:288,(anonymous_15)
FN:318,(anonymous_16)
FN:336,(anonymous_17)
FN:337,(anonymous_18)
FN:381,(anonymous_19)
FN:454,(anonymous_20)
FN:521,(anonymous_21)
FN:545,(anonymous_22)
FN:549,(anonymous_23)
FN:560,(anonymous_24)
FN:571,(anonymous_25)
FN:581,(anonymous_26)
FN:610,(anonymous_27)
FN:643,(anonymous_28)
FN:664,(anonymous_29)
FN:687,(anonymous_30)
FN:703,(anonymous_31)
FN:742,(anonymous_32)
FN:776,(anonymous_33)
FN:817,(anonymous_34)
FN:874,(anonymous_35)
FN:920,(anonymous_36)
FN:988,(anonymous_37)
FNF:36
FNH:0
FNDA:0,(anonymous_2)
FNDA:0,(anonymous_3)
FNDA:0,(anonymous_4)
FNDA:0,(anonymous_5)
FNDA:0,(anonymous_6)
FNDA:0,(anonymous_7)
FNDA:0,(anonymous_8)
FNDA:0,(anonymous_9)
FNDA:0,(anonymous_10)
FNDA:0,(anonymous_11)
FNDA:0,(anonymous_12)
FNDA:0,(anonymous_13)
FNDA:0,(anonymous_14)
FNDA:0,(anonymous_15)
FNDA:0,(anonymous_16)
FNDA:0,(anonymous_17)
FNDA:0,(anonymous_18)
FNDA:0,(anonymous_19)
FNDA:0,(anonymous_20)
FNDA:0,(anonymous_21)
FNDA:0,(anonymous_22)
FNDA:0,(anonymous_23)
FNDA:0,(anonymous_24)
FNDA:0,(anonymous_25)
FNDA:0,(anonymous_26)
FNDA:0,(anonymous_27)
FNDA:0,(anonymous_28)
FNDA:0,(anonymous_29)
FNDA:0,(anonymous_30)
FNDA:0,(anonymous_31)
FNDA:0,(anonymous_32)
FNDA:0,(anonymous_33)
FNDA:0,(anonymous_34)
FNDA:0,(anonymous_35)
FNDA:0,(anonymous_36)
FNDA:0,(anonymous_37)
DA:1,0
DA:2,0
DA:3,0
DA:4,0
DA:14,0
DA:15,0
DA:17,0
DA:22,0
DA:24,0
DA:29,0
DA:30,0
DA:34,0
DA:35,0
DA:36,0
DA:41,0
DA:46,0
DA:49,0
DA:55,0
DA:67,0
DA:82,0
DA:83,0
DA:86,0
DA:88,0
DA:89,0
DA:91,0
DA:92,0
DA:94,0
DA:95,0
DA:97,0
DA:98,0
DA:99,0
DA:101,0
DA:105,0
DA:109,0
DA:110,0
DA:111,0
DA:113,0
DA:114,0
DA:116,0
DA:117,0
DA:118,0
DA:119,0
DA:120,0
DA:122,0
DA:126,0
DA:127,0
DA:132,0
DA:133,0
DA:141,0
DA:142,0
DA:144,0
DA:145,0
DA:148,0
DA:149,0
DA:151,0
DA:158,0
DA:160,0
DA:161,0
DA:163,0
DA:166,0
DA:170,0
DA:172,0
DA:173,0
DA:175,0
DA:176,0
DA:180,0
DA:181,0
DA:182,0
DA:184,0
DA:185,0
DA:186,0
DA:192,0
DA:193,0
DA:196,0
DA:198,0
DA:199,0
DA:205,0
DA:211,0
DA:214,0
DA:216,0
DA:239,0
DA:240,0
DA:245,0
DA:246,0
DA:247,0
DA:251,0
DA:252,0
DA:254,0
DA:255,0
DA:256,0
DA:261,0
DA:263,0
DA:283,0
DA:284,0
DA:289,0
DA:291,0
DA:294,0
DA:301,0
DA:305,0
DA:312,0
DA:315,0
DA:329,0
DA:330,0
DA:331,0
DA:332,0
DA:333,0
DA:336,0
DA:337,0
DA:340,0
DA:341,0
DA:342,0
DA:347,0
DA:348,0
DA:349,0
DA:350,0
DA:351,0
DA:352,0
DA:353,0
DA:356,0
DA:363,0
DA:364,0
DA:365,0
DA:370,0
DA:371,0
DA:372,0
DA:374,0
DA:378,0
DA:391,0
DA:394,0
DA:397,0
DA:405,0
DA:406,0
DA:409,0
DA:424,0
DA:431,0
DA:433,0
DA:440,0
DA:446,0
DA:459,0
DA:460,0
DA:461,0
DA:464,0
DA:466,0
DA:467,0
DA:468,0
DA:470,0
DA:476,0
DA:478,0
DA:481,0
DA:485,0
DA:493,0
DA:494,0
DA:495,0
DA:497,0
DA:506,0
DA:508,0
DA:511,0
DA:518,0
DA:524,0
DA:526,0
DA:527,0
DA:528,0
DA:530,0
DA:531,0
DA:533,0
DA:534,0
DA:537,0
DA:541,0
DA:542,0
DA:544,0
DA:545,0
DA:549,0
DA:550,0
DA:551,0
DA:557,0
DA:564,0
DA:565,0
DA:567,0
DA:568,0
DA:571,0
DA:572,0
DA:575,0
DA:578,0
DA:588,0
DA:595,0
DA:596,0
DA:600,0
DA:617,0
DA:624,0
DA:625,0
DA:629,0
DA:636,0
DA:638,0
DA:643,0
DA:644,0
DA:645,0
DA:646,0
DA:649,0
DA:650,0
DA:654,0
DA:667,0
DA:674,0
DA:675,0
DA:679,0
DA:688,0
DA:700,0
DA:705,0
DA:706,0
DA:709,0
DA:713,0
DA:723,0
DA:726,0
DA:747,0
DA:752,0
DA:761,0
DA:764,0
DA:777,0
DA:779,0
DA:780,0
DA:781,0
DA:782,0
DA:785,0
DA:786,0
DA:787,0
DA:788,0
DA:789,0
DA:790,0
DA:791,0
DA:792,0
DA:793,0
DA:794,0
DA:795,0
DA:796,0
DA:799,0
DA:800,0
DA:801,0
DA:802,0
DA:803,0
DA:804,0
DA:805,0
DA:806,0
DA:807,0
DA:808,0
DA:809,0
DA:810,0
DA:811,0
DA:812,0
DA:814,0
DA:818,0
DA:820,0
DA:822,0
DA:871,0
DA:875,0
DA:877,0
DA:880,0
DA:910,0
DA:911,0
DA:912,0
DA:913,0
DA:917,0
DA:921,0
DA:924,0
DA:930,0
DA:934,0
DA:956,0
DA:960,0
DA:970,0
DA:974,0
DA:981,0
DA:985,0
DA:989,0
DA:992,0
DA:998,0
DA:1002,0
DA:1020,0
DA:1024,0
DA:1034,0
DA:1038,0
LF:278
LH:0
BRDA:29,0,0,0
BRDA:35,1,0,0
BRDA:41,2,0,0
BRDA:41,2,1,0
BRDA:43,3,0,0
BRDA:43,3,1,0
BRDA:69,4,0,0
BRDA:69,4,1,0
BRDA:75,5,0,0
BRDA:75,5,1,0
BRDA:83,6,0,0
BRDA:86,7,0,0
BRDA:86,7,1,0
BRDA:92,8,0,0
BRDA:95,9,0,0
BRDA:99,10,0,0
BRDA:99,10,1,0
BRDA:116,11,0,0
BRDA:116,11,1,0
BRDA:118,12,0,0
BRDA:118,12,1,0
BRDA:118,13,0,0
BRDA:118,13,1,0
BRDA:148,14,0,0
BRDA:149,15,0,0
BRDA:160,16,0,0
BRDA:160,16,1,0
BRDA:172,17,0,0
BRDA:172,17,1,0
BRDA:173,18,0,0
BRDA:173,18,1,0
BRDA:173,18,2,0
BRDA:175,19,0,0
BRDA:175,20,0,0
BRDA:175,20,1,0
BRDA:175,20,2,0
BRDA:181,21,0,0
BRDA:181,21,1,0
BRDA:182,22,0,0
BRDA:185,23,0,0
BRDA:192,24,0,0
BRDA:192,24,1,0
BRDA:192,24,2,0
BRDA:196,25,0,0
BRDA:196,25,1,0
BRDA:198,26,0,0
BRDA:198,26,1,0
BRDA:198,26,2,0
BRDA:199,27,0,0
BRDA:199,27,1,0
BRDA:205,28,0,0
BRDA:205,28,1,0
BRDA:205,28,2,0
BRDA:205,28,3,0
BRDA:205,28,4,0
BRDA:211,29,0,0
BRDA:211,29,1,0
BRDA:211,30,0,0
BRDA:211,30,1,0
BRDA:221,31,0,0
BRDA:221,31,1,0
BRDA:222,32,0,0
BRDA:222,32,1,0
BRDA:227,33,0,0
BRDA:227,33,1,0
BRDA:228,34,0,0
BRDA:228,34,1,0
BRDA:229,35,0,0
BRDA:229,35,1,0
BRDA:230,36,0,0
BRDA:230,36,1,0
BRDA:231,37,0,0
BRDA:231,37,1,0
BRDA:232,38,0,0
BRDA:232,38,1,0
BRDA:232,39,0,0
BRDA:232,39,1,0
BRDA:233,40,0,0
BRDA:233,40,1,0
BRDA:233,41,0,0
BRDA:233,41,1,0
BRDA:235,42,0,0
BRDA:235,42,1,0
BRDA:236,43,0,0
BRDA:236,43,1,0
BRDA:246,44,0,0
BRDA:246,45,0,0
BRDA:246,45,1,0
BRDA:246,45,2,0
BRDA:252,46,0,0
BRDA:255,47,0,0
BRDA:261,48,0,0
BRDA:261,48,1,0
BRDA:268,49,0,0
BRDA:268,49,1,0
BRDA:268,49,2,0
BRDA:269,50,0,0
BRDA:269,50,1,0
BRDA:270,51,0,0
BRDA:270,51,1,0
BRDA:273,52,0,0
BRDA:273,52,1,0
BRDA:274,53,0,0
BRDA:274,53,1,0
BRDA:275,54,0,0
BRDA:275,54,1,0
BRDA:276,55,0,0
BRDA:276,55,1,0
BRDA:277,56,0,0
BRDA:277,56,1,0
BRDA:279,57,0,0
BRDA:279,57,1,0
BRDA:289,58,0,0
BRDA:294,59,0,0
BRDA:295,60,0,0
BRDA:295,60,1,0
BRDA:295,60,2,0
BRDA:295,60,3,0
BRDA:295,60,4,0
BRDA:305,61,0,0
BRDA:306,62,0,0
BRDA:306,62,1,0
BRDA:306,62,2,0
BRDA:306,62,3,0
BRDA:306,62,4,0
BRDA:347,63,0,0
BRDA:347,63,1,0
BRDA:349,64,0,0
BRDA:349,64,1,0
BRDA:352,65,0,0
BRDA:363,66,0,0
BRDA:405,67,0,0
BRDA:405,67,1,0
BRDA:416,68,0,0
BRDA:416,68,1,0
BRDA:416,68,2,0
BRDA:431,69,0,0
BRDA:431,69,1,0
BRDA:437,70,0,0
BRDA:437,70,1,0
BRDA:437,70,2,0
BRDA:481,71,0,0
BRDA:481,71,1,0
BRDA:495,72,0,0
BRDA:495,72,1,0
BRDA:527,73,0,0
BRDA:527,73,1,0
BRDA:530,74,0,0
BRDA:533,75,0,0
BRDA:545,76,0,0
BRDA:545,76,1,0
BRDA:545,77,0,0
BRDA:545,77,1,0
BRDA:550,78,0,0
BRDA:595,79,0,0
BRDA:624,80,0,0
BRDA:636,81,0,0
BRDA:674,82,0,0
BRDA:700,83,0,0
BRDA:700,83,1,0
BRDA:705,84,0,0
BRDA:709,85,0,0
BRDA:717,86,0,0
BRDA:717,86,1,0
BRDA:723,87,0,0
BRDA:730,88,0,0
BRDA:730,88,1,0
BRDA:747,89,0,0
BRDA:747,89,1,0
BRDA:761,90,0,0
BRDA:777,91,0,0
BRDA:785,92,0,0
BRDA:786,93,0,0
BRDA:787,94,0,0
BRDA:788,95,0,0
BRDA:789,96,0,0
BRDA:790,97,0,0
BRDA:791,98,0,0
BRDA:792,99,0,0
BRDA:793,100,0,0
BRDA:794,101,0,0
BRDA:795,102,0,0
BRDA:796,103,0,0
BRDA:799,104,0,0
BRDA:799,105,0,0
BRDA:799,105,1,0
BRDA:800,106,0,0
BRDA:800,107,0,0
BRDA:800,107,1,0
BRDA:801,108,0,0
BRDA:801,109,0,0
BRDA:801,109,1,0
BRDA:802,110,0,0
BRDA:802,111,0,0
BRDA:802,111,1,0
BRDA:803,112,0,0
BRDA:803,113,0,0
BRDA:803,113,1,0
BRDA:804,114,0,0
BRDA:804,115,0,0
BRDA:804,115,1,0
BRDA:805,116,0,0
BRDA:805,117,0,0
BRDA:805,117,1,0
BRDA:806,118,0,0
BRDA:806,119,0,0
BRDA:806,119,1,0
BRDA:807,120,0,0
BRDA:807,121,0,0
BRDA:807,121,1,0
BRDA:808,122,0,0
BRDA:808,123,0,0
BRDA:808,123,1,0
BRDA:809,124,0,0
BRDA:809,125,0,0
BRDA:809,125,1,0
BRDA:810,126,0,0
BRDA:810,127,0,0
BRDA:810,127,1,0
BRDA:811,128,0,0
BRDA:811,129,0,0
BRDA:811,129,1,0
BRDA:812,130,0,0
BRDA:818,131,0,0
BRDA:871,132,0,0
BRDA:871,132,1,0
BRDA:875,133,0,0
BRDA:912,134,0,0
BRDA:924,135,0,0
BRDA:925,136,0,0
BRDA:925,136,1,0
BRDA:925,136,2,0
BRDA:925,136,3,0
BRDA:934,137,0,0
BRDA:935,138,0,0
BRDA:935,138,1,0
BRDA:935,138,2,0
BRDA:935,138,3,0
BRDA:935,138,4,0
BRDA:935,138,5,0
BRDA:935,138,6,0
BRDA:935,138,7,0
BRDA:935,138,8,0
BRDA:935,138,9,0
BRDA:935,138,10,0
BRDA:935,138,11,0
BRDA:935,138,12,0
BRDA:935,138,13,0
BRDA:935,138,14,0
BRDA:935,138,15,0
BRDA:935,138,16,0
BRDA:935,138,17,0
BRDA:935,138,18,0
BRDA:935,138,19,0
BRDA:960,139,0,0
BRDA:961,140,0,0
BRDA:961,140,1,0
BRDA:961,140,2,0
BRDA:961,140,3,0
BRDA:961,140,4,0
BRDA:961,140,5,0
BRDA:961,140,6,0
BRDA:961,140,7,0
BRDA:974,141,0,0
BRDA:975,142,0,0
BRDA:975,142,1,0
BRDA:975,142,2,0
BRDA:975,142,3,0
BRDA:975,142,4,0
BRDA:975,142,5,0
BRDA:992,143,0,0
BRDA:993,144,0,0
BRDA:993,144,1,0
BRDA:993,144,2,0
BRDA:993,144,3,0
BRDA:1002,145,0,0
BRDA:1003,146,0,0
BRDA:1003,146,1,0
BRDA:1003,146,2,0
BRDA:1003,146,3,0
BRDA:1003,146,4,0
BRDA:1003,146,5,0
BRDA:1003,146,6,0
BRDA:1003,146,7,0
BRDA:1003,146,8,0
BRDA:1003,146,9,0
BRDA:1003,146,10,0
BRDA:1003,146,11,0
BRDA:1003,146,12,0
BRDA:1003,146,13,0
BRDA:1003,146,14,0
BRDA:1003,146,15,0
BRDA:1024,147,0,0
BRDA:1025,148,0,0
BRDA:1025,148,1,0
BRDA:1025,148,2,0
BRDA:1025,148,3,0
BRDA:1025,148,4,0
BRDA:1025,148,5,0
BRDA:1025,148,6,0
BRDA:1025,148,7,0
BRF:301
BRH:0
end_of_record
TN:
SF:src\competitions\dto\create-competition.dto.ts
FN:10,(anonymous_2)
FNF:1
FNH:0
FNDA:0,(anonymous_2)
DA:1,0
DA:10,0
DA:11,0
DA:12,0
DA:13,0
DA:14,0
DA:15,0
DA:16,0
DA:17,0
DA:18,0
DA:21,0
DA:23,0
DA:27,0
DA:30,0
DA:33,0
DA:36,0
DA:40,0
DA:43,0
DA:47,0
DA:51,0
DA:55,0
DA:59,0
DA:63,0
DA:67,0
DA:71,0
DA:74,0
LF:26
LH:0
BRDA:10,0,0,0
BRDA:10,0,1,0
BRF:2
BRH:0
end_of_record
TN:
SF:src\competitions\dto\import-startlist.dto.ts
FN:3,(anonymous_2)
FNF:1
FNH:0
FNDA:0,(anonymous_2)
DA:1,0
DA:3,0
DA:4,0
DA:5,0
DA:6,0
DA:9,0
DA:11,0
DA:14,0
DA:18,0
LF:9
LH:0
BRDA:3,0,0,0
BRDA:3,0,1,0
BRF:2
BRH:0
end_of_record
TN:
SF:src\competitions\dto\update-competition.dto.ts
FNF:0
FNH:0
DA:1,0
DA:2,0
DA:4,0
LF:3
LH:0
BRF:0
BRH:0
end_of_record
TN:
SF:src\equipment\equipment.controller.ts
FN:6,(anonymous_4)
FN:9,(anonymous_5)
FN:11,(anonymous_6)
FN:19,(anonymous_7)
FN:44,(anonymous_8)
FNF:5
FNH:0
FNDA:0,(anonymous_4)
FNDA:0,(anonymous_5)
FNDA:0,(anonymous_6)
FNDA:0,(anonymous_7)
FNDA:0,(anonymous_8)
DA:1,0
DA:2,0
DA:5,0
DA:6,0
DA:9,0
DA:10,0
DA:11,0
DA:19,0
DA:24,0
DA:25,0
DA:30,0
DA:35,0
DA:44,0
DA:45,0
DA:46,0
DA:49,0
LF:16
LH:0
BRDA:24,0,0,0
BRDA:24,1,0,0
BRDA:24,1,1,0
BRDA:24,1,2,0
BRDA:45,2,0,0
BRF:5
BRH:0
end_of_record
TN:
SF:src\equipment\equipment.module.ts
FNF:0
FNH:0
DA:1,0
DA:2,0
DA:3,0
DA:10,0
LF:4
LH:0
BRF:0
BRH:0
end_of_record
TN:
SF:src\equipment\equipment.service.ts
FN:20,(anonymous_1)
FN:64,(anonymous_2)
FN:375,(anonymous_3)
FN:524,(anonymous_4)
FN:667,(anonymous_5)
FN:774,(anonymous_6)
FN:920,(anonymous_7)
FN:937,(anonymous_8)
FN:1002,(anonymous_9)
FNF:9
FNH:0
FNDA:0,(anonymous_1)
FNDA:0,(anonymous_2)
FNDA:0,(anonymous_3)
FNDA:0,(anonymous_4)
FNDA:0,(anonymous_5)
FNDA:0,(anonymous_6)
FNDA:0,(anonymous_7)
FNDA:0,(anonymous_8)
FNDA:0,(anonymous_9)
DA:1,0
DA:16,0
DA:25,0
DA:28,0
DA:29,0
DA:33,0
DA:34,0
DA:37,0
DA:38,0
DA:41,0
DA:42,0
DA:45,0
DA:46,0
DA:50,0
DA:55,0
DA:58,0
DA:69,0
DA:70,0
DA:71,0
DA:72,0
DA:75,0
DA:76,0
DA:77,0
DA:83,0
DA:86,0
DA:89,0
DA:91,0
DA:93,0
DA:95,0
DA:97,0
DA:100,0
DA:105,0
DA:108,0
DA:110,0
DA:112,0
DA:114,0
DA:116,0
DA:118,0
DA:122,0
DA:128,0
DA:131,0
DA:134,0
DA:137,0
DA:140,0
DA:143,0
DA:145,0
DA:148,0
DA:154,0
DA:157,0
DA:160,0
DA:162,0
DA:164,0
DA:166,0
DA:168,0
DA:171,0
DA:176,0
DA:179,0
DA:181,0
DA:183,0
DA:185,0
DA:187,0
DA:189,0
DA:193,0
DA:199,0
DA:202,0
DA:205,0
DA:208,0
DA:211,0
DA:213,0
DA:219,0
DA:220,0
DA:221,0
DA:224,0
DA:229,0
DA:233,0
DA:237,0
DA:242,0
DA:245,0
DA:248,0
DA:251,0
DA:253,0
DA:256,0
DA:259,0
DA:264,0
DA:268,0
DA:272,0
DA:277,0
DA:280,0
DA:283,0
DA:286,0
DA:288,0
DA:294,0
DA:295,0
DA:296,0
DA:301,0
DA:303,0
DA:306,0
DA:311,0
DA:313,0
DA:319,0
DA:320,0
DA:321,0
DA:323,0
DA:327,0
DA:332,0
DA:335,0
DA:338,0
DA:341,0
DA:343,0
DA:346,0
DA:351,0
DA:356,0
DA:359,0
DA:362,0
DA:364,0
DA:369,0
DA:379,0
DA:380,0
DA:386,0
DA:389,0
DA:392,0
DA:394,0
DA:396,0
DA:398,0
DA:400,0
DA:403,0
DA:408,0
DA:411,0
DA:413,0
DA:415,0
DA:417,0
DA:419,0
DA:421,0
DA:425,0
DA:431,0
DA:434,0
DA:437,0
DA:440,0
DA:443,0
DA:446,0
DA:448,0
DA:451,0
DA:457,0
DA:460,0
DA:463,0
DA:465,0
DA:467,0
DA:469,0
DA:471,0
DA:474,0
DA:479,0
DA:482,0
DA:484,0
DA:486,0
DA:488,0
DA:490,0
DA:492,0
DA:496,0
DA:502,0
DA:505,0
DA:508,0
DA:511,0
DA:514,0
DA:516,0
DA:525,0
DA:526,0
DA:532,0
DA:535,0
DA:538,0
DA:540,0
DA:542,0
DA:544,0
DA:546,0
DA:549,0
DA:554,0
DA:557,0
DA:559,0
DA:561,0
DA:563,0
DA:565,0
DA:567,0
DA:571,0
DA:577,0
DA:580,0
DA:583,0
DA:586,0
DA:589,0
DA:591,0
DA:594,0
DA:600,0
DA:603,0
DA:606,0
DA:608,0
DA:610,0
DA:612,0
DA:614,0
DA:617,0
DA:622,0
DA:625,0
DA:627,0
DA:629,0
DA:631,0
DA:633,0
DA:635,0
DA:639,0
DA:645,0
DA:648,0
DA:651,0
DA:654,0
DA:657,0
DA:659,0
DA:668,0
DA:669,0
DA:672,0
DA:674,0
DA:676,0
DA:678,0
DA:681,0
DA:684,0
DA:686,0
DA:688,0
DA:690,0
DA:692,0
DA:696,0
DA:702,0
DA:705,0
DA:708,0
DA:711,0
DA:714,0
DA:716,0
DA:719,0
DA:722,0
DA:724,0
DA:726,0
DA:728,0
DA:731,0
DA:734,0
DA:736,0
DA:738,0
DA:740,0
DA:742,0
DA:746,0
DA:752,0
DA:755,0
DA:758,0
DA:761,0
DA:764,0
DA:766,0
DA:778,0
DA:779,0
DA:785,0
DA:788,0
DA:791,0
DA:793,0
DA:795,0
DA:797,0
DA:799,0
DA:802,0
DA:807,0
DA:810,0
DA:812,0
DA:814,0
DA:816,0
DA:818,0
DA:820,0
DA:824,0
DA:830,0
DA:833,0
DA:836,0
DA:839,0
DA:842,0
DA:844,0
DA:847,0
DA:853,0
DA:856,0
DA:859,0
DA:861,0
DA:863,0
DA:865,0
DA:867,0
DA:870,0
DA:875,0
DA:878,0
DA:880,0
DA:882,0
DA:884,0
DA:886,0
DA:888,0
DA:892,0
DA:898,0
DA:901,0
DA:904,0
DA:907,0
DA:910,0
DA:912,0
DA:924,0
DA:938,0
DA:1003,0
DA:1063,0
LF:299
LH:0
BRDA:28,0,0,0
BRDA:28,1,0,0
BRDA:28,1,1,0
BRDA:33,2,0,0
BRDA:33,3,0,0
BRDA:33,3,1,0
BRDA:37,4,0,0
BRDA:37,5,0,0
BRDA:37,5,1,0
BRDA:41,6,0,0
BRDA:41,7,0,0
BRDA:41,7,1,0
BRDA:45,8,0,0
BRDA:45,9,0,0
BRDA:45,9,1,0
BRDA:50,10,0,0
BRDA:51,11,0,0
BRDA:51,11,1,0
BRDA:51,11,2,0
BRDA:69,12,0,0
BRDA:69,12,1,0
BRDA:75,13,0,0
BRDA:76,14,0,0
BRDA:76,14,1,0
BRDA:77,15,0,0
BRDA:77,15,1,0
BRDA:77,15,2,0
BRDA:77,15,3,0
BRDA:77,15,4,0
BRDA:77,15,5,0
BRDA:77,15,6,0
BRDA:77,15,7,0
BRDA:77,15,8,0
BRDA:77,15,9,0
BRDA:77,15,10,0
BRDA:77,15,11,0
BRDA:77,15,12,0
BRDA:77,15,13,0
BRDA:77,15,14,0
BRDA:77,15,15,0
BRDA:77,15,16,0
BRDA:77,15,17,0
BRDA:77,15,18,0
BRDA:77,15,19,0
BRDA:77,15,20,0
BRDA:77,15,21,0
BRDA:77,15,22,0
BRDA:77,15,23,0
BRDA:77,15,24,0
BRDA:77,15,25,0
BRDA:77,15,26,0
BRDA:77,15,27,0
BRDA:77,15,28,0
BRDA:77,15,29,0
BRDA:77,15,30,0
BRDA:77,15,31,0
BRDA:77,15,32,0
BRDA:77,15,33,0
BRDA:77,15,34,0
BRDA:77,15,35,0
BRDA:77,15,36,0
BRDA:77,15,37,0
BRDA:77,15,38,0
BRDA:77,15,39,0
BRDA:77,15,40,0
BRDA:77,15,41,0
BRDA:148,16,0,0
BRDA:148,16,1,0
BRDA:148,16,2,0
BRDA:148,16,3,0
BRDA:148,16,4,0
BRDA:148,16,5,0
BRDA:148,16,6,0
BRDA:148,16,7,0
BRDA:148,16,8,0
BRDA:148,16,9,0
BRDA:148,16,10,0
BRDA:148,16,11,0
BRDA:148,16,12,0
BRDA:148,16,13,0
BRDA:148,16,14,0
BRDA:148,16,15,0
BRDA:148,16,16,0
BRDA:148,16,17,0
BRDA:148,16,18,0
BRDA:148,16,19,0
BRDA:148,16,20,0
BRDA:148,16,21,0
BRDA:148,16,22,0
BRDA:148,16,23,0
BRDA:148,16,24,0
BRDA:148,16,25,0
BRDA:148,16,26,0
BRDA:148,16,27,0
BRDA:148,16,28,0
BRDA:148,16,29,0
BRDA:148,16,30,0
BRDA:148,16,31,0
BRDA:148,16,32,0
BRDA:148,16,33,0
BRDA:148,16,34,0
BRDA:148,16,35,0
BRDA:148,16,36,0
BRDA:148,16,37,0
BRDA:148,16,38,0
BRDA:148,16,39,0
BRDA:219,17,0,0
BRDA:220,18,0,0
BRDA:220,18,1,0
BRDA:221,19,0,0
BRDA:221,19,1,0
BRDA:221,19,2,0
BRDA:221,19,3,0
BRDA:221,19,4,0
BRDA:221,19,5,0
BRDA:221,19,6,0
BRDA:221,19,7,0
BRDA:221,19,8,0
BRDA:221,19,9,0
BRDA:221,19,10,0
BRDA:221,19,11,0
BRDA:221,19,12,0
BRDA:221,19,13,0
BRDA:221,19,14,0
BRDA:221,19,15,0
BRDA:221,19,16,0
BRDA:221,19,17,0
BRDA:221,19,18,0
BRDA:221,19,19,0
BRDA:221,19,20,0
BRDA:221,19,21,0
BRDA:221,19,22,0
BRDA:256,20,0,0
BRDA:256,20,1,0
BRDA:256,20,2,0
BRDA:256,20,3,0
BRDA:256,20,4,0
BRDA:256,20,5,0
BRDA:256,20,6,0
BRDA:256,20,7,0
BRDA:256,20,8,0
BRDA:256,20,9,0
BRDA:256,20,10,0
BRDA:256,20,11,0
BRDA:256,20,12,0
BRDA:256,20,13,0
BRDA:256,20,14,0
BRDA:256,20,15,0
BRDA:256,20,16,0
BRDA:256,20,17,0
BRDA:256,20,18,0
BRDA:256,20,19,0
BRDA:256,20,20,0
BRDA:256,20,21,0
BRDA:256,20,22,0
BRDA:294,21,0,0
BRDA:295,22,0,0
BRDA:295,22,1,0
BRDA:296,23,0,0
BRDA:296,23,1,0
BRDA:296,23,2,0
BRDA:296,23,3,0
BRDA:296,23,4,0
BRDA:306,24,0,0
BRDA:306,24,1,0
BRDA:306,24,2,0
BRDA:306,24,3,0
BRDA:306,24,4,0
BRDA:319,25,0,0
BRDA:320,26,0,0
BRDA:320,26,1,0
BRDA:321,27,0,0
BRDA:321,27,1,0
BRDA:321,27,2,0
BRDA:321,27,3,0
BRDA:321,27,4,0
BRDA:321,27,5,0
BRDA:321,27,6,0
BRDA:321,27,7,0
BRDA:321,27,8,0
BRDA:321,27,9,0
BRDA:321,27,10,0
BRDA:321,27,11,0
BRDA:321,27,12,0
BRDA:321,27,13,0
BRDA:321,27,14,0
BRDA:346,28,0,0
BRDA:346,28,1,0
BRDA:346,28,2,0
BRDA:346,28,3,0
BRDA:346,28,4,0
BRDA:346,28,5,0
BRDA:346,28,6,0
BRDA:346,28,7,0
BRDA:346,28,8,0
BRDA:346,28,9,0
BRDA:346,28,10,0
BRDA:346,28,11,0
BRDA:346,28,12,0
BRDA:379,29,0,0
BRDA:379,29,1,0
BRDA:380,30,0,0
BRDA:380,30,1,0
BRDA:380,30,2,0
BRDA:380,30,3,0
BRDA:380,30,4,0
BRDA:380,30,5,0
BRDA:380,30,6,0
BRDA:380,30,7,0
BRDA:380,30,8,0
BRDA:380,30,9,0
BRDA:380,30,10,0
BRDA:380,30,11,0
BRDA:380,30,12,0
BRDA:380,30,13,0
BRDA:380,30,14,0
BRDA:380,30,15,0
BRDA:380,30,16,0
BRDA:380,30,17,0
BRDA:380,30,18,0
BRDA:380,30,19,0
BRDA:380,30,20,0
BRDA:380,30,21,0
BRDA:380,30,22,0
BRDA:380,30,23,0
BRDA:380,30,24,0
BRDA:380,30,25,0
BRDA:380,30,26,0
BRDA:380,30,27,0
BRDA:380,30,28,0
BRDA:380,30,29,0
BRDA:380,30,30,0
BRDA:380,30,31,0
BRDA:380,30,32,0
BRDA:380,30,33,0
BRDA:380,30,34,0
BRDA:380,30,35,0
BRDA:380,30,36,0
BRDA:380,30,37,0
BRDA:380,30,38,0
BRDA:380,30,39,0
BRDA:380,30,40,0
BRDA:380,30,41,0
BRDA:451,31,0,0
BRDA:451,31,1,0
BRDA:451,31,2,0
BRDA:451,31,3,0
BRDA:451,31,4,0
BRDA:451,31,5,0
BRDA:451,31,6,0
BRDA:451,31,7,0
BRDA:451,31,8,0
BRDA:451,31,9,0
BRDA:451,31,10,0
BRDA:451,31,11,0
BRDA:451,31,12,0
BRDA:451,31,13,0
BRDA:451,31,14,0
BRDA:451,31,15,0
BRDA:451,31,16,0
BRDA:451,31,17,0
BRDA:451,31,18,0
BRDA:451,31,19,0
BRDA:451,31,20,0
BRDA:451,31,21,0
BRDA:451,31,22,0
BRDA:451,31,23,0
BRDA:451,31,24,0
BRDA:451,31,25,0
BRDA:451,31,26,0
BRDA:451,31,27,0
BRDA:451,31,28,0
BRDA:451,31,29,0
BRDA:451,31,30,0
BRDA:451,31,31,0
BRDA:451,31,32,0
BRDA:451,31,33,0
BRDA:451,31,34,0
BRDA:451,31,35,0
BRDA:451,31,36,0
BRDA:451,31,37,0
BRDA:451,31,38,0
BRDA:451,31,39,0
BRDA:525,32,0,0
BRDA:525,32,1,0
BRDA:526,33,0,0
BRDA:526,33,1,0
BRDA:526,33,2,0
BRDA:526,33,3,0
BRDA:526,33,4,0
BRDA:526,33,5,0
BRDA:526,33,6,0
BRDA:526,33,7,0
BRDA:526,33,8,0
BRDA:526,33,9,0
BRDA:526,33,10,0
BRDA:526,33,11,0
BRDA:526,33,12,0
BRDA:526,33,13,0
BRDA:526,33,14,0
BRDA:526,33,15,0
BRDA:526,33,16,0
BRDA:526,33,17,0
BRDA:526,33,18,0
BRDA:526,33,19,0
BRDA:526,33,20,0
BRDA:526,33,21,0
BRDA:526,33,22,0
BRDA:526,33,23,0
BRDA:526,33,24,0
BRDA:526,33,25,0
BRDA:526,33,26,0
BRDA:526,33,27,0
BRDA:526,33,28,0
BRDA:526,33,29,0
BRDA:526,33,30,0
BRDA:526,33,31,0
BRDA:526,33,32,0
BRDA:526,33,33,0
BRDA:526,33,34,0
BRDA:526,33,35,0
BRDA:526,33,36,0
BRDA:526,33,37,0
BRDA:526,33,38,0
BRDA:526,33,39,0
BRDA:594,34,0,0
BRDA:594,34,1,0
BRDA:594,34,2,0
BRDA:594,34,3,0
BRDA:594,34,4,0
BRDA:594,34,5,0
BRDA:594,34,6,0
BRDA:594,34,7,0
BRDA:594,34,8,0
BRDA:594,34,9,0
BRDA:594,34,10,0
BRDA:594,34,11,0
BRDA:594,34,12,0
BRDA:594,34,13,0
BRDA:594,34,14,0
BRDA:594,34,15,0
BRDA:594,34,16,0
BRDA:594,34,17,0
BRDA:594,34,18,0
BRDA:594,34,19,0
BRDA:594,34,20,0
BRDA:594,34,21,0
BRDA:594,34,22,0
BRDA:594,34,23,0
BRDA:594,34,24,0
BRDA:594,34,25,0
BRDA:594,34,26,0
BRDA:594,34,27,0
BRDA:594,34,28,0
BRDA:594,34,29,0
BRDA:594,34,30,0
BRDA:594,34,31,0
BRDA:594,34,32,0
BRDA:594,34,33,0
BRDA:594,34,34,0
BRDA:594,34,35,0
BRDA:594,34,36,0
BRDA:594,34,37,0
BRDA:594,34,38,0
BRDA:594,34,39,0
BRDA:668,35,0,0
BRDA:668,35,1,0
BRDA:669,36,0,0
BRDA:669,36,1,0
BRDA:669,36,2,0
BRDA:669,36,3,0
BRDA:669,36,4,0
BRDA:669,36,5,0
BRDA:669,36,6,0
BRDA:669,36,7,0
BRDA:669,36,8,0
BRDA:669,36,9,0
BRDA:669,36,10,0
BRDA:669,36,11,0
BRDA:669,36,12,0
BRDA:669,36,13,0
BRDA:669,36,14,0
BRDA:669,36,15,0
BRDA:669,36,16,0
BRDA:669,36,17,0
BRDA:669,36,18,0
BRDA:669,36,19,0
BRDA:669,36,20,0
BRDA:669,36,21,0
BRDA:669,36,22,0
BRDA:669,36,23,0
BRDA:669,36,24,0
BRDA:669,36,25,0
BRDA:669,36,26,0
BRDA:719,37,0,0
BRDA:719,37,1,0
BRDA:719,37,2,0
BRDA:719,37,3,0
BRDA:719,37,4,0
BRDA:719,37,5,0
BRDA:719,37,6,0
BRDA:719,37,7,0
BRDA:719,37,8,0
BRDA:719,37,9,0
BRDA:719,37,10,0
BRDA:719,37,11,0
BRDA:719,37,12,0
BRDA:719,37,13,0
BRDA:719,37,14,0
BRDA:719,37,15,0
BRDA:719,37,16,0
BRDA:719,37,17,0
BRDA:719,37,18,0
BRDA:719,37,19,0
BRDA:719,37,20,0
BRDA:719,37,21,0
BRDA:719,37,22,0
BRDA:719,37,23,0
BRDA:719,37,24,0
BRDA:719,37,25,0
BRDA:719,37,26,0
BRDA:778,38,0,0
BRDA:778,38,1,0
BRDA:779,39,0,0
BRDA:779,39,1,0
BRDA:779,39,2,0
BRDA:779,39,3,0
BRDA:779,39,4,0
BRDA:779,39,5,0
BRDA:779,39,6,0
BRDA:779,39,7,0
BRDA:779,39,8,0
BRDA:779,39,9,0
BRDA:779,39,10,0
BRDA:779,39,11,0
BRDA:779,39,12,0
BRDA:779,39,13,0
BRDA:779,39,14,0
BRDA:779,39,15,0
BRDA:779,39,16,0
BRDA:779,39,17,0
BRDA:779,39,18,0
BRDA:779,39,19,0
BRDA:779,39,20,0
BRDA:779,39,21,0
BRDA:779,39,22,0
BRDA:779,39,23,0
BRDA:779,39,24,0
BRDA:779,39,25,0
BRDA:779,39,26,0
BRDA:779,39,27,0
BRDA:779,39,28,0
BRDA:779,39,29,0
BRDA:779,39,30,0
BRDA:779,39,31,0
BRDA:779,39,32,0
BRDA:779,39,33,0
BRDA:779,39,34,0
BRDA:779,39,35,0
BRDA:779,39,36,0
BRDA:779,39,37,0
BRDA:779,39,38,0
BRDA:779,39,39,0
BRDA:847,40,0,0
BRDA:847,40,1,0
BRDA:847,40,2,0
BRDA:847,40,3,0
BRDA:847,40,4,0
BRDA:847,40,5,0
BRDA:847,40,6,0
BRDA:847,40,7,0
BRDA:847,40,8,0
BRDA:847,40,9,0
BRDA:847,40,10,0
BRDA:847,40,11,0
BRDA:847,40,12,0
BRDA:847,40,13,0
BRDA:847,40,14,0
BRDA:847,40,15,0
BRDA:847,40,16,0
BRDA:847,40,17,0
BRDA:847,40,18,0
BRDA:847,40,19,0
BRDA:847,40,20,0
BRDA:847,40,21,0
BRDA:847,40,22,0
BRDA:847,40,23,0
BRDA:847,40,24,0
BRDA:847,40,25,0
BRDA:847,40,26,0
BRDA:847,40,27,0
BRDA:847,40,28,0
BRDA:847,40,29,0
BRDA:847,40,30,0
BRDA:847,40,31,0
BRDA:847,40,32,0
BRDA:847,40,33,0
BRDA:847,40,34,0
BRDA:847,40,35,0
BRDA:847,40,36,0
BRDA:847,40,37,0
BRDA:847,40,38,0
BRDA:847,40,39,0
BRDA:1063,41,0,0
BRDA:1063,41,1,0
BRF:505
BRH:0
end_of_record
TN:
SF:src\events\events.controller.ts
FN:26,(anonymous_4)
FN:30,(anonymous_5)
FN:37,(anonymous_6)
FN:59,(anonymous_7)
FN:65,(anonymous_8)
FN:71,(anonymous_9)
FN:77,(anonymous_10)
FN:83,(anonymous_11)
FN:89,(anonymous_12)
FNF:9
FNH:0
FNDA:0,(anonymous_4)
FNDA:0,(anonymous_5)
FNDA:0,(anonymous_6)
FNDA:0,(anonymous_7)
FNDA:0,(anonymous_8)
FNDA:0,(anonymous_9)
FNDA:0,(anonymous_10)
FNDA:0,(anonymous_11)
FNDA:0,(anonymous_12)
DA:1,0
DA:13,0
DA:14,0
DA:15,0
DA:16,0
DA:17,0
DA:18,0
DA:19,0
DA:23,0
DA:24,0
DA:26,0
DA:30,0
DA:31,0
DA:32,0
DA:37,0
DA:42,0
DA:43,0
DA:46,0
DA:47,0
DA:50,0
DA:51,0
DA:54,0
DA:59,0
DA:60,0
DA:65,0
DA:66,0
DA:71,0
DA:72,0
DA:77,0
DA:78,0
DA:83,0
DA:84,0
DA:89,0
DA:90,0
LF:34
LH:0
BRDA:42,0,0,0
BRDA:46,1,0,0
BRDA:50,2,0,0
BRF:3
BRH:0
end_of_record
TN:
SF:src\events\events.module.ts
FNF:0
FNH:0
DA:1,0
DA:2,0
DA:3,0
DA:4,0
DA:5,0
DA:13,0
LF:6
LH:0
BRF:0
BRH:0
end_of_record
TN:
SF:src\events\events.service.ts
FN:12,(anonymous_2)
FN:20,(anonymous_3)
FN:39,(anonymous_4)
FN:110,(anonymous_5)
FN:134,(anonymous_6)
FN:151,(anonymous_7)
FN:176,(anonymous_8)
FN:201,(anonymous_9)
FN:233,(anonymous_10)
FN:266,(anonymous_11)
FN:280,(anonymous_12)
FN:311,(anonymous_13)
FN:320,(anonymous_14)
FN:347,(anonymous_15)
FN:365,(anonymous_16)
FNF:15
FNH:0
FNDA:0,(anonymous_2)
FNDA:0,(anonymous_3)
FNDA:0,(anonymous_4)
FNDA:0,(anonymous_5)
FNDA:0,(anonymous_6)
FNDA:0,(anonymous_7)
FNDA:0,(anonymous_8)
FNDA:0,(anonymous_9)
FNDA:0,(anonymous_10)
FNDA:0,(anonymous_11)
FNDA:0,(anonymous_12)
FNDA:0,(anonymous_13)
FNDA:0,(anonymous_14)
FNDA:0,(anonymous_15)
FNDA:0,(anonymous_16)
DA:1,0
DA:3,0
DA:4,0
DA:9,0
DA:10,0
DA:13,0
DA:14,0
DA:22,0
DA:23,0
DA:24,0
DA:27,0
DA:30,0
DA:31,0
DA:36,0
DA:40,0
DA:45,0
DA:49,0
DA:50,0
DA:53,0
DA:56,0
DA:59,0
DA:65,0
DA:71,0
DA:72,0
DA:77,0
DA:86,0
DA:87,0
DA:100,0
DA:103,0
DA:105,0
DA:106,0
DA:111,0
DA:135,0
DA:153,0
DA:154,0
DA:155,0
DA:158,0
DA:178,0
DA:179,0
DA:180,0
DA:183,0
DA:202,0
DA:226,0
DA:227,0
DA:230,0
DA:234,0
DA:238,0
DA:239,0
DA:243,0
DA:244,0
DA:245,0
DA:250,0
DA:267,0
DA:271,0
DA:272,0
DA:275,0
DA:281,0
DA:301,0
DA:302,0
DA:305,0
DA:306,0
DA:308,0
DA:310,0
DA:312,0
DA:313,0
DA:314,0
DA:319,0
DA:321,0
DA:322,0
DA:323,0
DA:328,0
DA:348,0
DA:352,0
DA:353,0
DA:356,0
DA:366,0
DA:370,0
DA:371,0
DA:374,0
LF:79
LH:0
BRDA:23,0,0,0
BRDA:30,1,0,0
BRDA:49,2,0,0
BRDA:61,3,0,0
BRDA:61,3,1,0
BRDA:71,4,0,0
BRDA:80,5,0,0
BRDA:80,5,1,0
BRDA:154,6,0,0
BRDA:179,7,0,0
BRDA:226,8,0,0
BRDA:238,9,0,0
BRDA:244,10,0,0
BRDA:271,11,0,0
BRDA:301,12,0,0
BRDA:308,13,0,0
BRDA:308,13,1,0
BRDA:313,14,0,0
BRDA:313,14,1,0
BRDA:322,15,0,0
BRDA:322,15,1,0
BRDA:337,16,0,0
BRDA:337,16,1,0
BRDA:352,17,0,0
BRDA:370,18,0,0
BRF:25
BRH:0
end_of_record
TN:
SF:src\events\dto\create-event.dto.ts
FN:10,(anonymous_2)
FN:18,(anonymous_3)
FN:24,(anonymous_4)
FN:84,(anonymous_5)
FNF:4
FNH:0
FNDA:0,(anonymous_2)
FNDA:0,(anonymous_3)
FNDA:0,(anonymous_4)
FNDA:0,(anonymous_5)
DA:1,0
DA:10,0
DA:11,0
DA:12,0
DA:13,0
DA:14,0
DA:15,0
DA:18,0
DA:19,0
DA:20,0
DA:21,0
DA:24,0
DA:25,0
DA:26,0
DA:27,0
DA:28,0
DA:29,0
DA:30,0
DA:31,0
DA:32,0
DA:33,0
DA:34,0
DA:35,0
DA:36,0
DA:37,0
DA:38,0
DA:39,0
DA:40,0
DA:41,0
DA:42,0
DA:43,0
DA:44,0
DA:45,0
DA:46,0
DA:47,0
DA:48,0
DA:49,0
DA:50,0
DA:51,0
DA:52,0
DA:53,0
DA:54,0
DA:55,0
DA:56,0
DA:57,0
DA:58,0
DA:59,0
DA:60,0
DA:61,0
DA:62,0
DA:63,0
DA:64,0
DA:65,0
DA:66,0
DA:67,0
DA:68,0
DA:69,0
DA:70,0
DA:71,0
DA:72,0
DA:73,0
DA:74,0
DA:75,0
DA:76,0
DA:77,0
DA:78,0
DA:79,0
DA:80,0
DA:81,0
DA:84,0
DA:85,0
DA:86,0
DA:87,0
DA:88,0
DA:91,0
DA:93,0
DA:96,0
DA:99,0
DA:102,0
DA:105,0
DA:108,0
DA:112,0
DA:116,0
DA:120,0
DA:124,0
DA:132,0
LF:86
LH:0
BRDA:10,0,0,0
BRDA:10,0,1,0
BRDA:18,1,0,0
BRDA:18,1,1,0
BRDA:24,2,0,0
BRDA:24,2,1,0
BRDA:84,3,0,0
BRDA:84,3,1,0
BRF:8
BRH:0
end_of_record
TN:
SF:src\events\dto\update-event.dto.ts
FNF:0
FNH:0
DA:1,0
DA:2,0
DA:4,0
LF:3
LH:0
BRF:0
BRH:0
end_of_record
TN:
SF:src\finishlynx\finishlynx.controller.ts
FN:29,(anonymous_4)
FN:33,(anonymous_5)
FN:40,(anonymous_6)
FN:81,(anonymous_7)
FN:103,(anonymous_8)
FN:109,(anonymous_9)
FN:116,(anonymous_10)
FN:142,(anonymous_11)
FN:154,(anonymous_12)
FN:171,(anonymous_13)
FN:188,(anonymous_14)
FN:194,(anonymous_15)
FNF:12
FNH:0
FNDA:0,(anonymous_4)
FNDA:0,(anonymous_5)
FNDA:0,(anonymous_6)
FNDA:0,(anonymous_7)
FNDA:0,(anonymous_8)
FNDA:0,(anonymous_9)
FNDA:0,(anonymous_10)
FNDA:0,(anonymous_11)
FNDA:0,(anonymous_12)
FNDA:0,(anonymous_13)
FNDA:0,(anonymous_14)
FNDA:0,(anonymous_15)
DA:1,0
DA:13,0
DA:15,0
DA:16,0
DA:17,0
DA:18,0
DA:19,0
DA:20,0
DA:28,0
DA:29,0
DA:33,0
DA:34,0
DA:40,0
DA:44,0
DA:45,0
DA:48,0
DA:49,0
DA:53,0
DA:55,0
DA:56,0
DA:58,0
DA:59,0
DA:61,0
DA:62,0
DA:64,0
DA:69,0
DA:75,0
DA:81,0
DA:82,0
DA:83,0
DA:86,0
DA:87,0
DA:89,0
DA:90,0
DA:95,0
DA:103,0
DA:104,0
DA:109,0
DA:110,0
DA:116,0
DA:120,0
DA:121,0
DA:124,0
DA:125,0
DA:127,0
DA:128,0
DA:133,0
DA:142,0
DA:146,0
DA:154,0
DA:162,0
DA:171,0
DA:179,0
DA:188,0
DA:189,0
DA:194,0
DA:198,0
LF:57
LH:0
BRDA:44,0,0,0
BRDA:53,1,0,0
BRDA:53,1,1,0
BRDA:53,1,2,0
BRDA:53,1,3,0
BRDA:82,2,0,0
BRDA:89,3,0,0
BRDA:89,4,0,0
BRDA:89,4,1,0
BRDA:97,5,0,0
BRDA:97,5,1,0
BRDA:120,6,0,0
BRDA:127,7,0,0
BRDA:127,8,0,0
BRDA:127,8,1,0
BRDA:135,9,0,0
BRDA:135,9,1,0
BRF:17
BRH:0
end_of_record
TN:
SF:src\finishlynx\finishlynx.module.ts
FNF:0
FNH:0
DA:1,0
DA:2,0
DA:3,0
DA:4,0
DA:5,0
DA:6,0
DA:7,0
DA:15,0
LF:8
LH:0
BRF:0
BRH:0
end_of_record
TN:
SF:src\finishlynx\finishlynx.service.ts
FN:14,(anonymous_2)
FN:16,(anonymous_3)
FN:38,(anonymous_4)
FN:41,(anonymous_5)
FN:88,(anonymous_6)
FN:89,(anonymous_7)
FN:172,(anonymous_8)
FN:175,(anonymous_9)
FN:195,(anonymous_10)
FN:388,(anonymous_11)
FN:396,(anonymous_12)
FN:426,(anonymous_13)
FN:471,(anonymous_14)
FN:473,(anonymous_15)
FN:481,(anonymous_16)
FN:494,(anonymous_17)
FN:499,(anonymous_18)
FN:559,(anonymous_19)
FN:565,(anonymous_20)
FN:585,(anonymous_21)
FN:755,(anonymous_22)
FN:902,(anonymous_23)
FN:942,(anonymous_24)
FN:948,(anonymous_25)
FN:970,(anonymous_26)
FN:1017,(anonymous_27)
FN:1212,(anonymous_28)
FN:1215,(anonymous_29)
FN:1229,(anonymous_30)
FN:1326,(anonymous_31)
FN:1327,(anonymous_32)
FN:1328,(anonymous_33)
FN:1329,(anonymous_34)
FN:1330,(anonymous_35)
FN:1335,(anonymous_36)
FN:1402,(anonymous_37)
FN:1403,(anonymous_38)
FN:1408,(anonymous_39)
FN:1436,(anonymous_40)
FN:1438,(anonymous_41)
FN:1461,(anonymous_42)
FN:1486,(anonymous_43)
FN:1513,(anonymous_44)
FNF:43
FNH:0
FNDA:0,(anonymous_2)
FNDA:0,(anonymous_3)
FNDA:0,(anonymous_4)
FNDA:0,(anonymous_5)
FNDA:0,(anonymous_6)
FNDA:0,(anonymous_7)
FNDA:0,(anonymous_8)
FNDA:0,(anonymous_9)
FNDA:0,(anonymous_10)
FNDA:0,(anonymous_11)
FNDA:0,(anonymous_12)
FNDA:0,(anonymous_13)
FNDA:0,(anonymous_14)
FNDA:0,(anonymous_15)
FNDA:0,(anonymous_16)
FNDA:0,(anonymous_17)
FNDA:0,(anonymous_18)
FNDA:0,(anonymous_19)
FNDA:0,(anonymous_20)
FNDA:0,(anonymous_21)
FNDA:0,(anonymous_22)
FNDA:0,(anonymous_23)
FNDA:0,(anonymous_24)
FNDA:0,(anonymous_25)
FNDA:0,(anonymous_26)
FNDA:0,(anonymous_27)
FNDA:0,(anonymous_28)
FNDA:0,(anonymous_29)
FNDA:0,(anonymous_30)
FNDA:0,(anonymous_31)
FNDA:0,(anonymous_32)
FNDA:0,(anonymous_33)
FNDA:0,(anonymous_34)
FNDA:0,(anonymous_35)
FNDA:0,(anonymous_36)
FNDA:0,(anonymous_37)
FNDA:0,(anonymous_38)
FNDA:0,(anonymous_39)
FNDA:0,(anonymous_40)
FNDA:0,(anonymous_41)
FNDA:0,(anonymous_42)
FNDA:0,(anonymous_43)
FNDA:0,(anonymous_44)
DA:1,0
DA:2,0
DA:11,0
DA:12,0
DA:14,0
DA:17,0
DA:19,0
DA:20,0
DA:22,0
DA:24,0
DA:26,0
DA:28,0
DA:31,0
DA:32,0
DA:39,0
DA:41,0
DA:42,0
DA:43,0
DA:45,0
DA:47,0
DA:48,0
DA:50,0
DA:52,0
DA:59,0
DA:60,0
DA:62,0
DA:72,0
DA:77,0
DA:78,0
DA:79,0
DA:81,0
DA:85,0
DA:89,0
DA:90,0
DA:97,0
DA:99,0
DA:100,0
DA:103,0
DA:109,0
DA:116,0
DA:120,0
DA:128,0
DA:148,0
DA:155,0
DA:156,0
DA:157,0
DA:158,0
DA:159,0
DA:161,0
DA:165,0
DA:173,0
DA:175,0
DA:176,0
DA:178,0
DA:179,0
DA:181,0
DA:182,0
DA:188,0
DA:192,0
DA:196,0
DA:198,0
DA:199,0
DA:207,0
DA:209,0
DA:210,0
DA:212,0
DA:216,0
DA:217,0
DA:220,0
DA:224,0
DA:231,0
DA:232,0
DA:233,0
DA:234,0
DA:237,0
DA:240,0
DA:241,0
DA:245,0
DA:247,0
DA:254,0
DA:255,0
DA:268,0
DA:269,0
DA:274,0
DA:275,0
DA:285,0
DA:286,0
DA:287,0
DA:291,0
DA:292,0
DA:295,0
DA:299,0
DA:313,0
DA:314,0
DA:317,0
DA:320,0
DA:323,0
DA:345,0
DA:360,0
DA:369,0
DA:372,0
DA:373,0
DA:379,0
DA:390,0
DA:401,0
DA:423,0
DA:425,0
DA:427,0
DA:430,0
DA:434,0
DA:438,0
DA:445,0
DA:449,0
DA:456,0
DA:460,0
DA:461,0
DA:465,0
DA:466,0
DA:468,0
DA:469,0
DA:471,0
DA:472,0
DA:473,0
DA:477,0
DA:479,0
DA:481,0
DA:494,0
DA:496,0
DA:516,0
DA:519,0
DA:523,0
DA:527,0
DA:534,0
DA:538,0
DA:543,0
DA:547,0
DA:548,0
DA:552,0
DA:553,0
DA:556,0
DA:565,0
DA:566,0
DA:570,0
DA:571,0
DA:572,0
DA:574,0
DA:577,0
DA:598,0
DA:600,0
DA:601,0
DA:609,0
DA:611,0
DA:612,0
DA:614,0
DA:618,0
DA:619,0
DA:622,0
DA:625,0
DA:628,0
DA:629,0
DA:633,0
DA:634,0
DA:639,0
DA:640,0
DA:641,0
DA:642,0
DA:646,0
DA:647,0
DA:651,0
DA:652,0
DA:658,0
DA:659,0
DA:662,0
DA:666,0
DA:680,0
DA:681,0
DA:684,0
DA:687,0
DA:690,0
DA:712,0
DA:727,0
DA:736,0
DA:739,0
DA:740,0
DA:746,0
DA:768,0
DA:769,0
DA:776,0
DA:778,0
DA:779,0
DA:781,0
DA:785,0
DA:786,0
DA:789,0
DA:793,0
DA:795,0
DA:796,0
DA:800,0
DA:801,0
DA:805,0
DA:806,0
DA:811,0
DA:812,0
DA:815,0
DA:819,0
DA:833,0
DA:834,0
DA:837,0
DA:840,0
DA:843,0
DA:859,0
DA:874,0
DA:882,0
DA:885,0
DA:886,0
DA:892,0
DA:903,0
DA:905,0
DA:941,0
DA:942,0
DA:948,0
DA:960,0
DA:963,0
DA:964,0
DA:974,0
DA:976,0
DA:980,0
DA:981,0
DA:985,0
DA:988,0
DA:1003,0
DA:1010,0
DA:1011,0
DA:1023,0
DA:1030,0
DA:1033,0
DA:1034,0
DA:1035,0
DA:1036,0
DA:1037,0
DA:1038,0
DA:1039,0
DA:1040,0
DA:1041,0
DA:1042,0
DA:1043,0
DA:1044,0
DA:1045,0
DA:1046,0
DA:1047,0
DA:1048,0
DA:1051,0
DA:1052,0
DA:1053,0
DA:1054,0
DA:1055,0
DA:1056,0
DA:1057,0
DA:1058,0
DA:1059,0
DA:1060,0
DA:1061,0
DA:1062,0
DA:1063,0
DA:1064,0
DA:1067,0
DA:1072,0
DA:1074,0
DA:1075,0
DA:1076,0
DA:1077,0
DA:1078,0
DA:1079,0
DA:1080,0
DA:1081,0
DA:1082,0
DA:1083,0
DA:1087,0
DA:1088,0
DA:1089,0
DA:1090,0
DA:1091,0
DA:1092,0
DA:1093,0
DA:1094,0
DA:1098,0
DA:1099,0
DA:1100,0
DA:1101,0
DA:1102,0
DA:1103,0
DA:1104,0
DA:1105,0
DA:1106,0
DA:1107,0
DA:1108,0
DA:1109,0
DA:1110,0
DA:1111,0
DA:1112,0
DA:1113,0
DA:1117,0
DA:1118,0
DA:1119,0
DA:1120,0
DA:1121,0
DA:1122,0
DA:1123,0
DA:1124,0
DA:1125,0
DA:1126,0
DA:1130,0
DA:1136,0
DA:1137,0
DA:1138,0
DA:1139,0
DA:1140,0
DA:1141,0
DA:1142,0
DA:1143,0
DA:1144,0
DA:1145,0
DA:1146,0
DA:1147,0
DA:1148,0
DA:1152,0
DA:1157,0
DA:1158,0
DA:1159,0
DA:1160,0
DA:1161,0
DA:1162,0
DA:1163,0
DA:1164,0
DA:1165,0
DA:1166,0
DA:1167,0
DA:1168,0
DA:1172,0
DA:1173,0
DA:1174,0
DA:1175,0
DA:1176,0
DA:1177,0
DA:1179,0
DA:1180,0
DA:1184,0
DA:1185,0
DA:1186,0
DA:1187,0
DA:1188,0
DA:1189,0
DA:1190,0
DA:1191,0
DA:1192,0
DA:1193,0
DA:1196,0
DA:1197,0
DA:1198,0
DA:1202,0
DA:1203,0
DA:1204,0
DA:1205,0
DA:1206,0
DA:1207,0
DA:1209,0
DA:1213,0
DA:1215,0
DA:1217,0
DA:1219,0
DA:1221,0
DA:1223,0
DA:1225,0
DA:1236,0
DA:1248,0
DA:1250,0
DA:1251,0
DA:1254,0
DA:1259,0
DA:1266,0
DA:1270,0
DA:1277,0
DA:1282,0
DA:1311,0
DA:1312,0
DA:1313,0
DA:1319,0
DA:1326,0
DA:1327,0
DA:1328,0
DA:1329,0
DA:1330,0
DA:1341,0
DA:1353,0
DA:1359,0
DA:1361,0
DA:1362,0
DA:1364,0
DA:1365,0
DA:1371,0
DA:1372,0
DA:1373,0
DA:1378,0
DA:1395,0
DA:1402,0
DA:1403,0
DA:1413,0
DA:1415,0
DA:1416,0
DA:1418,0
DA:1419,0
DA:1427,0
DA:1437,0
DA:1438,0
DA:1440,0
DA:1441,0
DA:1444,0
DA:1446,0
DA:1448,0
DA:1450,0
DA:1452,0
DA:1456,0
DA:1457,0
DA:1462,0
DA:1463,0
DA:1465,0
DA:1466,0
DA:1468,0
DA:1470,0
DA:1471,0
DA:1472,0
DA:1473,0
DA:1477,0
DA:1487,0
DA:1489,0
DA:1490,0
DA:1492,0
DA:1494,0
DA:1501,0
DA:1505,0
DA:1514,0
DA:1516,0
DA:1517,0
DA:1519,0
DA:1521,0
DA:1522,0
DA:1526,0
LF:447
LH:0
BRDA:20,0,0,0
BRDA:20,0,1,0
BRDA:20,0,2,0
BRDA:20,0,3,0
BRDA:33,1,0,0
BRDA:33,1,1,0
BRDA:41,2,0,0
BRDA:41,2,1,0
BRDA:50,3,0,0
BRDA:50,3,1,0
BRDA:50,4,0,0
BRDA:50,4,1,0
BRDA:50,4,2,0
BRDA:57,5,0,0
BRDA:57,5,1,0
BRDA:60,6,0,0
BRDA:60,7,0,0
BRDA:60,7,1,0
BRDA:60,7,2,0
BRDA:103,8,0,0
BRDA:104,9,0,0
BRDA:104,9,1,0
BRDA:104,9,2,0
BRDA:104,9,3,0
BRDA:114,10,0,0
BRDA:114,10,1,0
BRDA:120,11,0,0
BRDA:121,12,0,0
BRDA:121,12,1,0
BRDA:121,12,2,0
BRDA:121,12,3,0
BRDA:121,12,4,0
BRDA:121,12,5,0
BRDA:131,13,0,0
BRDA:131,13,1,0
BRDA:131,14,0,0
BRDA:131,14,1,0
BRDA:131,14,2,0
BRDA:136,15,0,0
BRDA:136,15,1,0
BRDA:136,15,2,0
BRDA:138,16,0,0
BRDA:138,16,1,0
BRDA:139,17,0,0
BRDA:139,17,1,0
BRDA:140,18,0,0
BRDA:140,18,1,0
BRDA:142,19,0,0
BRDA:142,19,1,0
BRDA:142,20,0,0
BRDA:142,20,1,0
BRDA:142,20,2,0
BRDA:175,21,0,0
BRDA:175,21,1,0
BRDA:181,22,0,0
BRDA:216,23,0,0
BRDA:240,24,0,0
BRDA:240,25,0,0
BRDA:240,25,1,0
BRDA:245,26,0,0
BRDA:254,27,0,0
BRDA:254,28,0,0
BRDA:254,28,1,0
BRDA:254,28,2,0
BRDA:268,29,0,0
BRDA:274,30,0,0
BRDA:274,31,0,0
BRDA:274,31,1,0
BRDA:274,31,2,0
BRDA:286,32,0,0
BRDA:286,33,0,0
BRDA:286,33,1,0
BRDA:291,34,0,0
BRDA:293,35,0,0
BRDA:293,35,1,0
BRDA:313,36,0,0
BRDA:327,37,0,0
BRDA:327,37,1,0
BRDA:329,38,0,0
BRDA:329,38,1,0
BRDA:329,39,0,0
BRDA:329,39,1,0
BRDA:332,40,0,0
BRDA:332,40,1,0
BRDA:333,41,0,0
BRDA:333,41,1,0
BRDA:338,42,0,0
BRDA:338,42,1,0
BRDA:338,42,2,0
BRDA:341,43,0,0
BRDA:341,43,1,0
BRDA:341,44,0,0
BRDA:341,44,1,0
BRDA:341,45,0,0
BRDA:341,45,1,0
BRDA:363,46,0,0
BRDA:363,46,1,0
BRDA:364,47,0,0
BRDA:364,47,1,0
BRDA:365,48,0,0
BRDA:365,48,1,0
BRDA:372,49,0,0
BRDA:372,49,1,0
BRDA:430,50,0,0
BRDA:431,51,0,0
BRDA:431,51,1,0
BRDA:438,52,0,0
BRDA:439,53,0,0
BRDA:439,53,1,0
BRDA:439,53,2,0
BRDA:449,54,0,0
BRDA:450,55,0,0
BRDA:450,55,1,0
BRDA:450,55,2,0
BRDA:460,56,0,0
BRDA:460,57,0,0
BRDA:460,57,1,0
BRDA:473,58,0,0
BRDA:473,58,1,0
BRDA:477,59,0,0
BRDA:484,60,0,0
BRDA:484,60,1,0
BRDA:485,61,0,0
BRDA:485,61,1,0
BRDA:486,62,0,0
BRDA:486,62,1,0
BRDA:487,63,0,0
BRDA:487,63,1,0
BRDA:519,64,0,0
BRDA:520,65,0,0
BRDA:520,65,1,0
BRDA:527,66,0,0
BRDA:528,67,0,0
BRDA:528,67,1,0
BRDA:528,67,2,0
BRDA:538,68,0,0
BRDA:539,69,0,0
BRDA:539,69,1,0
BRDA:539,69,2,0
BRDA:547,70,0,0
BRDA:547,71,0,0
BRDA:547,71,1,0
BRDA:552,72,0,0
BRDA:571,73,0,0
[...]
DA:83,0
DA:86,0
DA:90,0
DA:93,0
DA:96,0
DA:100,0
DA:103,0
DA:107,0
DA:108,0
DA:112,0
DA:116,0
LF:49
LH:0
BRDA:12,0,0,0
BRDA:12,0,1,0
BRDA:21,1,0,0
BRDA:21,1,1,0
BRDA:30,2,0,0
BRDA:30,2,1,0
BRDA:36,3,0,0
BRDA:36,3,1,0
BRDA:79,4,0,0
BRDA:79,4,1,0
BRDA:107,5,0,0
BRDA:107,5,1,0
BRF:12
BRH:0
end_of_record
TN:
SF:src\records\dto\update-record.dto.ts
FN:9,(anonymous_2)
FNF:1
FNH:0
FNDA:0,(anonymous_2)
DA:1,0
DA:2,0
DA:3,0
DA:4,0
DA:6,0
DA:9,0
DA:10,0
LF:7
LH:0
BRDA:9,0,0,0
BRDA:9,0,1,0
BRF:2
BRH:0
end_of_record
TN:
SF:src\registrations\registrations.controller.ts
FN:24,(anonymous_4)
FN:28,(anonymous_5)
FN:36,(anonymous_6)
FN:65,(anonymous_7)
FN:71,(anonymous_8)
FN:77,(anonymous_9)
FN:90,(anonymous_10)
FN:95,(anonymous_11)
FN:103,(anonymous_12)
FN:108,(anonymous_13)
FN:113,(anonymous_14)
FN:118,(anonymous_15)
FN:129,(anonymous_16)
FNF:13
FNH:0
FNDA:0,(anonymous_4)
FNDA:0,(anonymous_5)
FNDA:0,(anonymous_6)
FNDA:0,(anonymous_7)
FNDA:0,(anonymous_8)
FNDA:0,(anonymous_9)
FNDA:0,(anonymous_10)
FNDA:0,(anonymous_11)
FNDA:0,(anonymous_12)
FNDA:0,(anonymous_13)
FNDA:0,(anonymous_14)
FNDA:0,(anonymous_15)
FNDA:0,(anonymous_16)
DA:1,0
DA:13,0
DA:14,0
DA:15,0
DA:16,0
DA:17,0
DA:18,0
DA:19,0
DA:23,0
DA:24,0
DA:28,0
DA:32,0
DA:36,0
DA:42,0
DA:43,0
DA:49,0
DA:50,0
DA:53,0
DA:54,0
DA:57,0
DA:58,0
DA:61,0
DA:65,0
DA:66,0
DA:71,0
DA:72,0
DA:77,0
DA:82,0
DA:90,0
DA:91,0
DA:95,0
DA:99,0
DA:103,0
DA:104,0
DA:108,0
DA:109,0
DA:113,0
DA:114,0
DA:118,0
DA:122,0
DA:129,0
DA:130,0
LF:42
LH:0
BRDA:42,0,0,0
BRDA:42,1,0,0
BRDA:42,1,1,0
BRDA:49,2,0,0
BRDA:53,3,0,0
BRDA:57,4,0,0
BRDA:80,5,0,0
BRDA:124,6,0,0
BRDA:124,6,1,0
BRF:9
BRH:0
end_of_record
TN:
SF:src\registrations\registrations.module.ts
FNF:0
FNH:0
DA:1,0
DA:2,0
DA:3,0
DA:4,0
DA:12,0
LF:5
LH:0
BRF:0
BRH:0
end_of_record
TN:
SF:src\registrations\registrations.service.ts
FN:15,(anonymous_2)
FN:17,(anonymous_3)
FN:111,(anonymous_4)
FN:129,(anonymous_5)
FN:159,(anonymous_6)
FN:176,(anonymous_7)
FN:206,(anonymous_8)
FN:236,(anonymous_9)
FN:257,(anonymous_10)
FN:298,(anonymous_11)
FN:315,(anonymous_12)
FN:333,(anonymous_13)
FN:359,(anonymous_14)
FN:381,(anonymous_15)
FN:407,(anonymous_16)
FN:421,(anonymous_17)
FN:441,(anonymous_18)
FN:447,(anonymous_19)
FN:469,(anonymous_20)
FN:502,(anonymous_21)
FN:503,(anonymous_22)
FN:533,(anonymous_23)
FN:577,(anonymous_24)
FN:592,(anonymous_25)
FN:612,(anonymous_26)
FN:619,(anonymous_27)
FN:631,(anonymous_28)
FN:700,(anonymous_29)
FN:724,(anonymous_30)
FNF:29
FNH:0
FNDA:0,(anonymous_2)
FNDA:0,(anonymous_3)
FNDA:0,(anonymous_4)
FNDA:0,(anonymous_5)
FNDA:0,(anonymous_6)
FNDA:0,(anonymous_7)
FNDA:0,(anonymous_8)
FNDA:0,(anonymous_9)
FNDA:0,(anonymous_10)
FNDA:0,(anonymous_11)
FNDA:0,(anonymous_12)
FNDA:0,(anonymous_13)
FNDA:0,(anonymous_14)
FNDA:0,(anonymous_15)
FNDA:0,(anonymous_16)
FNDA:0,(anonymous_17)
FNDA:0,(anonymous_18)
FNDA:0,(anonymous_19)
FNDA:0,(anonymous_20)
FNDA:0,(anonymous_21)
FNDA:0,(anonymous_22)
FNDA:0,(anonymous_23)
FNDA:0,(anonymous_24)
FNDA:0,(anonymous_25)
FNDA:0,(anonymous_26)
FNDA:0,(anonymous_27)
FNDA:0,(anonymous_28)
FNDA:0,(anonymous_29)
FNDA:0,(anonymous_30)
DA:1,0
DA:7,0
DA:12,0
DA:13,0
DA:15,0
DA:19,0
DA:22,0
DA:26,0
DA:27,0
DA:31,0
DA:34,0
DA:38,0
DA:39,0
DA:43,0
DA:44,0
DA:48,0
DA:51,0
DA:55,0
DA:56,0
DA:61,0
DA:70,0
DA:71,0
DA:77,0
DA:84,0
DA:85,0
DA:91,0
DA:92,0
DA:93,0
DA:97,0
DA:98,0
DA:104,0
DA:111,0
DA:130,0
DA:160,0
DA:177,0
DA:212,0
DA:217,0
DA:218,0
DA:222,0
DA:227,0
DA:228,0
DA:232,0
DA:235,0
DA:237,0
DA:238,0
DA:239,0
DA:241,0
DA:242,0
DA:243,0
DA:245,0
DA:257,0
DA:258,0
DA:259,0
DA:261,0
DA:263,0
DA:264,0
DA:265,0
DA:267,0
DA:268,0
DA:269,0
DA:271,0
DA:272,0
DA:273,0
DA:277,0
DA:278,0
DA:279,0
DA:282,0
DA:284,0
DA:286,0
DA:291,0
DA:295,0
DA:299,0
DA:316,0
DA:334,0
DA:352,0
DA:353,0
DA:356,0
DA:360,0
DA:362,0
DA:366,0
DA:367,0
DA:370,0
DA:373,0
DA:375,0
DA:380,0
DA:381,0
DA:389,0
DA:403,0
DA:404,0
DA:408,0
DA:412,0
DA:413,0
DA:416,0
DA:422,0
DA:442,0
DA:448,0
DA:470,0
DA:485,0
DA:486,0
DA:493,0
DA:501,0
DA:502,0
DA:503,0
DA:506,0
DA:507,0
DA:509,0
DA:510,0
DA:511,0
DA:517,0
DA:520,0
DA:522,0
DA:534,0
DA:537,0
DA:538,0
DA:542,0
DA:543,0
DA:549,0
DA:550,0
DA:553,0
DA:554,0
DA:558,0
DA:559,0
DA:560,0
DA:561,0
DA:567,0
DA:568,0
DA:578,0
DA:579,0
DA:580,0
DA:582,0
DA:586,0
DA:589,0
DA:593,0
DA:595,0
DA:597,0
DA:603,0
DA:609,0
DA:613,0
DA:614,0
DA:620,0
DA:621,0
DA:632,0
DA:635,0
DA:640,0
DA:641,0
DA:642,0
DA:647,0
DA:648,0
DA:649,0
DA:650,0
DA:655,0
DA:656,0
DA:657,0
DA:660,0
DA:661,0
DA:662,0
DA:663,0
DA:666,0
DA:667,0
DA:668,0
DA:669,0
DA:672,0
DA:673,0
DA:674,0
DA:675,0
DA:676,0
DA:677,0
DA:678,0
DA:679,0
DA:682,0
DA:683,0
DA:684,0
DA:685,0
DA:687,0
DA:688,0
DA:689,0
DA:690,0
DA:691,0
DA:692,0
DA:694,0
DA:701,0
DA:718,0
DA:725,0
DA:727,0
DA:728,0
DA:729,0
DA:730,0
DA:731,0
DA:732,0
DA:739,0
LF:190
LH:0
BRDA:26,0,0,0
BRDA:38,1,0,0
BRDA:44,2,0,0
BRDA:45,3,0,0
BRDA:45,3,1,0
BRDA:51,4,0,0
BRDA:52,5,0,0
BRDA:52,5,1,0
BRDA:55,6,0,0
BRDA:70,7,0,0
BRDA:84,8,0,0
BRDA:92,9,0,0
BRDA:97,10,0,0
BRDA:209,11,0,0
BRDA:217,12,0,0
BRDA:227,13,0,0
BRDA:238,14,0,0
BRDA:238,14,1,0
BRDA:239,15,0,0
BRDA:239,15,1,0
BRDA:261,16,0,0
BRDA:261,16,1,0
BRDA:261,16,2,0
BRDA:263,17,0,0
BRDA:263,17,1,0
BRDA:264,18,0,0
BRDA:264,18,1,0
BRDA:267,19,0,0
BRDA:267,19,1,0
BRDA:268,20,0,0
BRDA:268,20,1,0
BRDA:271,21,0,0
BRDA:271,21,1,0
BRDA:272,22,0,0
BRDA:272,22,1,0
BRDA:277,23,0,0
BRDA:277,24,0,0
BRDA:277,24,1,0
BRDA:278,25,0,0
BRDA:279,26,0,0
BRDA:284,27,0,0
BRDA:284,27,1,0
BRDA:352,28,0,0
BRDA:366,29,0,0
BRDA:373,30,0,0
BRDA:412,31,0,0
BRDA:469,32,0,0
BRDA:485,33,0,0
BRDA:502,34,0,0
BRDA:502,34,1,0
BRDA:506,35,0,0
BRDA:506,35,1,0
BRDA:537,36,0,0
BRDA:542,37,0,0
BRDA:542,38,0,0
BRDA:542,38,1,0
BRDA:549,39,0,0
BRDA:553,40,0,0
BRDA:558,41,0,0
BRDA:560,42,0,0
BRDA:567,43,0,0
BRDA:582,44,0,0
BRDA:583,45,0,0
BRDA:583,45,1,0
BRDA:583,45,2,0
BRDA:593,46,0,0
BRDA:593,46,1,0
BRDA:635,47,0,0
BRDA:636,48,0,0
BRDA:636,48,1,0
BRDA:636,48,2,0
BRDA:641,49,0,0
BRDA:641,50,0,0
BRDA:641,50,1,0
BRDA:642,51,0,0
BRDA:643,52,0,0
BRDA:643,52,1,0
BRDA:643,52,2,0
BRDA:648,53,0,0
BRDA:648,54,0,0
BRDA:648,54,1,0
BRDA:649,55,0,0
BRDA:649,56,0,0
BRDA:649,56,1,0
BRDA:650,57,0,0
BRDA:651,58,0,0
BRDA:651,58,1,0
BRDA:651,58,2,0
BRDA:656,59,0,0
BRDA:656,60,0,0
BRDA:656,60,1,0
BRDA:657,61,0,0
BRDA:657,62,0,0
BRDA:657,62,1,0
BRDA:660,63,0,0
BRDA:660,64,0,0
BRDA:660,64,1,0
BRDA:661,65,0,0
BRDA:661,66,0,0
BRDA:661,66,1,0
BRDA:662,67,0,0
BRDA:662,68,0,0
BRDA:662,68,1,0
BRDA:663,69,0,0
BRDA:663,70,0,0
BRDA:663,70,1,0
BRDA:666,71,0,0
BRDA:666,72,0,0
BRDA:666,72,1,0
BRDA:667,73,0,0
BRDA:667,74,0,0
BRDA:667,74,1,0
BRDA:668,75,0,0
BRDA:668,76,0,0
BRDA:668,76,1,0
BRDA:672,77,0,0
BRDA:672,78,0,0
BRDA:672,78,1,0
BRDA:674,79,0,0
BRDA:674,80,0,0
BRDA:674,80,1,0
BRDA:676,81,0,0
BRDA:676,82,0,0
BRDA:676,82,1,0
BRDA:678,83,0,0
BRDA:678,84,0,0
BRDA:678,84,1,0
BRDA:682,85,0,0
BRDA:682,86,0,0
BRDA:682,86,1,0
BRDA:683,87,0,0
BRDA:683,88,0,0
BRDA:683,88,1,0
BRDA:684,89,0,0
BRDA:684,90,0,0
BRDA:684,90,1,0
BRDA:687,91,0,0
BRDA:687,92,0,0
BRDA:687,92,1,0
BRDA:689,93,0,0
BRDA:689,94,0,0
BRDA:689,94,1,0
BRDA:691,95,0,0
BRDA:691,96,0,0
BRDA:691,96,1,0
BRDA:727,97,0,0
BRDA:727,97,1,0
BRDA:729,98,0,0
BRDA:729,98,1,0
BRDA:731,99,0,0
BRF:150
BRH:0
end_of_record
TN:
SF:src\registrations\dto\create-registration.dto.ts
FNF:0
FNH:0
DA:1,0
DA:3,0
DA:5,0
DA:8,0
DA:12,0
DA:16,0
DA:20,0
DA:24,0
DA:28,0
LF:9
LH:0
BRF:0
BRH:0
end_of_record
TN:
SF:src\registrations\dto\update-registration.dto.ts
FN:5,(anonymous_2)
FN:13,(anonymous_3)
FNF:2
FNH:0
FNDA:0,(anonymous_2)
FNDA:0,(anonymous_3)
DA:1,0
DA:2,0
DA:3,0
DA:5,0
DA:6,0
DA:7,0
DA:8,0
DA:9,0
DA:10,0
DA:13,0
DA:14,0
DA:15,0
DA:16,0
DA:17,0
DA:18,0
DA:21,0
DA:24,0
DA:28,0
DA:32,0
LF:19
LH:0
BRDA:5,0,0,0
BRDA:5,0,1,0
BRDA:13,1,0,0
BRDA:13,1,1,0
BRF:4
BRH:0
end_of_record
TN:
SF:src\relay-teams\relay-teams.controller.ts
FN:29,(anonymous_4)
FN:33,(anonymous_5)
FN:40,(anonymous_6)
FN:46,(anonymous_7)
FN:51,(anonymous_8)
FN:61,(anonymous_9)
FN:67,(anonymous_10)
FN:77,(anonymous_11)
FN:88,(anonymous_12)
FN:94,(anonymous_13)
FN:99,(anonymous_14)
FN:108,(anonymous_15)
FN:113,(anonymous_16)
FN:118,(anonymous_17)
FNF:14
FNH:0
FNDA:0,(anonymous_4)
FNDA:0,(anonymous_5)
FNDA:0,(anonymous_6)
FNDA:0,(anonymous_7)
FNDA:0,(anonymous_8)
FNDA:0,(anonymous_9)
FNDA:0,(anonymous_10)
FNDA:0,(anonymous_11)
FNDA:0,(anonymous_12)
FNDA:0,(anonymous_13)
FNDA:0,(anonymous_14)
FNDA:0,(anonymous_15)
FNDA:0,(anonymous_16)
FNDA:0,(anonymous_17)
DA:1,0
DA:13,0
DA:14,0
DA:21,0
DA:22,0
DA:23,0
DA:24,0
DA:28,0
DA:29,0
DA:33,0
DA:34,0
DA:35,0
DA:40,0
DA:41,0
DA:46,0
DA:47,0
DA:51,0
DA:56,0
DA:57,0
DA:61,0
DA:62,0
DA:63,0
DA:67,0
DA:72,0
DA:73,0
DA:77,0
DA:82,0
DA:83,0
DA:88,0
DA:89,0
DA:94,0
DA:95,0
DA:99,0
DA:103,0
DA:104,0
DA:108,0
DA:109,0
DA:113,0
DA:114,0
DA:118,0
DA:119,0
LF:41
LH:0
BRDA:34,0,0,0
BRDA:34,0,1,0
BRDA:56,1,0,0
BRDA:56,1,1,0
BRDA:62,2,0,0
BRDA:62,2,1,0
BRDA:72,3,0,0
BRDA:72,3,1,0
BRDA:82,4,0,0
BRDA:82,4,1,0
BRDA:103,5,0,0
BRDA:103,5,1,0
BRF:12
BRH:0
end_of_record
TN:
SF:src\relay-teams\relay-teams.module.ts
FNF:0
FNH:0
DA:1,0
DA:2,0
DA:3,0
DA:4,0
DA:12,0
LF:5
LH:0
BRF:0
BRH:0
end_of_record
TN:
SF:src\relay-teams\relay-teams.service.ts
FN:20,(anonymous_2)
FN:23,(anonymous_3)
FN:109,(anonymous_4)
FN:117,(anonymous_5)
FN:190,(anonymous_6)
FN:235,(anonymous_7)
FN:284,(anonymous_8)
FN:354,(anonymous_9)
FN:373,(anonymous_10)
FN:394,(anonymous_11)
FN:402,(anonymous_12)
FN:452,(anonymous_13)
FN:504,(anonymous_14)
FN:523,(anonymous_15)
FN:534,(anonymous_16)
FN:557,(anonymous_17)
FN:581,(anonymous_18)
FN:661,(anonymous_19)
FN:689,(anonymous_20)
FN:739,(anonymous_21)
FNF:20
FNH:0
FNDA:0,(anonymous_2)
FNDA:0,(anonymous_3)
FNDA:0,(anonymous_4)
FNDA:0,(anonymous_5)
FNDA:0,(anonymous_6)
FNDA:0,(anonymous_7)
FNDA:0,(anonymous_8)
FNDA:0,(anonymous_9)
FNDA:0,(anonymous_10)
FNDA:0,(anonymous_11)
FNDA:0,(anonymous_12)
FNDA:0,(anonymous_13)
FNDA:0,(anonymous_14)
FNDA:0,(anonymous_15)
FNDA:0,(anonymous_16)
FNDA:0,(anonymous_17)
FNDA:0,(anonymous_18)
FNDA:0,(anonymous_19)
FNDA:0,(anonymous_20)
FNDA:0,(anonymous_21)
DA:1,0
DA:7,0
DA:17,0
DA:18,0
DA:20,0
DA:24,0
DA:75,0
DA:76,0
DA:80,0
DA:88,0
DA:89,0
DA:94,0
DA:99,0
DA:100,0
DA:105,0
DA:113,0
DA:118,0
DA:121,0
DA:125,0
DA:126,0
DA:130,0
DA:137,0
DA:138,0
DA:143,0
DA:191,0
DA:236,0
DA:276,0
DA:277,0
DA:280,0
DA:290,0
DA:292,0
DA:295,0
DA:296,0
DA:304,0
DA:305,0
DA:311,0
DA:356,0
DA:358,0
DA:361,0
DA:362,0
DA:367,0
DA:379,0
DA:381,0
DA:384,0
DA:388,0
DA:389,0
DA:393,0
DA:394,0
DA:396,0
DA:397,0
DA:401,0
DA:402,0
DA:404,0
DA:405,0
DA:409,0
DA:410,0
DA:416,0
DA:417,0
DA:420,0
DA:421,0
DA:426,0
DA:454,0
DA:456,0
DA:464,0
DA:465,0
DA:468,0
DA:469,0
DA:472,0
DA:475,0
DA:481,0
DA:496,0
DA:497,0
DA:500,0
DA:505,0
DA:520,0
DA:523,0
DA:535,0
DA:542,0
DA:543,0
DA:550,0
DA:551,0
DA:554,0
DA:557,0
DA:563,0
DA:564,0
DA:573,0
DA:585,0
DA:588,0
DA:590,0
DA:593,0
DA:597,0
DA:598,0
DA:601,0
DA:602,0
DA:609,0
DA:616,0
DA:617,0
DA:623,0
DA:630,0
DA:631,0
DA:636,0
DA:662,0
DA:690,0
DA:693,0
DA:700,0
DA:701,0
DA:707,0
DA:714,0
DA:715,0
DA:718,0
DA:740,0
LF:111
LH:0
BRDA:75,0,0,0
BRDA:88,1,0,0
BRDA:94,2,0,0
BRDA:94,2,1,0
BRDA:94,2,2,0
BRDA:94,2,3,0
BRDA:99,3,0,0
BRDA:125,4,0,0
BRDA:137,5,0,0
BRDA:276,6,0,0
BRDA:295,7,0,0
BRDA:295,8,0,0
BRDA:295,8,1,0
BRDA:304,9,0,0
BRDA:361,10,0,0
BRDA:388,11,0,0
BRDA:396,12,0,0
BRDA:404,13,0,0
BRDA:409,14,0,0
BRDA:416,15,0,0
BRDA:416,16,0,0
BRDA:416,16,1,0
BRDA:420,17,0,0
BRDA:420,18,0,0
BRDA:420,18,1,0
BRDA:431,19,0,0
BRDA:431,19,1,0
BRDA:464,20,0,0
BRDA:468,21,0,0
BRDA:542,22,0,0
BRDA:597,23,0,0
BRDA:601,24,0,0
BRDA:616,25,0,0
BRDA:630,26,0,0
BRDA:700,27,0,0
BRDA:714,28,0,0
BRF:36
BRH:0
end_of_record
TN:
SF:src\relay-teams\dto\add-relay-team-member.dto.ts
FNF:0
FNH:0
DA:1,0
DA:11,0
DA:14,0
DA:19,0
DA:23,0
LF:5
LH:0
BRF:0
BRH:0
end_of_record
TN:
SF:src\relay-teams\dto\create-relay-team-registration.dto.ts
FNF:0
FNH:0
DA:1,0
DA:3,0
DA:6,0
DA:10,0
DA:17,0
LF:5
LH:0
BRF:0
BRH:0
end_of_record
TN:
SF:src\relay-teams\dto\create-relay-team-result.dto.ts
FNF:0
FNH:0
DA:1,0
DA:11,0
DA:14,0
DA:18,0
DA:25,0
DA:30,0
DA:35,0
DA:39,0
DA:43,0
DA:46,0
DA:50,0
DA:54,0
DA:58,0
DA:62,0
DA:66,0
DA:70,0
DA:74,0
LF:17
LH:0
BRF:0
BRH:0
end_of_record
TN:
SF:src\relay-teams\dto\create-relay-team.dto.ts
FNF:0
FNH:0
DA:1,0
DA:3,0
DA:7,0
DA:12,0
DA:16,0
LF:5
LH:0
BRF:0
BRH:0
end_of_record
TN:
SF:src\relay-teams\dto\index.ts
FNF:0
FNH:0
DA:1,0
DA:2,0
DA:3,0
DA:4,0
DA:5,0
LF:5
LH:0
BRF:0
BRH:0
end_of_record
TN:
SF:src\relay-teams\dto\update-relay-team.dto.ts
FNF:0
FNH:0
DA:1,0
DA:2,0
DA:4,0
LF:3
LH:0
BRF:0
BRH:0
end_of_record
TN:
SF:src\results\results.controller.ts
FN:23,(anonymous_4)
FN:27,(anonymous_5)
FN:33,(anonymous_6)
FN:65,(anonymous_7)
FN:71,(anonymous_8)
FN:80,(anonymous_9)
FN:86,(anonymous_10)
FN:92,(anonymous_11)
FN:98,(anonymous_12)
FNF:9
FNH:0
FNDA:0,(anonymous_4)
FNDA:0,(anonymous_5)
FNDA:0,(anonymous_6)
FNDA:0,(anonymous_7)
FNDA:0,(anonymous_8)
FNDA:0,(anonymous_9)
FNDA:0,(anonymous_10)
FNDA:0,(anonymous_11)
FNDA:0,(anonymous_12)
DA:1,0
DA:12,0
DA:13,0
DA:14,0
DA:15,0
DA:16,0
DA:17,0
DA:18,0
DA:22,0
DA:23,0
DA:27,0
DA:28,0
DA:33,0
DA:40,0
DA:41,0
DA:44,0
DA:45,0
DA:48,0
DA:49,0
DA:52,0
DA:53,0
DA:56,0
DA:57,0
DA:60,0
DA:65,0
DA:66,0
DA:71,0
DA:75,0
DA:80,0
DA:81,0
DA:86,0
DA:87,0
DA:92,0
DA:93,0
DA:98,0
DA:99,0
LF:36
LH:0
BRDA:40,0,0,0
BRDA:44,1,0,0
BRDA:44,2,0,0
BRDA:44,2,1,0
BRDA:48,3,0,0
BRDA:52,4,0,0
BRDA:56,5,0,0
BRF:7
BRH:0
end_of_record
TN:
SF:src\results\results.module.ts
FNF:0
FNH:0
DA:1,0
DA:2,0
DA:3,0
DA:4,0
DA:5,0
DA:6,0
DA:14,0
LF:7
LH:0
BRF:0
BRH:0
end_of_record
TN:
SF:src\results\results.service.ts
FN:17,(anonymous_2)
FN:23,(anonymous_3)
FN:144,(anonymous_4)
FN:167,(anonymous_5)
FN:178,(anonymous_6)
FN:201,(anonymous_7)
FN:216,(anonymous_8)
FN:242,(anonymous_9)
FN:268,(anonymous_10)
FN:289,(anonymous_11)
FN:319,(anonymous_12)
FN:333,(anonymous_13)
FN:358,(anonymous_14)
FN:380,(anonymous_15)
FN:381,(anonymous_16)
FN:382,(anonymous_17)
FN:383,(anonymous_18)
FN:384,(anonymous_19)
FN:385,(anonymous_20)
FN:386,(anonymous_21)
FN:397,(anonymous_22)
FN:428,(anonymous_23)
FN:499,(anonymous_24)
FN:559,(anonymous_25)
FN:589,(anonymous_26)
FN:605,(anonymous_27)
FN:629,(anonymous_28)
FNF:27
FNH:0
FNDA:0,(anonymous_2)
FNDA:0,(anonymous_3)
FNDA:0,(anonymous_4)
FNDA:0,(anonymous_5)
FNDA:0,(anonymous_6)
FNDA:0,(anonymous_7)
FNDA:0,(anonymous_8)
FNDA:0,(anonymous_9)
FNDA:0,(anonymous_10)
FNDA:0,(anonymous_11)
FNDA:0,(anonymous_12)
FNDA:0,(anonymous_13)
FNDA:0,(anonymous_14)
FNDA:0,(anonymous_15)
FNDA:0,(anonymous_16)
FNDA:0,(anonymous_17)
FNDA:0,(anonymous_18)
FNDA:0,(anonymous_19)
FNDA:0,(anonymous_20)
FNDA:0,(anonymous_21)
FNDA:0,(anonymous_22)
FNDA:0,(anonymous_23)
FNDA:0,(anonymous_24)
FNDA:0,(anonymous_25)
FNDA:0,(anonymous_26)
FNDA:0,(anonymous_27)
FNDA:0,(anonymous_28)
DA:1,0
DA:7,0
DA:8,0
DA:9,0
DA:14,0
DA:15,0
DA:18,0
DA:19,0
DA:20,0
DA:25,0
DA:29,0
DA:30,0
DA:34,0
DA:41,0
DA:42,0
DA:46,0
DA:50,0
DA:51,0
DA:55,0
DA:63,0
DA:64,0
DA:70,0
DA:71,0
DA:73,0
DA:80,0
DA:82,0
DA:86,0
DA:94,0
DA:95,0
DA:97,0
DA:103,0
DA:109,0
DA:145,0
DA:168,0
DA:179,0
DA:202,0
DA:217,0
DA:243,0
DA:269,0
DA:282,0
DA:283,0
DA:286,0
DA:290,0
DA:294,0
DA:295,0
DA:298,0
DA:320,0
DA:324,0
DA:325,0
DA:328,0
DA:334,0
DA:348,0
DA:349,0
DA:355,0
DA:359,0
DA:366,0
DA:367,0
DA:370,0
DA:378,0
DA:380,0
DA:381,0
DA:382,0
DA:383,0
DA:384,0
DA:385,0
DA:386,0
DA:390,0
DA:398,0
DA:430,0
DA:433,0
DA:438,0
DA:439,0
DA:440,0
DA:445,0
DA:446,0
DA:447,0
DA:448,0
DA:453,0
DA:454,0
DA:455,0
DA:458,0
DA:459,0
DA:460,0
DA:461,0
DA:464,0
DA:465,0
DA:466,0
DA:467,0
DA:470,0
DA:471,0
DA:472,0
DA:473,0
DA:474,0
DA:475,0
DA:476,0
DA:477,0
DA:480,0
DA:481,0
DA:482,0
DA:483,0
DA:485,0
DA:486,0
DA:487,0
DA:488,0
DA:489,0
DA:490,0
DA:493,0
DA:504,0
DA:506,0
DA:511,0
DA:516,0
DA:517,0
DA:521,0
DA:522,0
DA:523,0
DA:527,0
DA:535,0
DA:541,0
DA:545,0
DA:549,0
DA:551,0
DA:552,0
DA:563,0
DA:565,0
DA:567,0
DA:568,0
DA:569,0
DA:571,0
DA:575,0
DA:577,0
DA:580,0
DA:582,0
DA:595,0
DA:596,0
DA:599,0
DA:611,0
DA:612,0
DA:620,0
DA:622,0
DA:634,0
DA:635,0
DA:643,0
DA:645,0
LF:143
LH:0
BRDA:29,0,0,0
BRDA:41,1,0,0
BRDA:50,2,0,0
BRDA:63,3,0,0
BRDA:70,4,0,0
BRDA:70,4,1,0
BRDA:71,5,0,0
BRDA:71,5,1,0
BRDA:73,6,0,0
BRDA:74,7,0,0
BRDA:74,7,1,0
BRDA:74,7,2,0
BRDA:74,7,3,0
BRDA:74,7,4,0
BRDA:90,8,0,0
BRDA:90,8,1,0
BRDA:91,9,0,0
BRDA:91,9,1,0
BRDA:112,10,0,0
BRDA:112,10,1,0
BRDA:113,11,0,0
BRDA:113,11,1,0
BRDA:114,12,0,0
BRDA:114,12,1,0
BRDA:115,13,0,0
BRDA:115,13,1,0
BRDA:119,14,0,0
BRDA:119,14,1,0
BRDA:119,14,2,0
BRDA:123,15,0,0
BRDA:123,15,1,0
BRDA:123,15,2,0
BRDA:282,16,0,0
BRDA:294,17,0,0
BRDA:324,18,0,0
BRDA:366,19,0,0
BRDA:380,20,0,0
BRDA:380,20,1,0
BRDA:380,20,2,0
BRDA:386,21,0,0
BRDA:386,21,1,0
BRDA:433,22,0,0
BRDA:434,23,0,0
BRDA:434,23,1,0
BRDA:434,23,2,0
BRDA:439,24,0,0
BRDA:439,25,0,0
BRDA:439,25,1,0
BRDA:440,26,0,0
BRDA:441,27,0,0
BRDA:441,27,1,0
BRDA:441,27,2,0
BRDA:446,28,0,0
BRDA:446,29,0,0
BRDA:446,29,1,0
BRDA:447,30,0,0
BRDA:447,31,0,0
BRDA:447,31,1,0
BRDA:448,32,0,0
BRDA:449,33,0,0
BRDA:449,33,1,0
BRDA:449,33,2,0
BRDA:454,34,0,0
BRDA:454,35,0,0
BRDA:454,35,1,0
BRDA:455,36,0,0
BRDA:455,37,0,0
BRDA:455,37,1,0
BRDA:458,38,0,0
BRDA:458,39,0,0
BRDA:458,39,1,0
BRDA:459,40,0,0
BRDA:459,41,0,0
BRDA:459,41,1,0
BRDA:460,42,0,0
BRDA:460,43,0,0
BRDA:460,43,1,0
BRDA:461,44,0,0
BRDA:461,45,0,0
BRDA:461,45,1,0
BRDA:464,46,0,0
BRDA:464,47,0,0
BRDA:464,47,1,0
BRDA:465,48,0,0
BRDA:465,49,0,0
BRDA:465,49,1,0
BRDA:466,50,0,0
BRDA:466,51,0,0
BRDA:466,51,1,0
BRDA:470,52,0,0
BRDA:470,53,0,0
BRDA:470,53,1,0
BRDA:472,54,0,0
BRDA:472,55,0,0
BRDA:472,55,1,0
BRDA:474,56,0,0
BRDA:474,57,0,0
BRDA:474,57,1,0
BRDA:476,58,0,0
BRDA:476,59,0,0
BRDA:476,59,1,0
BRDA:480,60,0,0
BRDA:480,61,0,0
BRDA:480,61,1,0
BRDA:481,62,0,0
BRDA:481,63,0,0
BRDA:481,63,1,0
BRDA:482,64,0,0
BRDA:482,65,0,0
BRDA:482,65,1,0
BRDA:485,66,0,0
BRDA:485,67,0,0
BRDA:485,67,1,0
BRDA:487,68,0,0
BRDA:487,69,0,0
BRDA:487,69,1,0
BRDA:489,70,0,0
BRDA:489,71,0,0
BRDA:489,71,1,0
BRDA:516,72,0,0
BRDA:516,73,0,0
BRDA:516,73,1,0
BRDA:522,74,0,0
BRDA:529,75,0,0
BRDA:529,75,1,0
BRDA:541,76,0,0
BRDA:541,76,1,0
BRDA:545,77,0,0
BRDA:545,77,1,0
BRDA:565,78,0,0
BRDA:565,79,0,0
BRDA:565,79,1,0
BRDA:567,80,0,0
BRDA:575,81,0,0
BRDA:595,82,0,0
BRDA:595,83,0,0
BRDA:595,83,1,0
BRDA:620,84,0,0
BRDA:620,84,1,0
BRDA:643,85,0,0
BRDA:643,85,1,0
BRF:141
BRH:0
end_of_record
TN:
SF:src\results\dto\create-result.dto.ts
FNF:0
FNH:0
DA:1,0
DA:9,0
DA:11,0
DA:14,0
DA:17,0
DA:20,0
DA:24,0
DA:28,0
DA:32,0
DA:36,0
DA:40,0
DA:44,0
DA:48,0
DA:52,0
DA:56,0
DA:60,0
DA:64,0
DA:68,0
DA:72,0
LF:19
LH:0
BRF:0
BRH:0
end_of_record
TN:
SF:src\results\dto\update-result.dto.ts
FNF:0
FNH:0
DA:1,0
DA:2,0
DA:4,0
LF:3
LH:0
BRF:0
BRH:0
end_of_record
TN:
SF:src\users\users.controller.ts
FN:21,(anonymous_4)
FN:25,(anonymous_5)
FN:31,(anonymous_6)
FN:37,(anonymous_7)
FN:43,(anonymous_8)
FN:49,(anonymous_9)
FNF:6
FNH:0
FNDA:0,(anonymous_4)
FNDA:0,(anonymous_5)
FNDA:0,(anonymous_6)
FNDA:0,(anonymous_7)
FNDA:0,(anonymous_8)
FNDA:0,(anonymous_9)
DA:1,0
DA:11,0
DA:12,0
DA:13,0
DA:14,0
DA:15,0
DA:16,0
DA:20,0
DA:21,0
DA:25,0
DA:26,0
DA:31,0
DA:32,0
DA:37,0
DA:38,0
DA:43,0
DA:44,0
DA:49,0
DA:50,0
LF:19
LH:0
BRF:0
BRH:0
end_of_record
TN:
SF:src\users\users.module.ts
FNF:0
FNH:0
DA:1,0
DA:2,0
DA:3,0
DA:4,0
DA:12,0
LF:5
LH:0
BRF:0
BRH:0
end_of_record
TN:
SF:src\users\users.service.ts
FN:9,(anonymous_2)
FN:11,(anonymous_3)
FN:34,(anonymous_4)
FN:54,(anonymous_5)
FN:87,(anonymous_6)
FN:114,(anonymous_7)
FNF:6
FNH:0
FNDA:0,(anonymous_2)
FNDA:0,(anonymous_3)
FNDA:0,(anonymous_4)
FNDA:0,(anonymous_5)
FNDA:0,(anonymous_6)
FNDA:0,(anonymous_7)
DA:1,0
DA:2,0
DA:5,0
DA:8,0
DA:9,0
DA:12,0
DA:14,0
DA:35,0
DA:55,0
DA:88,0
DA:92,0
DA:93,0
DA:96,0
DA:115,0
LF:14
LH:0
BRDA:92,0,0,0
BRF:1
BRH:0
end_of_record
TN:
SF:src\users\dto\create-user.dto.ts
FN:10,(anonymous_2)
FNF:1
FNH:0
FNDA:0,(anonymous_2)
DA:1,0
DA:10,0
DA:11,0
DA:12,0
DA:13,0
DA:14,0
DA:15,0
DA:18,0
DA:20,0
DA:23,0
DA:26,0
DA:30,0
DA:33,0
DA:37,0
DA:41,0
LF:15
LH:0
BRDA:10,0,0,0
BRDA:10,0,1,0
BRF:2
BRH:0
end_of_record
TN:
SF:src\users\dto\update-user.dto.ts
FNF:0
FNH:0
DA:1,0
DA:2,0
DA:4,0
LF:3
LH:0
BRF:0
BRH:0
end_of_record
